<?xml version="1.0" encoding="UTF-8"?>
<!-- Generated by org.testng.reporters.JUnitXMLReporter -->
<testsuite hostname="DESKTOP-5TRQ2HB" name="Test" tests="2" failures="2" timestamp="1 Jun 2019 16:58:36 GMT" time="0.028" errors="0">
  <testcase name="expedia" time="0.012" classname="tests.VerifyallFooterlinksDisplayedasRequirements">
    <failure type="java.lang.NullPointerException">
      <![CDATA[java.lang.NullPointerException
	at utils.WebDriverFunctions.linkTextsVis(WebDriverFunctions.java:103)
	at tests.VerifyallFooterlinksDisplayedasRequirements.expedia(VerifyallFooterlinksDisplayedasRequirements.java:16)
... Removed 24 stack frames]]>
    </failure>
  </testcase> <!-- expedia -->
  <testcase name="expediaLinksFooterLinktexts" time="0.001" classname="tests.VerifyallFooterlinksDisplayedasRequirements">
    <failure type="java.lang.NullPointerException">
      <![CDATA[java.lang.NullPointerException
	at utils.WebDriverFunctions.linkTextsVis(WebDriverFunctions.java:103)
	at tests.VerifyallFooterlinksDisplayedasRequirements.expediaLinksFooterLinktexts(VerifyallFooterlinksDisplayedasRequirements.java:55)
... Removed 24 stack frames]]>
    </failure>
  </testcase> <!-- expediaLinksFooterLinktexts -->
</testsuite> <!-- Test -->
