<?xml version="1.0" encoding="UTF-8"?>
<!-- Generated by org.testng.reporters.JUnitXMLReporter -->
<testsuite hostname="DESKTOP-5TRQ2HB" name="Test in Chrome" tests="4" failures="0" timestamp="23 May 2019 05:08:41 GMT" time="12.0" errors="0">
  <testcase name="accountHeader" time="0.189" classname="tests.CreateAnAccount"/>
  <testcase name="creatAnAccountFromDropDown" time="0.167" classname="tests.CreateAnAccount"/>
  <testcase name="info" time="2.755" classname="tests.CreateAnAccount"/>
  <testcase name="cAccSubmitButton" time="0.14" classname="tests.CreateAnAccount"/>
</testsuite> <!-- Test in Chrome -->
