<?xml version="1.0" encoding="UTF-8"?>
<!-- Generated by org.testng.reporters.JUnitXMLReporter -->
<testsuite hostname="DESKTOP-5TRQ2HB" name="Test in Firefox" tests="4" failures="0" timestamp="22 May 2019 01:34:40 GMT" time="13.67" errors="0">
  <testcase name="accountHeader" time="0.176" classname="tests.CreateAnAccount"/>
  <testcase name="creatAnAccountFromDropDown" time="0.142" classname="tests.CreateAnAccount"/>
  <testcase name="info" time="3.211" classname="tests.CreateAnAccount"/>
  <testcase name="cAccSubmitButton" time="0.12" classname="tests.CreateAnAccount"/>
</testsuite> <!-- Test in Firefox -->
