<?xml version="1.0" encoding="UTF-8"?>
<!-- Generated by org.testng.reporters.JUnitXMLReporter -->
<testsuite hostname="DESKTOP-5TRQ2HB" name="Test in Chrome" tests="4" failures="0" timestamp="22 May 2019 01:34:54 GMT" time="13.902" errors="0">
  <testcase name="accountHeader" time="0.162" classname="tests.CreateAnAccount"/>
  <testcase name="creatAnAccountFromDropDown" time="0.147" classname="tests.CreateAnAccount"/>
  <testcase name="info" time="3.349" classname="tests.CreateAnAccount"/>
  <testcase name="cAccSubmitButton" time="0.117" classname="tests.CreateAnAccount"/>
</testsuite> <!-- Test in Chrome -->
