<html xmlns:math="http://exslt.org/math" xmlns:testng="http://testng.org">
   <head>
      <title>TestNG Results</title>
      <meta http-equiv="content-type" content="text/html; charset=utf-8"></meta>
      <meta http-equiv="pragma" content="no-cache"></meta>
      <meta http-equiv="cache-control" content="max-age=0"></meta>
      <meta http-equiv="cache-control" content="no-cache"></meta>
      <meta http-equiv="cache-control" content="no-store"></meta>
      <LINK rel="stylesheet" href="style.css"></LINK>
      <script type="text/javascript" src="main.js"></script>
   </head>
   <body>
      <table width="100%" style="font-size: 16px; margin-bottom: 10px;" cellspacing="1">
         <tr>
            <td width="100%">
               Test case
               
               <b>Test in Chrome</b>
            </td>
            <td style="background-color: #FFBBBB; padding: 3px 3px 3px 0;" align="center">
               <div style="width: 50px;">3</div>
            </td>
            <td style="background-color: lightgreen; padding: 3px 3px 3px 0;" align="center">
               <div style="width: 50px;">15</div>
            </td>
            <td style="background-color: #FFFFBB; padding: 3px 3px 3px 0;" align="center">
               <div style="width: 50px;">1</div>
            </td>
            <td align="center" style="background-color: #eaf0f7; padding: 3px 3px 3px 0;">
               <div style="width: 50px;">19</div>
            </td>
            <td align="center"
                style="font-weight: bold; background-color: #eaf0f7; padding: 3px 3px 3px 0;">
               <div style="width: 50px;">79%</div>
            </td>
            <td style="background-color: #eaf0f7; padding: 3px 3px 3px 0;" align="center"
                nowrap="true">14m
               18s
               
            </td>
         </tr>
      </table>
      <div style="width: 200px;">
         <label for="groupMethodsCheckBox" style="font-weight: bold; margin: 0;">
            <input id="groupMethodsCheckBox" type="checkbox" onclick="switchTestMethodsView(this)"></input>
            Group by class
            
         </label>
         <br></br>
         <label for="methodsFilter_ALL" style="font-weight: bold; margin: 0;">
            <input id="methodsFilter_ALL" type="checkbox"
                   onclick="testMethodsFilterChanged(this, 'ALL')"></input>
            All
            
         </label>
      </div>
      <label for="methodsFilter_FAIL" style="margin-left: 20px;">
         <input id="methodsFilter_FAIL" type="checkbox"
                onclick="testMethodsFilterChanged(this, 'FAIL')"
                checked=""></input>
         Failed
         
      </label>
      <label for="methodsFilter_PASS">
         <input id="methodsFilter_PASS" type="checkbox"
                onclick="testMethodsFilterChanged(this, 'PASS')"
                checked=""></input>
         Passed
         
      </label>
      <label for="methodsFilter_SKIP">
         <input id="methodsFilter_SKIP" type="checkbox"
                onclick="testMethodsFilterChanged(this, 'SKIP')"
                checked=""></input>
         Skipped
         
      </label>
      <label for="methodsFilter_CONF">
         <input id="methodsFilter_CONF" type="checkbox"
                onclick="testMethodsFilterChanged(this, 'CONF')"></input>
         Config
         
      </label>
      <br></br>
      <div id="testMethodsByStatus">
         <table class="testMethodsTable" cellpadding="0" cellspacing="0">
            <tr class="methodsTableHeader">
               <td width="100%">Name</td>
               <td nowrap="true">Started</td>
               <td nowrap="true">Duration</td>
               <td>Exception</td>
            </tr>
            <tr id="tests.ReadFromXl_testReadFromXl_byStatus_failed_FAIL1_row"
                class="testMethodStatusFAIL">
               <td width="100%" class="firstMethodCell">
                  <a onclick="toggleDetailsVisibility('tests.ReadFromXl_testReadFromXl_byStatus_failed_FAIL1_details')">testReadFromXl()</a>
               </td>
               <td nowrap="true">17:45:03</td>
               <td nowrap="true" align="right">5m
                  
               </td>
               <td nowrap="true">
                  <a onclick="toggleDetailsVisibility('tests.ReadFromXl_testReadFromXl_byStatus_failed_FAIL1_exception')">org.openqa.selenium.TimeoutException: 
                     Timeout loading page after 300000ms
                     Build info: version: '3.8.1', revision: '6e95a6684b', time: '2017-12-01T19:05:14.666Z'
                     System info: host: 'DESKTOP-5TRQ2HB', ip: '192.168.1.135', os.name: 'Windows 10', os.arch: 'amd64', os.version: '10.0', java.version:
                     '1.8.0_191'
                     Driver info: org.openqa.selenium.firefox.FirefoxDriver
                     Capabilities {acceptInsecureCerts: true, browserName: firefox, browserVersion: 66.0.5, javascriptEnabled: true, moz:accessibilityChecks:
                     false, moz:geckodriverVersion: 0.24.0, moz:headless: false, moz:processID: 15268, moz:profile: C:\Users\mdjal\AppData\Loca...,
                     moz:shutdownTimeout: 60000, moz:useNonSpecCompliantPointerOrigin: false, moz:webdriverClick: true, pageLoadStrategy: normal,
                     platform: WINDOWS, platformName: WINDOWS, platformVersion: 10.0, rotatable: false, setWindowRect: true, strictFileInteractability:
                     false, timeouts: {implicit: 0, pageLoad: 300000, script: 30000}, unhandledPromptBehavior: dismiss and notify}
                     Session ID: eadd8d54-41e7-40a7-9a0b-b24ca6c6071c
                     
                  </a>
                   
                  
               </td>
            </tr>
            <tr>
               <td colspan="4" class="detailsBox">
                  <div id="tests.ReadFromXl_testReadFromXl_byStatus_failed_FAIL1_details"
                       class="testMethodDetails">
                     <div>
                        <b>Name: </b>testReadFromXl
                     </div>
                     <div>
                        <b>Signature: </b>testReadFromXl()[pri:0, instance:tests.ReadFromXl@3901d134]
                     </div>
                     <div>
                        <b>Start time: </b>17:45:03
                     </div>
                     <div>
                        <b>End time: </b>17:50:04
                     </div>
                     <div>
                        <b>Duration: </b>5m
                        
                     </div>
                  </div>
               </td>
            </tr>
            <tr>
               <td colspan="4" class="detailsBox">
                  <div id="tests.ReadFromXl_testReadFromXl_byStatus_failed_FAIL1_exception"
                       class="testMethodDetails">
                     <pre style="padding: 5px; margin: 0;">org.openqa.selenium.TimeoutException: Timeout loading page after 300000ms
                        Build info: version: '3.8.1', revision: '6e95a6684b', time: '2017-12-01T19:05:14.666Z'
                        System info: host: 'DESKTOP-5TRQ2HB', ip: '192.168.1.135', os.name: 'Windows 10', os.arch: 'amd64', os.version: '10.0', java.version:
                        '1.8.0_191'
                        Driver info: org.openqa.selenium.firefox.FirefoxDriver
                        Capabilities {acceptInsecureCerts: true, browserName: firefox, browserVersion: 66.0.5, javascriptEnabled: true, moz:accessibilityChecks:
                        false, moz:geckodriverVersion: 0.24.0, moz:headless: false, moz:processID: 15268, moz:profile: C:\Users\mdjal\AppData\Loca...,
                        moz:shutdownTimeout: 60000, moz:useNonSpecCompliantPointerOrigin: false, moz:webdriverClick: true, pageLoadStrategy: normal,
                        platform: WINDOWS, platformName: WINDOWS, platformVersion: 10.0, rotatable: false, setWindowRect: true, strictFileInteractability:
                        false, timeouts: {implicit: 0, pageLoad: 300000, script: 30000}, unhandledPromptBehavior: dismiss and notify}
                        Session ID: eadd8d54-41e7-40a7-9a0b-b24ca6c6071c
                        	at sun.reflect.NativeConstructorAccessorImpl.newInstance0(Native Method)
                        	at sun.reflect.NativeConstructorAccessorImpl.newInstance(Unknown Source)
                        	at sun.reflect.DelegatingConstructorAccessorImpl.newInstance(Unknown Source)
                        	at java.lang.reflect.Constructor.newInstance(Unknown Source)
                        	at org.openqa.selenium.remote.http.W3CHttpResponseCodec.createException(W3CHttpResponseCodec.java:187)
                        	at org.openqa.selenium.remote.http.W3CHttpResponseCodec.decode(W3CHttpResponseCodec.java:122)
                        	at org.openqa.selenium.remote.http.W3CHttpResponseCodec.decode(W3CHttpResponseCodec.java:49)
                        	at org.openqa.selenium.remote.HttpCommandExecutor.execute(HttpCommandExecutor.java:164)
                        	at org.openqa.selenium.remote.service.DriverCommandExecutor.execute(DriverCommandExecutor.java:83)
                        	at org.openqa.selenium.remote.RemoteWebDriver.execute(RemoteWebDriver.java:601)
                        	at org.openqa.selenium.remote.RemoteWebElement.execute(RemoteWebElement.java:279)
                        	at org.openqa.selenium.remote.RemoteWebElement.click(RemoteWebElement.java:83)
                        	at utils.WebDriverFunctions.clickById(WebDriverFunctions.java:70)
                        	at tests.ReadFromXl.testReadFromXl(ReadFromXl.java:23)
                        	at sun.reflect.NativeMethodAccessorImpl.invoke0(Native Method)
                        	at sun.reflect.NativeMethodAccessorImpl.invoke(Unknown Source)
                        	at sun.reflect.DelegatingMethodAccessorImpl.invoke(Unknown Source)
                        	at java.lang.reflect.Method.invoke(Unknown Source)
                        	at org.testng.internal.MethodInvocationHelper.invokeMethod(MethodInvocationHelper.java:85)
                        	at org.testng.internal.Invoker.invokeMethod(Invoker.java:639)
                        	at org.testng.internal.Invoker.invokeTestMethod(Invoker.java:816)
                        	at org.testng.internal.Invoker.invokeTestMethods(Invoker.java:1124)
                        	at org.testng.internal.TestMethodWorker.invokeTestMethods(TestMethodWorker.java:125)
                        	at org.testng.internal.TestMethodWorker.run(TestMethodWorker.java:108)
                        	at org.testng.TestRunner.privateRun(TestRunner.java:774)
                        	at org.testng.TestRunner.run(TestRunner.java:624)
                        	at org.testng.SuiteRunner.runTest(SuiteRunner.java:359)
                        	at org.testng.SuiteRunner.runSequentially(SuiteRunner.java:354)
                        	at org.testng.SuiteRunner.privateRun(SuiteRunner.java:312)
                        	at org.testng.SuiteRunner.run(SuiteRunner.java:261)
                        	at org.testng.SuiteRunnerWorker.runSuite(SuiteRunnerWorker.java:52)
                        	at org.testng.SuiteRunnerWorker.run(SuiteRunnerWorker.java:86)
                        	at org.testng.TestNG.runSuitesSequentially(TestNG.java:1215)
                        	at org.testng.TestNG.runSuitesLocally(TestNG.java:1140)
                        	at org.testng.TestNG.run(TestNG.java:1048)
                        	at org.testng.TestNG.privateMain(TestNG.java:1355)
                        	at org.testng.TestNG.main(TestNG.java:1324)
                     </pre>
                  </div>
               </td>
            </tr>
            <tr id="tests.VerifyHeaderTabsTakeUsertotheRightPage_headerTabsClickability_byStatus_failed_FAIL2_row"
                class="testMethodStatusFAIL">
               <td width="100%" class="firstMethodCell">
                  <a onclick="toggleDetailsVisibility('tests.VerifyHeaderTabsTakeUsertotheRightPage_headerTabsClickability_byStatus_failed_FAIL2_details')">headerTabsClickability()</a>
               </td>
               <td nowrap="true">17:36:40</td>
               <td nowrap="true" align="right">5m
                  24s
                  
               </td>
               <td nowrap="true">
                  <a onclick="toggleDetailsVisibility('tests.VerifyHeaderTabsTakeUsertotheRightPage_headerTabsClickability_byStatus_failed_FAIL2_exception')">org.openqa.selenium.TimeoutException: 
                     Timeout loading page after 300000ms
                     Build info: version: '3.8.1', revision: '6e95a6684b', time: '2017-12-01T19:05:14.666Z'
                     System info: host: 'DESKTOP-5TRQ2HB', ip: '192.168.1.135', os.name: 'Windows 10', os.arch: 'amd64', os.version: '10.0', java.version:
                     '1.8.0_191'
                     Driver info: org.openqa.selenium.firefox.FirefoxDriver
                     Capabilities {acceptInsecureCerts: true, browserName: firefox, browserVersion: 66.0.5, javascriptEnabled: true, moz:accessibilityChecks:
                     false, moz:geckodriverVersion: 0.24.0, moz:headless: false, moz:processID: 14084, moz:profile: C:\Users\mdjal\AppData\Loca...,
                     moz:shutdownTimeout: 60000, moz:useNonSpecCompliantPointerOrigin: false, moz:webdriverClick: true, pageLoadStrategy: normal,
                     platform: WINDOWS, platformName: WINDOWS, platformVersion: 10.0, rotatable: false, setWindowRect: true, strictFileInteractability:
                     false, timeouts: {implicit: 0, pageLoad: 300000, script: 30000}, unhandledPromptBehavior: dismiss and notify}
                     Session ID: 94262d00-22ca-48c7-b72d-47abdf215cfb
                     
                  </a>
                   
                  
               </td>
            </tr>
            <tr>
               <td colspan="4" class="detailsBox">
                  <div id="tests.VerifyHeaderTabsTakeUsertotheRightPage_headerTabsClickability_byStatus_failed_FAIL2_details"
                       class="testMethodDetails">
                     <div>
                        <b>Name: </b>headerTabsClickability
                     </div>
                     <div>
                        <b>Signature: </b>headerTabsClickability()[pri:0, instance:tests.VerifyHeaderTabsTakeUsertotheRightPage@38c5cc4c]
                     </div>
                     <div>
                        <b>Start time: </b>17:36:40
                     </div>
                     <div>
                        <b>End time: </b>17:42:05
                     </div>
                     <div>
                        <b>Duration: </b>5m
                        24s
                        
                     </div>
                  </div>
               </td>
            </tr>
            <tr>
               <td colspan="4" class="detailsBox">
                  <div id="tests.VerifyHeaderTabsTakeUsertotheRightPage_headerTabsClickability_byStatus_failed_FAIL2_exception"
                       class="testMethodDetails">
                     <pre style="padding: 5px; margin: 0;">org.openqa.selenium.TimeoutException: Timeout loading page after 300000ms
                        Build info: version: '3.8.1', revision: '6e95a6684b', time: '2017-12-01T19:05:14.666Z'
                        System info: host: 'DESKTOP-5TRQ2HB', ip: '192.168.1.135', os.name: 'Windows 10', os.arch: 'amd64', os.version: '10.0', java.version:
                        '1.8.0_191'
                        Driver info: org.openqa.selenium.firefox.FirefoxDriver
                        Capabilities {acceptInsecureCerts: true, browserName: firefox, browserVersion: 66.0.5, javascriptEnabled: true, moz:accessibilityChecks:
                        false, moz:geckodriverVersion: 0.24.0, moz:headless: false, moz:processID: 14084, moz:profile: C:\Users\mdjal\AppData\Loca...,
                        moz:shutdownTimeout: 60000, moz:useNonSpecCompliantPointerOrigin: false, moz:webdriverClick: true, pageLoadStrategy: normal,
                        platform: WINDOWS, platformName: WINDOWS, platformVersion: 10.0, rotatable: false, setWindowRect: true, strictFileInteractability:
                        false, timeouts: {implicit: 0, pageLoad: 300000, script: 30000}, unhandledPromptBehavior: dismiss and notify}
                        Session ID: 94262d00-22ca-48c7-b72d-47abdf215cfb
                        	at sun.reflect.NativeConstructorAccessorImpl.newInstance0(Native Method)
                        	at sun.reflect.NativeConstructorAccessorImpl.newInstance(Unknown Source)
                        	at sun.reflect.DelegatingConstructorAccessorImpl.newInstance(Unknown Source)
                        	at java.lang.reflect.Constructor.newInstance(Unknown Source)
                        	at org.openqa.selenium.remote.http.W3CHttpResponseCodec.createException(W3CHttpResponseCodec.java:187)
                        	at org.openqa.selenium.remote.http.W3CHttpResponseCodec.decode(W3CHttpResponseCodec.java:122)
                        	at org.openqa.selenium.remote.http.W3CHttpResponseCodec.decode(W3CHttpResponseCodec.java:49)
                        	at org.openqa.selenium.remote.HttpCommandExecutor.execute(HttpCommandExecutor.java:164)
                        	at org.openqa.selenium.remote.service.DriverCommandExecutor.execute(DriverCommandExecutor.java:83)
                        	at org.openqa.selenium.remote.RemoteWebDriver.execute(RemoteWebDriver.java:601)
                        	at org.openqa.selenium.remote.RemoteWebElement.execute(RemoteWebElement.java:279)
                        	at org.openqa.selenium.remote.RemoteWebElement.click(RemoteWebElement.java:83)
                        	at utils.WebDriverFunctions.clickById(WebDriverFunctions.java:70)
                        	at tests.VerifyHeaderTabsTakeUsertotheRightPage.headerTabsClickability(VerifyHeaderTabsTakeUsertotheRightPage.java:72)
                        	at sun.reflect.NativeMethodAccessorImpl.invoke0(Native Method)
                        	at sun.reflect.NativeMethodAccessorImpl.invoke(Unknown Source)
                        	at sun.reflect.DelegatingMethodAccessorImpl.invoke(Unknown Source)
                        	at java.lang.reflect.Method.invoke(Unknown Source)
                        	at org.testng.internal.MethodInvocationHelper.invokeMethod(MethodInvocationHelper.java:85)
                        	at org.testng.internal.Invoker.invokeMethod(Invoker.java:639)
                        	at org.testng.internal.Invoker.invokeTestMethod(Invoker.java:816)
                        	at org.testng.internal.Invoker.invokeTestMethods(Invoker.java:1124)
                        	at org.testng.internal.TestMethodWorker.invokeTestMethods(TestMethodWorker.java:125)
                        	at org.testng.internal.TestMethodWorker.run(TestMethodWorker.java:108)
                        	at org.testng.TestRunner.privateRun(TestRunner.java:774)
                        	at org.testng.TestRunner.run(TestRunner.java:624)
                        	at org.testng.SuiteRunner.runTest(SuiteRunner.java:359)
                        	at org.testng.SuiteRunner.runSequentially(SuiteRunner.java:354)
                        	at org.testng.SuiteRunner.privateRun(SuiteRunner.java:312)
                        	at org.testng.SuiteRunner.run(SuiteRunner.java:261)
                        	at org.testng.SuiteRunnerWorker.runSuite(SuiteRunnerWorker.java:52)
                        	at org.testng.SuiteRunnerWorker.run(SuiteRunnerWorker.java:86)
                        	at org.testng.TestNG.runSuitesSequentially(TestNG.java:1215)
                        	at org.testng.TestNG.runSuitesLocally(TestNG.java:1140)
                        	at org.testng.TestNG.run(TestNG.java:1048)
                        	at org.testng.TestNG.privateMain(TestNG.java:1355)
                        	at org.testng.TestNG.main(TestNG.java:1324)
                     </pre>
                  </div>
               </td>
            </tr>
            <tr id="tests.PracticeAssertisbeingFailedIntentianllytoSeeapictureintheXLSTReport_trycathch_byStatus_failed_FAIL3_row"
                class="testMethodStatusFAIL">
               <td width="100%" class="firstMethodCell">
                  <a onclick="toggleDetailsVisibility('tests.PracticeAssertisbeingFailedIntentianllytoSeeapictureintheXLSTReport_trycathch_byStatus_failed_FAIL3_details')">trycathch()</a>
               </td>
               <td nowrap="true">17:44:18</td>
               <td nowrap="true" align="right">912 ms
                  
               </td>
               <td nowrap="true">
                  <a onclick="toggleDetailsVisibility('tests.PracticeAssertisbeingFailedIntentianllytoSeeapictureintheXLSTReport_trycathch_byStatus_failed_FAIL3_exception')">java.lang.AssertionError: 
                     expected [Up to 30% hotel discounts] but found []
                     
                  </a>
                   
                  
               </td>
            </tr>
            <tr>
               <td colspan="4" class="detailsBox">
                  <div id="tests.PracticeAssertisbeingFailedIntentianllytoSeeapictureintheXLSTReport_trycathch_byStatus_failed_FAIL3_details"
                       class="testMethodDetails">
                     <div>
                        <b>Name: </b>trycathch
                     </div>
                     <div>
                        <b>Signature: </b>trycathch()[pri:0, instance:tests.PracticeAssertisbeingFailedIntentianllytoSeeapictureintheXLSTReport@16e7dcfd]
                     </div>
                     <div>
                        <b>Start time: </b>17:44:18
                     </div>
                     <div>
                        <b>End time: </b>17:44:19
                     </div>
                     <div>
                        <b>Duration: </b>912 ms
                        
                     </div>
                  </div>
               </td>
            </tr>
            <tr>
               <td colspan="4" class="detailsBox">
                  <div id="tests.PracticeAssertisbeingFailedIntentianllytoSeeapictureintheXLSTReport_trycathch_byStatus_failed_FAIL3_exception"
                       class="testMethodDetails">
                     <pre style="padding: 5px; margin: 0;">java.lang.AssertionError: expected [Up to 30% hotel discounts] but found []
                        	at org.testng.Assert.fail(Assert.java:94)
                        	at org.testng.Assert.failNotEquals(Assert.java:496)
                        	at org.testng.Assert.assertEquals(Assert.java:125)
                        	at org.testng.Assert.assertEquals(Assert.java:178)
                        	at org.testng.Assert.assertEquals(Assert.java:188)
                        	at tests.PracticeAssertisbeingFailedIntentianllytoSeeapictureintheXLSTReport.trycathch(PracticeAssertisbeingFailedIntentianllytoSeeapictureintheXLSTReport.java:27)
                        	at sun.reflect.NativeMethodAccessorImpl.invoke0(Native Method)
                        	at sun.reflect.NativeMethodAccessorImpl.invoke(Unknown Source)
                        	at sun.reflect.DelegatingMethodAccessorImpl.invoke(Unknown Source)
                        	at java.lang.reflect.Method.invoke(Unknown Source)
                        	at org.testng.internal.MethodInvocationHelper.invokeMethod(MethodInvocationHelper.java:85)
                        	at org.testng.internal.Invoker.invokeMethod(Invoker.java:639)
                        	at org.testng.internal.Invoker.invokeTestMethod(Invoker.java:816)
                        	at org.testng.internal.Invoker.invokeTestMethods(Invoker.java:1124)
                        	at org.testng.internal.TestMethodWorker.invokeTestMethods(TestMethodWorker.java:125)
                        	at org.testng.internal.TestMethodWorker.run(TestMethodWorker.java:108)
                        	at org.testng.TestRunner.privateRun(TestRunner.java:774)
                        	at org.testng.TestRunner.run(TestRunner.java:624)
                        	at org.testng.SuiteRunner.runTest(SuiteRunner.java:359)
                        	at org.testng.SuiteRunner.runSequentially(SuiteRunner.java:354)
                        	at org.testng.SuiteRunner.privateRun(SuiteRunner.java:312)
                        	at org.testng.SuiteRunner.run(SuiteRunner.java:261)
                        	at org.testng.SuiteRunnerWorker.runSuite(SuiteRunnerWorker.java:52)
                        	at org.testng.SuiteRunnerWorker.run(SuiteRunnerWorker.java:86)
                        	at org.testng.TestNG.runSuitesSequentially(TestNG.java:1215)
                        	at org.testng.TestNG.runSuitesLocally(TestNG.java:1140)
                        	at org.testng.TestNG.run(TestNG.java:1048)
                        	at org.testng.TestNG.privateMain(TestNG.java:1355)
                        	at org.testng.TestNG.main(TestNG.java:1324)
                     </pre>
                  </div>
               </td>
            </tr>
            <tr id="tests.BookingaDesiredCar_Major_Functionality_beforeTestStart_byStatus_passed_PASS1_row"
                class="testMethodStatusPASS testMethodStatusCONF">
               <td width="100%" class="firstMethodCell">
                  <a onclick="toggleDetailsVisibility('tests.BookingaDesiredCar_Major_Functionality_beforeTestStart_byStatus_passed_PASS1_details')">beforeTestStart(ff)</a>
               </td>
               <td nowrap="true">17:42:06</td>
               <td nowrap="true" align="right">12s
                  
               </td>
               <td nowrap="true">
                   
                  
               </td>
            </tr>
            <tr>
               <td colspan="4" class="detailsBox">
                  <div id="tests.BookingaDesiredCar_Major_Functionality_beforeTestStart_byStatus_passed_PASS1_details"
                       class="testMethodDetails">
                     <div>
                        <b>Name: </b>beforeTestStart
                     </div>
                     <div>
                        <b>Signature: </b>beforeTestStart(java.lang.String)[pri:0, instance:tests.BookingaDesiredCar_Major_Functionality@ec756bd]
                     </div>
                     <div>
                        <b>Parameters: </b>
                        
                        ff
                        
                        
                     </div>
                     <div>
                        <b>Start time: </b>17:42:06
                     </div>
                     <div>
                        <b>End time: </b>17:42:18
                     </div>
                     <div>
                        <b>Duration: </b>12s
                        
                     </div>
                  </div>
               </td>
            </tr>
            <tr></tr>
            <tr id="tests.BookingaDesiredCar_Major_Functionality_carReservation_byStatus_passed_PASS2_row"
                class="testMethodStatusPASS">
               <td width="100%" class="firstMethodCell">
                  <a onclick="toggleDetailsVisibility('tests.BookingaDesiredCar_Major_Functionality_carReservation_byStatus_passed_PASS2_details')">carReservation()</a>
               </td>
               <td nowrap="true">17:42:18</td>
               <td nowrap="true" align="right">33s
                  
               </td>
               <td nowrap="true">
                   
                  
               </td>
            </tr>
            <tr>
               <td colspan="4" class="detailsBox">
                  <div id="tests.BookingaDesiredCar_Major_Functionality_carReservation_byStatus_passed_PASS2_details"
                       class="testMethodDetails">
                     <div>
                        <b>Name: </b>carReservation
                     </div>
                     <div>
                        <b>Signature: </b>carReservation()[pri:0, instance:tests.BookingaDesiredCar_Major_Functionality@ec756bd]
                     </div>
                     <div>
                        <b>Start time: </b>17:42:18
                     </div>
                     <div>
                        <b>End time: </b>17:42:51
                     </div>
                     <div>
                        <b>Duration: </b>33s
                        
                     </div>
                  </div>
               </td>
            </tr>
            <tr></tr>
            <tr id="tests.BookingaDesiredCar_Major_Functionality_closeWindow_byStatus_passed_PASS3_row"
                class="testMethodStatusPASS testMethodStatusCONF">
               <td width="100%" class="firstMethodCell">
                  <a onclick="toggleDetailsVisibility('tests.BookingaDesiredCar_Major_Functionality_closeWindow_byStatus_passed_PASS3_details')">closeWindow()</a>
               </td>
               <td nowrap="true">17:42:51</td>
               <td nowrap="true" align="right">2s
                  
               </td>
               <td nowrap="true">
                   
                  
               </td>
            </tr>
            <tr>
               <td colspan="4" class="detailsBox">
                  <div id="tests.BookingaDesiredCar_Major_Functionality_closeWindow_byStatus_passed_PASS3_details"
                       class="testMethodDetails">
                     <div>
                        <b>Name: </b>closeWindow
                     </div>
                     <div>
                        <b>Signature: </b>closeWindow()[pri:0, instance:tests.BookingaDesiredCar_Major_Functionality@ec756bd]
                     </div>
                     <div>
                        <b>Start time: </b>17:42:51
                     </div>
                     <div>
                        <b>End time: </b>17:42:52
                     </div>
                     <div>
                        <b>Duration: </b>2s
                        
                     </div>
                  </div>
               </td>
            </tr>
            <tr></tr>
            <tr id="tests.ReadFromXl_beforeTestStart_byStatus_passed_PASS4_row"
                class="testMethodStatusPASS testMethodStatusCONF">
               <td width="100%" class="firstMethodCell">
                  <a onclick="toggleDetailsVisibility('tests.ReadFromXl_beforeTestStart_byStatus_passed_PASS4_details')">beforeTestStart(ff)</a>
               </td>
               <td nowrap="true">17:44:56</td>
               <td nowrap="true" align="right">7s
                  
               </td>
               <td nowrap="true">
                   
                  
               </td>
            </tr>
            <tr>
               <td colspan="4" class="detailsBox">
                  <div id="tests.ReadFromXl_beforeTestStart_byStatus_passed_PASS4_details"
                       class="testMethodDetails">
                     <div>
                        <b>Name: </b>beforeTestStart
                     </div>
                     <div>
                        <b>Signature: </b>beforeTestStart(java.lang.String)[pri:0, instance:tests.ReadFromXl@3901d134]
                     </div>
                     <div>
                        <b>Parameters: </b>
                        
                        ff
                        
                        
                     </div>
                     <div>
                        <b>Start time: </b>17:44:56
                     </div>
                     <div>
                        <b>End time: </b>17:45:03
                     </div>
                     <div>
                        <b>Duration: </b>7s
                        
                     </div>
                  </div>
               </td>
            </tr>
            <tr></tr>
            <tr id="tests.ReadFromXl_closeWindow_byStatus_passed_PASS5_row"
                class="testMethodStatusPASS testMethodStatusCONF">
               <td width="100%" class="firstMethodCell">
                  <a onclick="toggleDetailsVisibility('tests.ReadFromXl_closeWindow_byStatus_passed_PASS5_details')">closeWindow()</a>
               </td>
               <td nowrap="true">17:50:04</td>
               <td nowrap="true" align="right">828 ms
                  
               </td>
               <td nowrap="true">
                   
                  
               </td>
            </tr>
            <tr>
               <td colspan="4" class="detailsBox">
                  <div id="tests.ReadFromXl_closeWindow_byStatus_passed_PASS5_details"
                       class="testMethodDetails">
                     <div>
                        <b>Name: </b>closeWindow
                     </div>
                     <div>
                        <b>Signature: </b>closeWindow()[pri:0, instance:tests.ReadFromXl@3901d134]
                     </div>
                     <div>
                        <b>Start time: </b>17:50:04
                     </div>
                     <div>
                        <b>End time: </b>17:50:04
                     </div>
                     <div>
                        <b>Duration: </b>828 ms
                        
                     </div>
                  </div>
               </td>
            </tr>
            <tr></tr>
            <tr id="tests.SubHeaderFlights_beforeTestStart_byStatus_passed_PASS6_row"
                class="testMethodStatusPASS testMethodStatusCONF">
               <td width="100%" class="firstMethodCell">
                  <a onclick="toggleDetailsVisibility('tests.SubHeaderFlights_beforeTestStart_byStatus_passed_PASS6_details')">beforeTestStart(ff)</a>
               </td>
               <td nowrap="true">17:50:04</td>
               <td nowrap="true" align="right">5s
                  
               </td>
               <td nowrap="true">
                   
                  
               </td>
            </tr>
            <tr>
               <td colspan="4" class="detailsBox">
                  <div id="tests.SubHeaderFlights_beforeTestStart_byStatus_passed_PASS6_details"
                       class="testMethodDetails">
                     <div>
                        <b>Name: </b>beforeTestStart
                     </div>
                     <div>
                        <b>Signature: </b>beforeTestStart(java.lang.String)[pri:0, instance:tests.SubHeaderFlights@14d3bc22]
                     </div>
                     <div>
                        <b>Parameters: </b>
                        
                        ff
                        
                        
                     </div>
                     <div>
                        <b>Start time: </b>17:50:04
                     </div>
                     <div>
                        <b>End time: </b>17:50:09
                     </div>
                     <div>
                        <b>Duration: </b>5s
                        
                     </div>
                  </div>
               </td>
            </tr>
            <tr></tr>
            <tr id="tests.SubHeaderFlights_flights_byStatus_passed_PASS7_row"
                class="testMethodStatusPASS">
               <td width="100%" class="firstMethodCell">
                  <a onclick="toggleDetailsVisibility('tests.SubHeaderFlights_flights_byStatus_passed_PASS7_details')">flights()</a>
               </td>
               <td nowrap="true">17:50:09</td>
               <td nowrap="true" align="right">6s
                  
               </td>
               <td nowrap="true">
                   
                  
               </td>
            </tr>
            <tr>
               <td colspan="4" class="detailsBox">
                  <div id="tests.SubHeaderFlights_flights_byStatus_passed_PASS7_details"
                       class="testMethodDetails">
                     <div>
                        <b>Name: </b>flights
                     </div>
                     <div>
                        <b>Signature: </b>flights()[pri:0, instance:tests.SubHeaderFlights@14d3bc22]
                     </div>
                     <div>
                        <b>Start time: </b>17:50:09
                     </div>
                     <div>
                        <b>End time: </b>17:50:15
                     </div>
                     <div>
                        <b>Duration: </b>6s
                        
                     </div>
                  </div>
               </td>
            </tr>
            <tr></tr>
            <tr id="tests.SubHeaderFlights_closeWindow_byStatus_passed_PASS8_row"
                class="testMethodStatusPASS testMethodStatusCONF">
               <td width="100%" class="firstMethodCell">
                  <a onclick="toggleDetailsVisibility('tests.SubHeaderFlights_closeWindow_byStatus_passed_PASS8_details')">closeWindow()</a>
               </td>
               <td nowrap="true">17:50:15</td>
               <td nowrap="true" align="right">2s
                  
               </td>
               <td nowrap="true">
                   
                  
               </td>
            </tr>
            <tr>
               <td colspan="4" class="detailsBox">
                  <div id="tests.SubHeaderFlights_closeWindow_byStatus_passed_PASS8_details"
                       class="testMethodDetails">
                     <div>
                        <b>Name: </b>closeWindow
                     </div>
                     <div>
                        <b>Signature: </b>closeWindow()[pri:0, instance:tests.SubHeaderFlights@14d3bc22]
                     </div>
                     <div>
                        <b>Start time: </b>17:50:15
                     </div>
                     <div>
                        <b>End time: </b>17:50:17
                     </div>
                     <div>
                        <b>Duration: </b>2s
                        
                     </div>
                  </div>
               </td>
            </tr>
            <tr></tr>
            <tr id="tests.writeinXl_beforeTestStart_byStatus_passed_PASS9_row"
                class="testMethodStatusPASS testMethodStatusCONF">
               <td width="100%" class="firstMethodCell">
                  <a onclick="toggleDetailsVisibility('tests.writeinXl_beforeTestStart_byStatus_passed_PASS9_details')">beforeTestStart(ff)</a>
               </td>
               <td nowrap="true">17:43:37</td>
               <td nowrap="true" align="right">8s
                  
               </td>
               <td nowrap="true">
                   
                  
               </td>
            </tr>
            <tr>
               <td colspan="4" class="detailsBox">
                  <div id="tests.writeinXl_beforeTestStart_byStatus_passed_PASS9_details"
                       class="testMethodDetails">
                     <div>
                        <b>Name: </b>beforeTestStart
                     </div>
                     <div>
                        <b>Signature: </b>beforeTestStart(java.lang.String)[pri:0, instance:tests.writeinXl@233fe9b6]
                     </div>
                     <div>
                        <b>Parameters: </b>
                        
                        ff
                        
                        
                     </div>
                     <div>
                        <b>Start time: </b>17:43:37
                     </div>
                     <div>
                        <b>End time: </b>17:43:46
                     </div>
                     <div>
                        <b>Duration: </b>8s
                        
                     </div>
                  </div>
               </td>
            </tr>
            <tr></tr>
            <tr id="tests.writeinXl_testWriteinxl_byStatus_passed_PASS10_row"
                class="testMethodStatusPASS">
               <td width="100%" class="firstMethodCell">
                  <a onclick="toggleDetailsVisibility('tests.writeinXl_testWriteinxl_byStatus_passed_PASS10_details')">testWriteinxl()</a>
               </td>
               <td nowrap="true">17:43:46</td>
               <td nowrap="true" align="right">196 ms
                  
               </td>
               <td nowrap="true">
                   
                  
               </td>
            </tr>
            <tr>
               <td colspan="4" class="detailsBox">
                  <div id="tests.writeinXl_testWriteinxl_byStatus_passed_PASS10_details"
                       class="testMethodDetails">
                     <div>
                        <b>Name: </b>testWriteinxl
                     </div>
                     <div>
                        <b>Signature: </b>testWriteinxl()[pri:0, instance:tests.writeinXl@233fe9b6]
                     </div>
                     <div>
                        <b>Start time: </b>17:43:46
                     </div>
                     <div>
                        <b>End time: </b>17:43:46
                     </div>
                     <div>
                        <b>Duration: </b>196 ms
                        
                     </div>
                  </div>
               </td>
            </tr>
            <tr></tr>
            <tr id="tests.writeinXl_closeWindow_byStatus_passed_PASS11_row"
                class="testMethodStatusPASS testMethodStatusCONF">
               <td width="100%" class="firstMethodCell">
                  <a onclick="toggleDetailsVisibility('tests.writeinXl_closeWindow_byStatus_passed_PASS11_details')">closeWindow()</a>
               </td>
               <td nowrap="true">17:43:46</td>
               <td nowrap="true" align="right">1s
                  
               </td>
               <td nowrap="true">
                   
                  
               </td>
            </tr>
            <tr>
               <td colspan="4" class="detailsBox">
                  <div id="tests.writeinXl_closeWindow_byStatus_passed_PASS11_details"
                       class="testMethodDetails">
                     <div>
                        <b>Name: </b>closeWindow
                     </div>
                     <div>
                        <b>Signature: </b>closeWindow()[pri:0, instance:tests.writeinXl@233fe9b6]
                     </div>
                     <div>
                        <b>Start time: </b>17:43:46
                     </div>
                     <div>
                        <b>End time: </b>17:43:47
                     </div>
                     <div>
                        <b>Duration: </b>1s
                        
                     </div>
                  </div>
               </td>
            </tr>
            <tr></tr>
            <tr id="tests.VerifySubHeaderTabsTakeUsertotheRightPage_beforeTestStart_byStatus_passed_PASS12_row"
                class="testMethodStatusPASS testMethodStatusCONF">
               <td width="100%" class="firstMethodCell">
                  <a onclick="toggleDetailsVisibility('tests.VerifySubHeaderTabsTakeUsertotheRightPage_beforeTestStart_byStatus_passed_PASS12_details')">beforeTestStart(ff)</a>
               </td>
               <td nowrap="true">17:43:47</td>
               <td nowrap="true" align="right">9s
                  
               </td>
               <td nowrap="true">
                   
                  
               </td>
            </tr>
            <tr>
               <td colspan="4" class="detailsBox">
                  <div id="tests.VerifySubHeaderTabsTakeUsertotheRightPage_beforeTestStart_byStatus_passed_PASS12_details"
                       class="testMethodDetails">
                     <div>
                        <b>Name: </b>beforeTestStart
                     </div>
                     <div>
                        <b>Signature: </b>beforeTestStart(java.lang.String)[pri:0, instance:tests.VerifySubHeaderTabsTakeUsertotheRightPage@60dcc9fe]
                     </div>
                     <div>
                        <b>Parameters: </b>
                        
                        ff
                        
                        
                     </div>
                     <div>
                        <b>Start time: </b>17:43:47
                     </div>
                     <div>
                        <b>End time: </b>17:43:56
                     </div>
                     <div>
                        <b>Duration: </b>9s
                        
                     </div>
                  </div>
               </td>
            </tr>
            <tr></tr>
            <tr id="tests.VerifySubHeaderTabsTakeUsertotheRightPage_closeWindow_byStatus_passed_PASS13_row"
                class="testMethodStatusPASS testMethodStatusCONF">
               <td width="100%" class="firstMethodCell">
                  <a onclick="toggleDetailsVisibility('tests.VerifySubHeaderTabsTakeUsertotheRightPage_closeWindow_byStatus_passed_PASS13_details')">closeWindow()</a>
               </td>
               <td nowrap="true">17:43:58</td>
               <td nowrap="true" align="right">1s
                  
               </td>
               <td nowrap="true">
                   
                  
               </td>
            </tr>
            <tr>
               <td colspan="4" class="detailsBox">
                  <div id="tests.VerifySubHeaderTabsTakeUsertotheRightPage_closeWindow_byStatus_passed_PASS13_details"
                       class="testMethodDetails">
                     <div>
                        <b>Name: </b>closeWindow
                     </div>
                     <div>
                        <b>Signature: </b>closeWindow()[pri:0, instance:tests.VerifySubHeaderTabsTakeUsertotheRightPage@60dcc9fe]
                     </div>
                     <div>
                        <b>Start time: </b>17:43:58
                     </div>
                     <div>
                        <b>End time: </b>17:43:59
                     </div>
                     <div>
                        <b>Duration: </b>1s
                        
                     </div>
                  </div>
               </td>
            </tr>
            <tr></tr>
            <tr id="tests.SearchThingstoDobyDestination_beforeTestStart_byStatus_passed_PASS14_row"
                class="testMethodStatusPASS testMethodStatusCONF">
               <td width="100%" class="firstMethodCell">
                  <a onclick="toggleDetailsVisibility('tests.SearchThingstoDobyDestination_beforeTestStart_byStatus_passed_PASS14_details')">beforeTestStart(ff)</a>
               </td>
               <td nowrap="true">17:43:08</td>
               <td nowrap="true" align="right">5s
                  
               </td>
               <td nowrap="true">
                   
                  
               </td>
            </tr>
            <tr>
               <td colspan="4" class="detailsBox">
                  <div id="tests.SearchThingstoDobyDestination_beforeTestStart_byStatus_passed_PASS14_details"
                       class="testMethodDetails">
                     <div>
                        <b>Name: </b>beforeTestStart
                     </div>
                     <div>
                        <b>Signature: </b>beforeTestStart(java.lang.String)[pri:0, instance:tests.SearchThingstoDobyDestination@78e94dcf]
                     </div>
                     <div>
                        <b>Parameters: </b>
                        
                        ff
                        
                        
                     </div>
                     <div>
                        <b>Start time: </b>17:43:08
                     </div>
                     <div>
                        <b>End time: </b>17:43:13
                     </div>
                     <div>
                        <b>Duration: </b>5s
                        
                     </div>
                  </div>
               </td>
            </tr>
            <tr></tr>
            <tr id="tests.SearchThingstoDobyDestination_thingstoDo_byStatus_passed_PASS15_row"
                class="testMethodStatusPASS">
               <td width="100%" class="firstMethodCell">
                  <a onclick="toggleDetailsVisibility('tests.SearchThingstoDobyDestination_thingstoDo_byStatus_passed_PASS15_details')">thingstoDo()</a>
               </td>
               <td nowrap="true">17:43:13</td>
               <td nowrap="true" align="right">15s
                  
               </td>
               <td nowrap="true">
                   
                  
               </td>
            </tr>
            <tr>
               <td colspan="4" class="detailsBox">
                  <div id="tests.SearchThingstoDobyDestination_thingstoDo_byStatus_passed_PASS15_details"
                       class="testMethodDetails">
                     <div>
                        <b>Name: </b>thingstoDo
                     </div>
                     <div>
                        <b>Signature: </b>thingstoDo()[pri:0, instance:tests.SearchThingstoDobyDestination@78e94dcf]
                     </div>
                     <div>
                        <b>Start time: </b>17:43:13
                     </div>
                     <div>
                        <b>End time: </b>17:43:27
                     </div>
                     <div>
                        <b>Duration: </b>15s
                        
                     </div>
                  </div>
               </td>
            </tr>
            <tr></tr>
            <tr id="tests.SearchThingstoDobyDestination_closeWindow_byStatus_passed_PASS16_row"
                class="testMethodStatusPASS testMethodStatusCONF">
               <td width="100%" class="firstMethodCell">
                  <a onclick="toggleDetailsVisibility('tests.SearchThingstoDobyDestination_closeWindow_byStatus_passed_PASS16_details')">closeWindow()</a>
               </td>
               <td nowrap="true">17:43:27</td>
               <td nowrap="true" align="right">1s
                  
               </td>
               <td nowrap="true">
                   
                  
               </td>
            </tr>
            <tr>
               <td colspan="4" class="detailsBox">
                  <div id="tests.SearchThingstoDobyDestination_closeWindow_byStatus_passed_PASS16_details"
                       class="testMethodDetails">
                     <div>
                        <b>Name: </b>closeWindow
                     </div>
                     <div>
                        <b>Signature: </b>closeWindow()[pri:0, instance:tests.SearchThingstoDobyDestination@78e94dcf]
                     </div>
                     <div>
                        <b>Start time: </b>17:43:27
                     </div>
                     <div>
                        <b>End time: </b>17:43:29
                     </div>
                     <div>
                        <b>Duration: </b>1s
                        
                     </div>
                  </div>
               </td>
            </tr>
            <tr></tr>
            <tr id="tests.TotalLinksCount_beforeTestStart_byStatus_passed_PASS17_row"
                class="testMethodStatusPASS testMethodStatusCONF">
               <td width="100%" class="firstMethodCell">
                  <a onclick="toggleDetailsVisibility('tests.TotalLinksCount_beforeTestStart_byStatus_passed_PASS17_details')">beforeTestStart(ff)</a>
               </td>
               <td nowrap="true">17:50:17</td>
               <td nowrap="true" align="right">8s
                  
               </td>
               <td nowrap="true">
                   
                  
               </td>
            </tr>
            <tr>
               <td colspan="4" class="detailsBox">
                  <div id="tests.TotalLinksCount_beforeTestStart_byStatus_passed_PASS17_details"
                       class="testMethodDetails">
                     <div>
                        <b>Name: </b>beforeTestStart
                     </div>
                     <div>
                        <b>Signature: </b>beforeTestStart(java.lang.String)[pri:0, instance:tests.TotalLinksCount@12d4bf7e]
                     </div>
                     <div>
                        <b>Parameters: </b>
                        
                        ff
                        
                        
                     </div>
                     <div>
                        <b>Start time: </b>17:50:17
                     </div>
                     <div>
                        <b>End time: </b>17:50:26
                     </div>
                     <div>
                        <b>Duration: </b>8s
                        
                     </div>
                  </div>
               </td>
            </tr>
            <tr></tr>
            <tr id="tests.TotalLinksCount_pageLinksCount_byStatus_passed_PASS18_row"
                class="testMethodStatusPASS">
               <td width="100%" class="firstMethodCell">
                  <a onclick="toggleDetailsVisibility('tests.TotalLinksCount_pageLinksCount_byStatus_passed_PASS18_details')">pageLinksCount()</a>
               </td>
               <td nowrap="true">17:50:26</td>
               <td nowrap="true" align="right">4s
                  
               </td>
               <td nowrap="true">
                   
                  
               </td>
            </tr>
            <tr>
               <td colspan="4" class="detailsBox">
                  <div id="tests.TotalLinksCount_pageLinksCount_byStatus_passed_PASS18_details"
                       class="testMethodDetails">
                     <div>
                        <b>Name: </b>pageLinksCount
                     </div>
                     <div>
                        <b>Signature: </b>pageLinksCount()[pri:0, instance:tests.TotalLinksCount@12d4bf7e]
                     </div>
                     <div>
                        <b>Start time: </b>17:50:26
                     </div>
                     <div>
                        <b>End time: </b>17:50:30
                     </div>
                     <div>
                        <b>Duration: </b>4s
                        
                     </div>
                  </div>
               </td>
            </tr>
            <tr></tr>
            <tr id="tests.TotalLinksCount_closeWindow_byStatus_passed_PASS19_row"
                class="testMethodStatusPASS testMethodStatusCONF">
               <td width="100%" class="firstMethodCell">
                  <a onclick="toggleDetailsVisibility('tests.TotalLinksCount_closeWindow_byStatus_passed_PASS19_details')">closeWindow()</a>
               </td>
               <td nowrap="true">17:50:30</td>
               <td nowrap="true" align="right">1s
                  
               </td>
               <td nowrap="true">
                   
                  
               </td>
            </tr>
            <tr>
               <td colspan="4" class="detailsBox">
                  <div id="tests.TotalLinksCount_closeWindow_byStatus_passed_PASS19_details"
                       class="testMethodDetails">
                     <div>
                        <b>Name: </b>closeWindow
                     </div>
                     <div>
                        <b>Signature: </b>closeWindow()[pri:0, instance:tests.TotalLinksCount@12d4bf7e]
                     </div>
                     <div>
                        <b>Start time: </b>17:50:30
                     </div>
                     <div>
                        <b>End time: </b>17:50:31
                     </div>
                     <div>
                        <b>Duration: </b>1s
                        
                     </div>
                  </div>
               </td>
            </tr>
            <tr></tr>
            <tr id="tests.Totalimagescountinthewebpage_beforeTestStart_byStatus_passed_PASS20_row"
                class="testMethodStatusPASS testMethodStatusCONF">
               <td width="100%" class="firstMethodCell">
                  <a onclick="toggleDetailsVisibility('tests.Totalimagescountinthewebpage_beforeTestStart_byStatus_passed_PASS20_details')">beforeTestStart(ff)</a>
               </td>
               <td nowrap="true">17:50:31</td>
               <td nowrap="true" align="right">4s
                  
               </td>
               <td nowrap="true">
                   
                  
               </td>
            </tr>
            <tr>
               <td colspan="4" class="detailsBox">
                  <div id="tests.Totalimagescountinthewebpage_beforeTestStart_byStatus_passed_PASS20_details"
                       class="testMethodDetails">
                     <div>
                        <b>Name: </b>beforeTestStart
                     </div>
                     <div>
                        <b>Signature: </b>beforeTestStart(java.lang.String)[pri:0, instance:tests.Totalimagescountinthewebpage@4c1d9d4b]
                     </div>
                     <div>
                        <b>Parameters: </b>
                        
                        ff
                        
                        
                     </div>
                     <div>
                        <b>Start time: </b>17:50:31
                     </div>
                     <div>
                        <b>End time: </b>17:50:36
                     </div>
                     <div>
                        <b>Duration: </b>4s
                        
                     </div>
                  </div>
               </td>
            </tr>
            <tr></tr>
            <tr id="tests.Totalimagescountinthewebpage_totalImageCount_byStatus_passed_PASS21_row"
                class="testMethodStatusPASS">
               <td width="100%" class="firstMethodCell">
                  <a onclick="toggleDetailsVisibility('tests.Totalimagescountinthewebpage_totalImageCount_byStatus_passed_PASS21_details')">totalImageCount()</a>
               </td>
               <td nowrap="true">17:50:36</td>
               <td nowrap="true" align="right">135 ms
                  
               </td>
               <td nowrap="true">
                   
                  
               </td>
            </tr>
            <tr>
               <td colspan="4" class="detailsBox">
                  <div id="tests.Totalimagescountinthewebpage_totalImageCount_byStatus_passed_PASS21_details"
                       class="testMethodDetails">
                     <div>
                        <b>Name: </b>totalImageCount
                     </div>
                     <div>
                        <b>Signature: </b>totalImageCount()[pri:0, instance:tests.Totalimagescountinthewebpage@4c1d9d4b]
                     </div>
                     <div>
                        <b>Start time: </b>17:50:36
                     </div>
                     <div>
                        <b>End time: </b>17:50:36
                     </div>
                     <div>
                        <b>Duration: </b>135 ms
                        
                     </div>
                  </div>
               </td>
            </tr>
            <tr></tr>
            <tr id="tests.Totalimagescountinthewebpage_closeWindow_byStatus_passed_PASS22_row"
                class="testMethodStatusPASS testMethodStatusCONF">
               <td width="100%" class="firstMethodCell">
                  <a onclick="toggleDetailsVisibility('tests.Totalimagescountinthewebpage_closeWindow_byStatus_passed_PASS22_details')">closeWindow()</a>
               </td>
               <td nowrap="true">17:50:36</td>
               <td nowrap="true" align="right">961 ms
                  
               </td>
               <td nowrap="true">
                   
                  
               </td>
            </tr>
            <tr>
               <td colspan="4" class="detailsBox">
                  <div id="tests.Totalimagescountinthewebpage_closeWindow_byStatus_passed_PASS22_details"
                       class="testMethodDetails">
                     <div>
                        <b>Name: </b>closeWindow
                     </div>
                     <div>
                        <b>Signature: </b>closeWindow()[pri:0, instance:tests.Totalimagescountinthewebpage@4c1d9d4b]
                     </div>
                     <div>
                        <b>Start time: </b>17:50:36
                     </div>
                     <div>
                        <b>End time: </b>17:50:37
                     </div>
                     <div>
                        <b>Duration: </b>961 ms
                        
                     </div>
                  </div>
               </td>
            </tr>
            <tr></tr>
            <tr id="tests.CountIframeinthePage_beforeTestStart_byStatus_passed_PASS23_row"
                class="testMethodStatusPASS testMethodStatusCONF">
               <td width="100%" class="firstMethodCell">
                  <a onclick="toggleDetailsVisibility('tests.CountIframeinthePage_beforeTestStart_byStatus_passed_PASS23_details')">beforeTestStart(ff)</a>
               </td>
               <td nowrap="true">17:50:37</td>
               <td nowrap="true" align="right">9s
                  
               </td>
               <td nowrap="true">
                   
                  
               </td>
            </tr>
            <tr>
               <td colspan="4" class="detailsBox">
                  <div id="tests.CountIframeinthePage_beforeTestStart_byStatus_passed_PASS23_details"
                       class="testMethodDetails">
                     <div>
                        <b>Name: </b>beforeTestStart
                     </div>
                     <div>
                        <b>Signature: </b>beforeTestStart(java.lang.String)[pri:0, instance:tests.CountIframeinthePage@7b227d8d]
                     </div>
                     <div>
                        <b>Parameters: </b>
                        
                        ff
                        
                        
                     </div>
                     <div>
                        <b>Start time: </b>17:50:37
                     </div>
                     <div>
                        <b>End time: </b>17:50:46
                     </div>
                     <div>
                        <b>Duration: </b>9s
                        
                     </div>
                  </div>
               </td>
            </tr>
            <tr></tr>
            <tr id="tests.CountIframeinthePage_countIframe_byStatus_passed_PASS24_row"
                class="testMethodStatusPASS">
               <td width="100%" class="firstMethodCell">
                  <a onclick="toggleDetailsVisibility('tests.CountIframeinthePage_countIframe_byStatus_passed_PASS24_details')">countIframe()</a>
               </td>
               <td nowrap="true">17:50:46</td>
               <td nowrap="true" align="right">38 ms
                  
               </td>
               <td nowrap="true">
                   
                  
               </td>
            </tr>
            <tr>
               <td colspan="4" class="detailsBox">
                  <div id="tests.CountIframeinthePage_countIframe_byStatus_passed_PASS24_details"
                       class="testMethodDetails">
                     <div>
                        <b>Name: </b>countIframe
                     </div>
                     <div>
                        <b>Signature: </b>countIframe()[pri:0, instance:tests.CountIframeinthePage@7b227d8d]
                     </div>
                     <div>
                        <b>Start time: </b>17:50:46
                     </div>
                     <div>
                        <b>End time: </b>17:50:46
                     </div>
                     <div>
                        <b>Duration: </b>38 ms
                        
                     </div>
                  </div>
               </td>
            </tr>
            <tr></tr>
            <tr id="tests.CountIframeinthePage_closeWindow_byStatus_passed_PASS25_row"
                class="testMethodStatusPASS testMethodStatusCONF">
               <td width="100%" class="firstMethodCell">
                  <a onclick="toggleDetailsVisibility('tests.CountIframeinthePage_closeWindow_byStatus_passed_PASS25_details')">closeWindow()</a>
               </td>
               <td nowrap="true">17:50:46</td>
               <td nowrap="true" align="right">1s
                  
               </td>
               <td nowrap="true">
                   
                  
               </td>
            </tr>
            <tr>
               <td colspan="4" class="detailsBox">
                  <div id="tests.CountIframeinthePage_closeWindow_byStatus_passed_PASS25_details"
                       class="testMethodDetails">
                     <div>
                        <b>Name: </b>closeWindow
                     </div>
                     <div>
                        <b>Signature: </b>closeWindow()[pri:0, instance:tests.CountIframeinthePage@7b227d8d]
                     </div>
                     <div>
                        <b>Start time: </b>17:50:46
                     </div>
                     <div>
                        <b>End time: </b>17:50:47
                     </div>
                     <div>
                        <b>Duration: </b>1s
                        
                     </div>
                  </div>
               </td>
            </tr>
            <tr></tr>
            <tr id="tests.VerifyUserLandedontheRightPage_beforeTestStart_byStatus_passed_PASS26_row"
                class="testMethodStatusPASS testMethodStatusCONF">
               <td width="100%" class="firstMethodCell">
                  <a onclick="toggleDetailsVisibility('tests.VerifyUserLandedontheRightPage_beforeTestStart_byStatus_passed_PASS26_details')">beforeTestStart(ff)</a>
               </td>
               <td nowrap="true">17:44:09</td>
               <td nowrap="true" align="right">3s
                  
               </td>
               <td nowrap="true">
                   
                  
               </td>
            </tr>
            <tr>
               <td colspan="4" class="detailsBox">
                  <div id="tests.VerifyUserLandedontheRightPage_beforeTestStart_byStatus_passed_PASS26_details"
                       class="testMethodDetails">
                     <div>
                        <b>Name: </b>beforeTestStart
                     </div>
                     <div>
                        <b>Signature: </b>beforeTestStart(java.lang.String)[pri:0, instance:tests.VerifyUserLandedontheRightPage@222114ba]
                     </div>
                     <div>
                        <b>Parameters: </b>
                        
                        ff
                        
                        
                     </div>
                     <div>
                        <b>Start time: </b>17:44:09
                     </div>
                     <div>
                        <b>End time: </b>17:44:12
                     </div>
                     <div>
                        <b>Duration: </b>3s
                        
                     </div>
                  </div>
               </td>
            </tr>
            <tr></tr>
            <tr id="tests.VerifyUserLandedontheRightPage_userLandedontherightpage_byStatus_passed_PASS27_row"
                class="testMethodStatusPASS">
               <td width="100%" class="firstMethodCell">
                  <a onclick="toggleDetailsVisibility('tests.VerifyUserLandedontheRightPage_userLandedontherightpage_byStatus_passed_PASS27_details')">userLandedontherightpage()</a>
               </td>
               <td nowrap="true">17:44:12</td>
               <td nowrap="true" align="right">31 ms
                  
               </td>
               <td nowrap="true">
                   
                  
               </td>
            </tr>
            <tr>
               <td colspan="4" class="detailsBox">
                  <div id="tests.VerifyUserLandedontheRightPage_userLandedontherightpage_byStatus_passed_PASS27_details"
                       class="testMethodDetails">
                     <div>
                        <b>Name: </b>userLandedontherightpage
                     </div>
                     <div>
                        <b>Signature: </b>userLandedontherightpage()[pri:0, instance:tests.VerifyUserLandedontheRightPage@222114ba]
                     </div>
                     <div>
                        <b>Start time: </b>17:44:12
                     </div>
                     <div>
                        <b>End time: </b>17:44:12
                     </div>
                     <div>
                        <b>Duration: </b>31 ms
                        
                     </div>
                  </div>
               </td>
            </tr>
            <tr></tr>
            <tr id="tests.VerifyUserLandedontheRightPage_closeWindow_byStatus_passed_PASS28_row"
                class="testMethodStatusPASS testMethodStatusCONF">
               <td width="100%" class="firstMethodCell">
                  <a onclick="toggleDetailsVisibility('tests.VerifyUserLandedontheRightPage_closeWindow_byStatus_passed_PASS28_details')">closeWindow()</a>
               </td>
               <td nowrap="true">17:44:12</td>
               <td nowrap="true" align="right">812 ms
                  
               </td>
               <td nowrap="true">
                   
                  
               </td>
            </tr>
            <tr>
               <td colspan="4" class="detailsBox">
                  <div id="tests.VerifyUserLandedontheRightPage_closeWindow_byStatus_passed_PASS28_details"
                       class="testMethodDetails">
                     <div>
                        <b>Name: </b>closeWindow
                     </div>
                     <div>
                        <b>Signature: </b>closeWindow()[pri:0, instance:tests.VerifyUserLandedontheRightPage@222114ba]
                     </div>
                     <div>
                        <b>Start time: </b>17:44:12
                     </div>
                     <div>
                        <b>End time: </b>17:44:13
                     </div>
                     <div>
                        <b>Duration: </b>812 ms
                        
                     </div>
                  </div>
               </td>
            </tr>
            <tr></tr>
            <tr id="tests.SigninwithValidCredentials_beforeTestStart_byStatus_passed_PASS29_row"
                class="testMethodStatusPASS testMethodStatusCONF">
               <td width="100%" class="firstMethodCell">
                  <a onclick="toggleDetailsVisibility('tests.SigninwithValidCredentials_beforeTestStart_byStatus_passed_PASS29_details')">beforeTestStart(ff)</a>
               </td>
               <td nowrap="true">17:44:20</td>
               <td nowrap="true" align="right">4s
                  
               </td>
               <td nowrap="true">
                   
                  
               </td>
            </tr>
            <tr>
               <td colspan="4" class="detailsBox">
                  <div id="tests.SigninwithValidCredentials_beforeTestStart_byStatus_passed_PASS29_details"
                       class="testMethodDetails">
                     <div>
                        <b>Name: </b>beforeTestStart
                     </div>
                     <div>
                        <b>Signature: </b>beforeTestStart(java.lang.String)[pri:0, instance:tests.SigninwithValidCredentials@3d121db3]
                     </div>
                     <div>
                        <b>Parameters: </b>
                        
                        ff
                        
                        
                     </div>
                     <div>
                        <b>Start time: </b>17:44:20
                     </div>
                     <div>
                        <b>End time: </b>17:44:24
                     </div>
                     <div>
                        <b>Duration: </b>4s
                        
                     </div>
                  </div>
               </td>
            </tr>
            <tr></tr>
            <tr id="tests.SigninwithValidCredentials_signInAccount_byStatus_passed_PASS30_row"
                class="testMethodStatusPASS">
               <td width="100%" class="firstMethodCell">
                  <a onclick="toggleDetailsVisibility('tests.SigninwithValidCredentials_signInAccount_byStatus_passed_PASS30_details')">signInAccount()</a>
               </td>
               <td nowrap="true">17:44:24</td>
               <td nowrap="true" align="right">9s
                  
               </td>
               <td nowrap="true">
                   
                  
               </td>
            </tr>
            <tr>
               <td colspan="4" class="detailsBox">
                  <div id="tests.SigninwithValidCredentials_signInAccount_byStatus_passed_PASS30_details"
                       class="testMethodDetails">
                     <div>
                        <b>Name: </b>signInAccount
                     </div>
                     <div>
                        <b>Signature: </b>signInAccount()[pri:0, instance:tests.SigninwithValidCredentials@3d121db3]
                     </div>
                     <div>
                        <b>Start time: </b>17:44:24
                     </div>
                     <div>
                        <b>End time: </b>17:44:33
                     </div>
                     <div>
                        <b>Duration: </b>9s
                        
                     </div>
                  </div>
               </td>
            </tr>
            <tr></tr>
            <tr id="tests.SigninwithValidCredentials_closeWindow_byStatus_passed_PASS31_row"
                class="testMethodStatusPASS testMethodStatusCONF">
               <td width="100%" class="firstMethodCell">
                  <a onclick="toggleDetailsVisibility('tests.SigninwithValidCredentials_closeWindow_byStatus_passed_PASS31_details')">closeWindow()</a>
               </td>
               <td nowrap="true">17:44:33</td>
               <td nowrap="true" align="right">1s
                  
               </td>
               <td nowrap="true">
                   
                  
               </td>
            </tr>
            <tr>
               <td colspan="4" class="detailsBox">
                  <div id="tests.SigninwithValidCredentials_closeWindow_byStatus_passed_PASS31_details"
                       class="testMethodDetails">
                     <div>
                        <b>Name: </b>closeWindow
                     </div>
                     <div>
                        <b>Signature: </b>closeWindow()[pri:0, instance:tests.SigninwithValidCredentials@3d121db3]
                     </div>
                     <div>
                        <b>Start time: </b>17:44:33
                     </div>
                     <div>
                        <b>End time: </b>17:44:35
                     </div>
                     <div>
                        <b>Duration: </b>1s
                        
                     </div>
                  </div>
               </td>
            </tr>
            <tr></tr>
            <tr id="tests.CreateAnAccountWithExpedia_beforeTestStart_byStatus_passed_PASS32_row"
                class="testMethodStatusPASS testMethodStatusCONF">
               <td width="100%" class="firstMethodCell">
                  <a onclick="toggleDetailsVisibility('tests.CreateAnAccountWithExpedia_beforeTestStart_byStatus_passed_PASS32_details')">beforeTestStart(ff)</a>
               </td>
               <td nowrap="true">17:44:43</td>
               <td nowrap="true" align="right">8s
                  
               </td>
               <td nowrap="true">
                   
                  
               </td>
            </tr>
            <tr>
               <td colspan="4" class="detailsBox">
                  <div id="tests.CreateAnAccountWithExpedia_beforeTestStart_byStatus_passed_PASS32_details"
                       class="testMethodDetails">
                     <div>
                        <b>Name: </b>beforeTestStart
                     </div>
                     <div>
                        <b>Signature: </b>beforeTestStart(java.lang.String)[pri:0, instance:tests.CreateAnAccountWithExpedia@11a9e7c8]
                     </div>
                     <div>
                        <b>Parameters: </b>
                        
                        ff
                        
                        
                     </div>
                     <div>
                        <b>Start time: </b>17:44:43
                     </div>
                     <div>
                        <b>End time: </b>17:44:51
                     </div>
                     <div>
                        <b>Duration: </b>8s
                        
                     </div>
                  </div>
               </td>
            </tr>
            <tr></tr>
            <tr id="tests.CreateAnAccountWithExpedia_accountHeader_byStatus_passed_PASS33_row"
                class="testMethodStatusPASS">
               <td width="100%" class="firstMethodCell">
                  <a onclick="toggleDetailsVisibility('tests.CreateAnAccountWithExpedia_accountHeader_byStatus_passed_PASS33_details')">accountHeader()</a>
               </td>
               <td nowrap="true">17:44:51</td>
               <td nowrap="true" align="right">4s
                  
               </td>
               <td nowrap="true">
                   
                  
               </td>
            </tr>
            <tr>
               <td colspan="4" class="detailsBox">
                  <div id="tests.CreateAnAccountWithExpedia_accountHeader_byStatus_passed_PASS33_details"
                       class="testMethodDetails">
                     <div>
                        <b>Name: </b>accountHeader
                     </div>
                     <div>
                        <b>Signature: </b>accountHeader()[pri:0, instance:tests.CreateAnAccountWithExpedia@11a9e7c8]
                     </div>
                     <div>
                        <b>Start time: </b>17:44:51
                     </div>
                     <div>
                        <b>End time: </b>17:44:55
                     </div>
                     <div>
                        <b>Duration: </b>4s
                        
                     </div>
                  </div>
               </td>
            </tr>
            <tr></tr>
            <tr id="tests.CreateAnAccountWithExpedia_closeWindow_byStatus_passed_PASS34_row"
                class="testMethodStatusPASS testMethodStatusCONF">
               <td width="100%" class="firstMethodCell">
                  <a onclick="toggleDetailsVisibility('tests.CreateAnAccountWithExpedia_closeWindow_byStatus_passed_PASS34_details')">closeWindow()</a>
               </td>
               <td nowrap="true">17:44:55</td>
               <td nowrap="true" align="right">2s
                  
               </td>
               <td nowrap="true">
                   
                  
               </td>
            </tr>
            <tr>
               <td colspan="4" class="detailsBox">
                  <div id="tests.CreateAnAccountWithExpedia_closeWindow_byStatus_passed_PASS34_details"
                       class="testMethodDetails">
                     <div>
                        <b>Name: </b>closeWindow
                     </div>
                     <div>
                        <b>Signature: </b>closeWindow()[pri:0, instance:tests.CreateAnAccountWithExpedia@11a9e7c8]
                     </div>
                     <div>
                        <b>Start time: </b>17:44:55
                     </div>
                     <div>
                        <b>End time: </b>17:44:56
                     </div>
                     <div>
                        <b>Duration: </b>2s
                        
                     </div>
                  </div>
               </td>
            </tr>
            <tr></tr>
            <tr id="tests.VerifyUserUsedRightUrl_beforeTestStart_byStatus_passed_PASS35_row"
                class="testMethodStatusPASS testMethodStatusCONF">
               <td width="100%" class="firstMethodCell">
                  <a onclick="toggleDetailsVisibility('tests.VerifyUserUsedRightUrl_beforeTestStart_byStatus_passed_PASS35_details')">beforeTestStart(ff)</a>
               </td>
               <td nowrap="true">17:43:59</td>
               <td nowrap="true" align="right">9s
                  
               </td>
               <td nowrap="true">
                   
                  
               </td>
            </tr>
            <tr>
               <td colspan="4" class="detailsBox">
                  <div id="tests.VerifyUserUsedRightUrl_beforeTestStart_byStatus_passed_PASS35_details"
                       class="testMethodDetails">
                     <div>
                        <b>Name: </b>beforeTestStart
                     </div>
                     <div>
                        <b>Signature: </b>beforeTestStart(java.lang.String)[pri:0, instance:tests.VerifyUserUsedRightUrl@358ee631]
                     </div>
                     <div>
                        <b>Parameters: </b>
                        
                        ff
                        
                        
                     </div>
                     <div>
                        <b>Start time: </b>17:43:59
                     </div>
                     <div>
                        <b>End time: </b>17:44:08
                     </div>
                     <div>
                        <b>Duration: </b>9s
                        
                     </div>
                  </div>
               </td>
            </tr>
            <tr></tr>
            <tr id="tests.VerifyUserUsedRightUrl_usingrighturl_byStatus_passed_PASS36_row"
                class="testMethodStatusPASS">
               <td width="100%" class="firstMethodCell">
                  <a onclick="toggleDetailsVisibility('tests.VerifyUserUsedRightUrl_usingrighturl_byStatus_passed_PASS36_details')">usingrighturl()</a>
               </td>
               <td nowrap="true">17:44:08</td>
               <td nowrap="true" align="right">12 ms
                  
               </td>
               <td nowrap="true">
                   
                  
               </td>
            </tr>
            <tr>
               <td colspan="4" class="detailsBox">
                  <div id="tests.VerifyUserUsedRightUrl_usingrighturl_byStatus_passed_PASS36_details"
                       class="testMethodDetails">
                     <div>
                        <b>Name: </b>usingrighturl
                     </div>
                     <div>
                        <b>Signature: </b>usingrighturl()[pri:0, instance:tests.VerifyUserUsedRightUrl@358ee631]
                     </div>
                     <div>
                        <b>Start time: </b>17:44:08
                     </div>
                     <div>
                        <b>End time: </b>17:44:08
                     </div>
                     <div>
                        <b>Duration: </b>12 ms
                        
                     </div>
                  </div>
               </td>
            </tr>
            <tr></tr>
            <tr id="tests.VerifyUserUsedRightUrl_closeWindow_byStatus_passed_PASS37_row"
                class="testMethodStatusPASS testMethodStatusCONF">
               <td width="100%" class="firstMethodCell">
                  <a onclick="toggleDetailsVisibility('tests.VerifyUserUsedRightUrl_closeWindow_byStatus_passed_PASS37_details')">closeWindow()</a>
               </td>
               <td nowrap="true">17:44:08</td>
               <td nowrap="true" align="right">1s
                  
               </td>
               <td nowrap="true">
                   
                  
               </td>
            </tr>
            <tr>
               <td colspan="4" class="detailsBox">
                  <div id="tests.VerifyUserUsedRightUrl_closeWindow_byStatus_passed_PASS37_details"
                       class="testMethodDetails">
                     <div>
                        <b>Name: </b>closeWindow
                     </div>
                     <div>
                        <b>Signature: </b>closeWindow()[pri:0, instance:tests.VerifyUserUsedRightUrl@358ee631]
                     </div>
                     <div>
                        <b>Start time: </b>17:44:08
                     </div>
                     <div>
                        <b>End time: </b>17:44:09
                     </div>
                     <div>
                        <b>Duration: </b>1s
                        
                     </div>
                  </div>
               </td>
            </tr>
            <tr></tr>
            <tr id="tests.VerifyExpediaLogoandQRCodeDisplayedonTheHomePage_beforeTestStart_byStatus_passed_PASS38_row"
                class="testMethodStatusPASS testMethodStatusCONF">
               <td width="100%" class="firstMethodCell">
                  <a onclick="toggleDetailsVisibility('tests.VerifyExpediaLogoandQRCodeDisplayedonTheHomePage_beforeTestStart_byStatus_passed_PASS38_details')">beforeTestStart(ff)</a>
               </td>
               <td nowrap="true">17:42:52</td>
               <td nowrap="true" align="right">5s
                  
               </td>
               <td nowrap="true">
                   
                  
               </td>
            </tr>
            <tr>
               <td colspan="4" class="detailsBox">
                  <div id="tests.VerifyExpediaLogoandQRCodeDisplayedonTheHomePage_beforeTestStart_byStatus_passed_PASS38_details"
                       class="testMethodDetails">
                     <div>
                        <b>Name: </b>beforeTestStart
                     </div>
                     <div>
                        <b>Signature: </b>beforeTestStart(java.lang.String)[pri:0, instance:tests.VerifyExpediaLogoandQRCodeDisplayedonTheHomePage@37918c79]
                     </div>
                     <div>
                        <b>Parameters: </b>
                        
                        ff
                        
                        
                     </div>
                     <div>
                        <b>Start time: </b>17:42:52
                     </div>
                     <div>
                        <b>End time: </b>17:42:57
                     </div>
                     <div>
                        <b>Duration: </b>5s
                        
                     </div>
                  </div>
               </td>
            </tr>
            <tr></tr>
            <tr id="tests.VerifyExpediaLogoandQRCodeDisplayedonTheHomePage_expediaLogo_byStatus_passed_PASS39_row"
                class="testMethodStatusPASS">
               <td width="100%" class="firstMethodCell">
                  <a onclick="toggleDetailsVisibility('tests.VerifyExpediaLogoandQRCodeDisplayedonTheHomePage_expediaLogo_byStatus_passed_PASS39_details')">expediaLogo()</a>
               </td>
               <td nowrap="true">17:42:57</td>
               <td nowrap="true" align="right">242 ms
                  
               </td>
               <td nowrap="true">
                   
                  
               </td>
            </tr>
            <tr>
               <td colspan="4" class="detailsBox">
                  <div id="tests.VerifyExpediaLogoandQRCodeDisplayedonTheHomePage_expediaLogo_byStatus_passed_PASS39_details"
                       class="testMethodDetails">
                     <div>
                        <b>Name: </b>expediaLogo
                     </div>
                     <div>
                        <b>Signature: </b>expediaLogo()[pri:1, instance:tests.VerifyExpediaLogoandQRCodeDisplayedonTheHomePage@37918c79]
                     </div>
                     <div>
                        <b>Start time: </b>17:42:57
                     </div>
                     <div>
                        <b>End time: </b>17:42:58
                     </div>
                     <div>
                        <b>Duration: </b>242 ms
                        
                     </div>
                  </div>
               </td>
            </tr>
            <tr></tr>
            <tr id="tests.VerifyExpediaLogoandQRCodeDisplayedonTheHomePage_closeWindow_byStatus_passed_PASS40_row"
                class="testMethodStatusPASS testMethodStatusCONF">
               <td width="100%" class="firstMethodCell">
                  <a onclick="toggleDetailsVisibility('tests.VerifyExpediaLogoandQRCodeDisplayedonTheHomePage_closeWindow_byStatus_passed_PASS40_details')">closeWindow()</a>
               </td>
               <td nowrap="true">17:42:58</td>
               <td nowrap="true" align="right">951 ms
                  
               </td>
               <td nowrap="true">
                   
                  
               </td>
            </tr>
            <tr>
               <td colspan="4" class="detailsBox">
                  <div id="tests.VerifyExpediaLogoandQRCodeDisplayedonTheHomePage_closeWindow_byStatus_passed_PASS40_details"
                       class="testMethodDetails">
                     <div>
                        <b>Name: </b>closeWindow
                     </div>
                     <div>
                        <b>Signature: </b>closeWindow()[pri:0, instance:tests.VerifyExpediaLogoandQRCodeDisplayedonTheHomePage@37918c79]
                     </div>
                     <div>
                        <b>Start time: </b>17:42:58
                     </div>
                     <div>
                        <b>End time: </b>17:42:59
                     </div>
                     <div>
                        <b>Duration: </b>951 ms
                        
                     </div>
                  </div>
               </td>
            </tr>
            <tr></tr>
            <tr id="tests.VerifyExpediaLogoandQRCodeDisplayedonTheHomePage_beforeTestStart_byStatus_passed_PASS41_row"
                class="testMethodStatusPASS testMethodStatusCONF">
               <td width="100%" class="firstMethodCell">
                  <a onclick="toggleDetailsVisibility('tests.VerifyExpediaLogoandQRCodeDisplayedonTheHomePage_beforeTestStart_byStatus_passed_PASS41_details')">beforeTestStart(ff)</a>
               </td>
               <td nowrap="true">17:42:59</td>
               <td nowrap="true" align="right">8s
                  
               </td>
               <td nowrap="true">
                   
                  
               </td>
            </tr>
            <tr>
               <td colspan="4" class="detailsBox">
                  <div id="tests.VerifyExpediaLogoandQRCodeDisplayedonTheHomePage_beforeTestStart_byStatus_passed_PASS41_details"
                       class="testMethodDetails">
                     <div>
                        <b>Name: </b>beforeTestStart
                     </div>
                     <div>
                        <b>Signature: </b>beforeTestStart(java.lang.String)[pri:0, instance:tests.VerifyExpediaLogoandQRCodeDisplayedonTheHomePage@37918c79]
                     </div>
                     <div>
                        <b>Parameters: </b>
                        
                        ff
                        
                        
                     </div>
                     <div>
                        <b>Start time: </b>17:42:59
                     </div>
                     <div>
                        <b>End time: </b>17:43:07
                     </div>
                     <div>
                        <b>Duration: </b>8s
                        
                     </div>
                  </div>
               </td>
            </tr>
            <tr></tr>
            <tr id="tests.VerifyExpediaLogoandQRCodeDisplayedonTheHomePage_scanQRCode_byStatus_passed_PASS42_row"
                class="testMethodStatusPASS">
               <td width="100%" class="firstMethodCell">
                  <a onclick="toggleDetailsVisibility('tests.VerifyExpediaLogoandQRCodeDisplayedonTheHomePage_scanQRCode_byStatus_passed_PASS42_details')">scanQRCode()</a>
               </td>
               <td nowrap="true">17:43:07</td>
               <td nowrap="true" align="right">71 ms
                  
               </td>
               <td nowrap="true">
                   
                  
               </td>
            </tr>
            <tr>
               <td colspan="4" class="detailsBox">
                  <div id="tests.VerifyExpediaLogoandQRCodeDisplayedonTheHomePage_scanQRCode_byStatus_passed_PASS42_details"
                       class="testMethodDetails">
                     <div>
                        <b>Name: </b>scanQRCode
                     </div>
                     <div>
                        <b>Signature: </b>scanQRCode()[pri:2, instance:tests.VerifyExpediaLogoandQRCodeDisplayedonTheHomePage@37918c79]
                     </div>
                     <div>
                        <b>Start time: </b>17:43:07
                     </div>
                     <div>
                        <b>End time: </b>17:43:07
                     </div>
                     <div>
                        <b>Duration: </b>71 ms
                        
                     </div>
                  </div>
               </td>
            </tr>
            <tr></tr>
            <tr id="tests.VerifyExpediaLogoandQRCodeDisplayedonTheHomePage_closeWindow_byStatus_passed_PASS43_row"
                class="testMethodStatusPASS testMethodStatusCONF">
               <td width="100%" class="firstMethodCell">
                  <a onclick="toggleDetailsVisibility('tests.VerifyExpediaLogoandQRCodeDisplayedonTheHomePage_closeWindow_byStatus_passed_PASS43_details')">closeWindow()</a>
               </td>
               <td nowrap="true">17:43:07</td>
               <td nowrap="true" align="right">1s
                  
               </td>
               <td nowrap="true">
                   
                  
               </td>
            </tr>
            <tr>
               <td colspan="4" class="detailsBox">
                  <div id="tests.VerifyExpediaLogoandQRCodeDisplayedonTheHomePage_closeWindow_byStatus_passed_PASS43_details"
                       class="testMethodDetails">
                     <div>
                        <b>Name: </b>closeWindow
                     </div>
                     <div>
                        <b>Signature: </b>closeWindow()[pri:0, instance:tests.VerifyExpediaLogoandQRCodeDisplayedonTheHomePage@37918c79]
                     </div>
                     <div>
                        <b>Start time: </b>17:43:07
                     </div>
                     <div>
                        <b>End time: </b>17:43:08
                     </div>
                     <div>
                        <b>Duration: </b>1s
                        
                     </div>
                  </div>
               </td>
            </tr>
            <tr></tr>
            <tr id="tests.ConfirmUserReceivedLinktexttoDownloadExpediaApp_beforeTestStart_byStatus_passed_PASS44_row"
                class="testMethodStatusPASS testMethodStatusCONF">
               <td width="100%" class="firstMethodCell">
                  <a onclick="toggleDetailsVisibility('tests.ConfirmUserReceivedLinktexttoDownloadExpediaApp_beforeTestStart_byStatus_passed_PASS44_details')">beforeTestStart(ff)</a>
               </td>
               <td nowrap="true">17:44:35</td>
               <td nowrap="true" align="right">4s
                  
               </td>
               <td nowrap="true">
                   
                  
               </td>
            </tr>
            <tr>
               <td colspan="4" class="detailsBox">
                  <div id="tests.ConfirmUserReceivedLinktexttoDownloadExpediaApp_beforeTestStart_byStatus_passed_PASS44_details"
                       class="testMethodDetails">
                     <div>
                        <b>Name: </b>beforeTestStart
                     </div>
                     <div>
                        <b>Signature: </b>beforeTestStart(java.lang.String)[pri:0, instance:tests.ConfirmUserReceivedLinktexttoDownloadExpediaApp@3b07a0d6]
                     </div>
                     <div>
                        <b>Parameters: </b>
                        
                        ff
                        
                        
                     </div>
                     <div>
                        <b>Start time: </b>17:44:35
                     </div>
                     <div>
                        <b>End time: </b>17:44:39
                     </div>
                     <div>
                        <b>Duration: </b>4s
                        
                     </div>
                  </div>
               </td>
            </tr>
            <tr></tr>
            <tr id="tests.ConfirmUserReceivedLinktexttoDownloadExpediaApp_textMessageReceive_byStatus_passed_PASS45_row"
                class="testMethodStatusPASS">
               <td width="100%" class="firstMethodCell">
                  <a onclick="toggleDetailsVisibility('tests.ConfirmUserReceivedLinktexttoDownloadExpediaApp_textMessageReceive_byStatus_passed_PASS45_details')">textMessageReceive()</a>
               </td>
               <td nowrap="true">17:44:39</td>
               <td nowrap="true" align="right">3s
                  
               </td>
               <td nowrap="true">
                   
                  
               </td>
            </tr>
            <tr>
               <td colspan="4" class="detailsBox">
                  <div id="tests.ConfirmUserReceivedLinktexttoDownloadExpediaApp_textMessageReceive_byStatus_passed_PASS45_details"
                       class="testMethodDetails">
                     <div>
                        <b>Name: </b>textMessageReceive
                     </div>
                     <div>
                        <b>Signature: </b>textMessageReceive()[pri:0, instance:tests.ConfirmUserReceivedLinktexttoDownloadExpediaApp@3b07a0d6]
                     </div>
                     <div>
                        <b>Start time: </b>17:44:39
                     </div>
                     <div>
                        <b>End time: </b>17:44:42
                     </div>
                     <div>
                        <b>Duration: </b>3s
                        
                     </div>
                  </div>
               </td>
            </tr>
            <tr></tr>
            <tr id="tests.ConfirmUserReceivedLinktexttoDownloadExpediaApp_closeWindow_byStatus_passed_PASS46_row"
                class="testMethodStatusPASS testMethodStatusCONF">
               <td width="100%" class="firstMethodCell">
                  <a onclick="toggleDetailsVisibility('tests.ConfirmUserReceivedLinktexttoDownloadExpediaApp_closeWindow_byStatus_passed_PASS46_details')">closeWindow()</a>
               </td>
               <td nowrap="true">17:44:42</td>
               <td nowrap="true" align="right">1s
                  
               </td>
               <td nowrap="true">
                   
                  
               </td>
            </tr>
            <tr>
               <td colspan="4" class="detailsBox">
                  <div id="tests.ConfirmUserReceivedLinktexttoDownloadExpediaApp_closeWindow_byStatus_passed_PASS46_details"
                       class="testMethodDetails">
                     <div>
                        <b>Name: </b>closeWindow
                     </div>
                     <div>
                        <b>Signature: </b>closeWindow()[pri:0, instance:tests.ConfirmUserReceivedLinktexttoDownloadExpediaApp@3b07a0d6]
                     </div>
                     <div>
                        <b>Start time: </b>17:44:42
                     </div>
                     <div>
                        <b>End time: </b>17:44:43
                     </div>
                     <div>
                        <b>Duration: </b>1s
                        
                     </div>
                  </div>
               </td>
            </tr>
            <tr></tr>
            <tr id="tests.VerifyHeaderTabsTakeUsertotheRightPage_beforeTestStart_byStatus_passed_PASS47_row"
                class="testMethodStatusPASS testMethodStatusCONF">
               <td width="100%" class="firstMethodCell">
                  <a onclick="toggleDetailsVisibility('tests.VerifyHeaderTabsTakeUsertotheRightPage_beforeTestStart_byStatus_passed_PASS47_details')">beforeTestStart(ff)</a>
               </td>
               <td nowrap="true">17:36:29</td>
               <td nowrap="true" align="right">11s
                  
               </td>
               <td nowrap="true">
                   
                  
               </td>
            </tr>
            <tr>
               <td colspan="4" class="detailsBox">
                  <div id="tests.VerifyHeaderTabsTakeUsertotheRightPage_beforeTestStart_byStatus_passed_PASS47_details"
                       class="testMethodDetails">
                     <div>
                        <b>Name: </b>beforeTestStart
                     </div>
                     <div>
                        <b>Signature: </b>beforeTestStart(java.lang.String)[pri:0, instance:tests.VerifyHeaderTabsTakeUsertotheRightPage@38c5cc4c]
                     </div>
                     <div>
                        <b>Parameters: </b>
                        
                        ff
                        
                        
                     </div>
                     <div>
                        <b>Start time: </b>17:36:29
                     </div>
                     <div>
                        <b>End time: </b>17:36:40
                     </div>
                     <div>
                        <b>Duration: </b>11s
                        
                     </div>
                  </div>
               </td>
            </tr>
            <tr></tr>
            <tr id="tests.VerifyHeaderTabsTakeUsertotheRightPage_closeWindow_byStatus_passed_PASS48_row"
                class="testMethodStatusPASS testMethodStatusCONF">
               <td width="100%" class="firstMethodCell">
                  <a onclick="toggleDetailsVisibility('tests.VerifyHeaderTabsTakeUsertotheRightPage_closeWindow_byStatus_passed_PASS48_details')">closeWindow()</a>
               </td>
               <td nowrap="true">17:42:05</td>
               <td nowrap="true" align="right">1s
                  
               </td>
               <td nowrap="true">
                   
                  
               </td>
            </tr>
            <tr>
               <td colspan="4" class="detailsBox">
                  <div id="tests.VerifyHeaderTabsTakeUsertotheRightPage_closeWindow_byStatus_passed_PASS48_details"
                       class="testMethodDetails">
                     <div>
                        <b>Name: </b>closeWindow
                     </div>
                     <div>
                        <b>Signature: </b>closeWindow()[pri:0, instance:tests.VerifyHeaderTabsTakeUsertotheRightPage@38c5cc4c]
                     </div>
                     <div>
                        <b>Start time: </b>17:42:05
                     </div>
                     <div>
                        <b>End time: </b>17:42:06
                     </div>
                     <div>
                        <b>Duration: </b>1s
                        
                     </div>
                  </div>
               </td>
            </tr>
            <tr></tr>
            <tr id="tests.PracticeAssertisbeingFailedIntentianllytoSeeapictureintheXLSTReport_beforeTestStart_byStatus_passed_PASS49_row"
                class="testMethodStatusPASS testMethodStatusCONF">
               <td width="100%" class="firstMethodCell">
                  <a onclick="toggleDetailsVisibility('tests.PracticeAssertisbeingFailedIntentianllytoSeeapictureintheXLSTReport_beforeTestStart_byStatus_passed_PASS49_details')">beforeTestStart(ff)</a>
               </td>
               <td nowrap="true">17:44:13</td>
               <td nowrap="true" align="right">5s
                  
               </td>
               <td nowrap="true">
                   
                  
               </td>
            </tr>
            <tr>
               <td colspan="4" class="detailsBox">
                  <div id="tests.PracticeAssertisbeingFailedIntentianllytoSeeapictureintheXLSTReport_beforeTestStart_byStatus_passed_PASS49_details"
                       class="testMethodDetails">
                     <div>
                        <b>Name: </b>beforeTestStart
                     </div>
                     <div>
                        <b>Signature: </b>beforeTestStart(java.lang.String)[pri:0, instance:tests.PracticeAssertisbeingFailedIntentianllytoSeeapictureintheXLSTReport@16e7dcfd]
                     </div>
                     <div>
                        <b>Parameters: </b>
                        
                        ff
                        
                        
                     </div>
                     <div>
                        <b>Start time: </b>17:44:13
                     </div>
                     <div>
                        <b>End time: </b>17:44:18
                     </div>
                     <div>
                        <b>Duration: </b>5s
                        
                     </div>
                  </div>
               </td>
            </tr>
            <tr></tr>
            <tr id="tests.PracticeAssertisbeingFailedIntentianllytoSeeapictureintheXLSTReport_closeWindow_byStatus_passed_PASS50_row"
                class="testMethodStatusPASS testMethodStatusCONF">
               <td width="100%" class="firstMethodCell">
                  <a onclick="toggleDetailsVisibility('tests.PracticeAssertisbeingFailedIntentianllytoSeeapictureintheXLSTReport_closeWindow_byStatus_passed_PASS50_details')">closeWindow()</a>
               </td>
               <td nowrap="true">17:44:19</td>
               <td nowrap="true" align="right">1s
                  
               </td>
               <td nowrap="true">
                   
                  
               </td>
            </tr>
            <tr>
               <td colspan="4" class="detailsBox">
                  <div id="tests.PracticeAssertisbeingFailedIntentianllytoSeeapictureintheXLSTReport_closeWindow_byStatus_passed_PASS50_details"
                       class="testMethodDetails">
                     <div>
                        <b>Name: </b>closeWindow
                     </div>
                     <div>
                        <b>Signature: </b>closeWindow()[pri:0, instance:tests.PracticeAssertisbeingFailedIntentianllytoSeeapictureintheXLSTReport@16e7dcfd]
                     </div>
                     <div>
                        <b>Start time: </b>17:44:19
                     </div>
                     <div>
                        <b>End time: </b>17:44:20
                     </div>
                     <div>
                        <b>Duration: </b>1s
                        
                     </div>
                  </div>
               </td>
            </tr>
            <tr></tr>
            <tr id="tests.VerifyHomePageScrollBarMovesAlltheWayBottomofthePage_beforeTestStart_byStatus_passed_PASS51_row"
                class="testMethodStatusPASS testMethodStatusCONF">
               <td width="100%" class="firstMethodCell">
                  <a onclick="toggleDetailsVisibility('tests.VerifyHomePageScrollBarMovesAlltheWayBottomofthePage_beforeTestStart_byStatus_passed_PASS51_details')">beforeTestStart(ff)</a>
               </td>
               <td nowrap="true">17:43:29</td>
               <td nowrap="true" align="right">4s
                  
               </td>
               <td nowrap="true">
                   
                  
               </td>
            </tr>
            <tr>
               <td colspan="4" class="detailsBox">
                  <div id="tests.VerifyHomePageScrollBarMovesAlltheWayBottomofthePage_beforeTestStart_byStatus_passed_PASS51_details"
                       class="testMethodDetails">
                     <div>
                        <b>Name: </b>beforeTestStart
                     </div>
                     <div>
                        <b>Signature: </b>beforeTestStart(java.lang.String)[pri:0, instance:tests.VerifyHomePageScrollBarMovesAlltheWayBottomofthePage@3c72f59f]
                     </div>
                     <div>
                        <b>Parameters: </b>
                        
                        ff
                        
                        
                     </div>
                     <div>
                        <b>Start time: </b>17:43:29
                     </div>
                     <div>
                        <b>End time: </b>17:43:33
                     </div>
                     <div>
                        <b>Duration: </b>4s
                        
                     </div>
                  </div>
               </td>
            </tr>
            <tr></tr>
            <tr id="tests.VerifyHomePageScrollBarMovesAlltheWayBottomofthePage_expediaMainPageScrollBar_byStatus_passed_PASS52_row"
                class="testMethodStatusPASS">
               <td width="100%" class="firstMethodCell">
                  <a onclick="toggleDetailsVisibility('tests.VerifyHomePageScrollBarMovesAlltheWayBottomofthePage_expediaMainPageScrollBar_byStatus_passed_PASS52_details')">expediaMainPageScrollBar()</a>
               </td>
               <td nowrap="true">17:43:33</td>
               <td nowrap="true" align="right">3s
                  
               </td>
               <td nowrap="true">
                   
                  
               </td>
            </tr>
            <tr>
               <td colspan="4" class="detailsBox">
                  <div id="tests.VerifyHomePageScrollBarMovesAlltheWayBottomofthePage_expediaMainPageScrollBar_byStatus_passed_PASS52_details"
                       class="testMethodDetails">
                     <div>
                        <b>Name: </b>expediaMainPageScrollBar
                     </div>
                     <div>
                        <b>Signature: </b>expediaMainPageScrollBar()[pri:0, instance:tests.VerifyHomePageScrollBarMovesAlltheWayBottomofthePage@3c72f59f]
                     </div>
                     <div>
                        <b>Start time: </b>17:43:33
                     </div>
                     <div>
                        <b>End time: </b>17:43:36
                     </div>
                     <div>
                        <b>Duration: </b>3s
                        
                     </div>
                  </div>
               </td>
            </tr>
            <tr></tr>
            <tr id="tests.VerifyHomePageScrollBarMovesAlltheWayBottomofthePage_closeWindow_byStatus_passed_PASS53_row"
                class="testMethodStatusPASS testMethodStatusCONF">
               <td width="100%" class="firstMethodCell">
                  <a onclick="toggleDetailsVisibility('tests.VerifyHomePageScrollBarMovesAlltheWayBottomofthePage_closeWindow_byStatus_passed_PASS53_details')">closeWindow()</a>
               </td>
               <td nowrap="true">17:43:36</td>
               <td nowrap="true" align="right">989 ms
                  
               </td>
               <td nowrap="true">
                   
                  
               </td>
            </tr>
            <tr>
               <td colspan="4" class="detailsBox">
                  <div id="tests.VerifyHomePageScrollBarMovesAlltheWayBottomofthePage_closeWindow_byStatus_passed_PASS53_details"
                       class="testMethodDetails">
                     <div>
                        <b>Name: </b>closeWindow
                     </div>
                     <div>
                        <b>Signature: </b>closeWindow()[pri:0, instance:tests.VerifyHomePageScrollBarMovesAlltheWayBottomofthePage@3c72f59f]
                     </div>
                     <div>
                        <b>Start time: </b>17:43:36
                     </div>
                     <div>
                        <b>End time: </b>17:43:37
                     </div>
                     <div>
                        <b>Duration: </b>989 ms
                        
                     </div>
                  </div>
               </td>
            </tr>
            <tr></tr>
            <tr id="tests.VerifySubHeaderTabsTakeUsertotheRightPage_subHeaderTabs_byStatus_skiped_SKIP1_row"
                class="testMethodStatusSKIP">
               <td width="100%" class="firstMethodCell">
                  <a onclick="toggleDetailsVisibility('tests.VerifySubHeaderTabsTakeUsertotheRightPage_subHeaderTabs_byStatus_skiped_SKIP1_details')">subHeaderTabs()</a>
               </td>
               <td nowrap="true">17:43:56</td>
               <td nowrap="true" align="right">2s
                  
               </td>
               <td nowrap="true">
                  <a onclick="toggleDetailsVisibility('tests.VerifySubHeaderTabsTakeUsertotheRightPage_subHeaderTabs_byStatus_skiped_SKIP1_exception')">org.testng.SkipException: 
                     Requirements changed and we don't need to perform this test anymore
                     
                  </a>
                   
                  
               </td>
            </tr>
            <tr>
               <td colspan="4" class="detailsBox">
                  <div id="tests.VerifySubHeaderTabsTakeUsertotheRightPage_subHeaderTabs_byStatus_skiped_SKIP1_details"
                       class="testMethodDetails">
                     <div>
                        <b>Name: </b>subHeaderTabs
                     </div>
                     <div>
                        <b>Signature: </b>subHeaderTabs()[pri:0, instance:tests.VerifySubHeaderTabsTakeUsertotheRightPage@60dcc9fe]
                     </div>
                     <div>
                        <b>Start time: </b>17:43:56
                     </div>
                     <div>
                        <b>End time: </b>17:43:58
                     </div>
                     <div>
                        <b>Duration: </b>2s
                        
                     </div>
                  </div>
               </td>
            </tr>
            <tr>
               <td colspan="4" class="detailsBox">
                  <div id="tests.VerifySubHeaderTabsTakeUsertotheRightPage_subHeaderTabs_byStatus_skiped_SKIP1_exception"
                       class="testMethodDetails">
                     <pre style="padding: 5px; margin: 0;">org.testng.SkipException: Requirements changed and we don't need to perform this test anymore
                        	at tests.VerifySubHeaderTabsTakeUsertotheRightPage.subHeaderTabs(VerifySubHeaderTabsTakeUsertotheRightPage.java:29)
                        	at sun.reflect.NativeMethodAccessorImpl.invoke0(Native Method)
                        	at sun.reflect.NativeMethodAccessorImpl.invoke(Unknown Source)
                        	at sun.reflect.DelegatingMethodAccessorImpl.invoke(Unknown Source)
                        	at java.lang.reflect.Method.invoke(Unknown Source)
                        	at org.testng.internal.MethodInvocationHelper.invokeMethod(MethodInvocationHelper.java:85)
                        	at org.testng.internal.Invoker.invokeMethod(Invoker.java:639)
                        	at org.testng.internal.Invoker.invokeTestMethod(Invoker.java:816)
                        	at org.testng.internal.Invoker.invokeTestMethods(Invoker.java:1124)
                        	at org.testng.internal.TestMethodWorker.invokeTestMethods(TestMethodWorker.java:125)
                        	at org.testng.internal.TestMethodWorker.run(TestMethodWorker.java:108)
                        	at org.testng.TestRunner.privateRun(TestRunner.java:774)
                        	at org.testng.TestRunner.run(TestRunner.java:624)
                        	at org.testng.SuiteRunner.runTest(SuiteRunner.java:359)
                        	at org.testng.SuiteRunner.runSequentially(SuiteRunner.java:354)
                        	at org.testng.SuiteRunner.privateRun(SuiteRunner.java:312)
                        	at org.testng.SuiteRunner.run(SuiteRunner.java:261)
                        	at org.testng.SuiteRunnerWorker.runSuite(SuiteRunnerWorker.java:52)
                        	at org.testng.SuiteRunnerWorker.run(SuiteRunnerWorker.java:86)
                        	at org.testng.TestNG.runSuitesSequentially(TestNG.java:1215)
                        	at org.testng.TestNG.runSuitesLocally(TestNG.java:1140)
                        	at org.testng.TestNG.run(TestNG.java:1048)
                        	at org.testng.TestNG.privateMain(TestNG.java:1355)
                        	at org.testng.TestNG.main(TestNG.java:1324)
                     </pre>
                  </div>
               </td>
            </tr>
         </table>
      </div>
      <div id="testMethodsByClass" style="display: none;">
         <table class="testMethodsTable" cellpadding="0" cellspacing="0">
            <tr>
               <td colspan="4">
                  <h3 style="display: inline;">tests.BookingaDesiredCar_Major_Functionality</h3>
               </td>
            </tr>
            <tr class="methodsTableHeader">
               <td width="100%">Name</td>
               <td nowrap="true">Started</td>
               <td nowrap="true">Duration</td>
               <td>Exception</td>
            </tr>
            <tr id="tests.BookingaDesiredCar_Major_Functionality_beforeTestStart_byClass_PASS1_row"
                class="testMethodStatusPASS testMethodStatusCONF">
               <td width="100%" class="firstMethodCell">
                  <a onclick="toggleDetailsVisibility('tests.BookingaDesiredCar_Major_Functionality_beforeTestStart_byClass_PASS1_details')">beforeTestStart(ff)</a>
               </td>
               <td nowrap="true">17:42:06</td>
               <td nowrap="true" align="right">12s
                  
               </td>
               <td nowrap="true">
                   
                  
               </td>
            </tr>
            <tr>
               <td colspan="4" class="detailsBox">
                  <div id="tests.BookingaDesiredCar_Major_Functionality_beforeTestStart_byClass_PASS1_details"
                       class="testMethodDetails">
                     <div>
                        <b>Name: </b>beforeTestStart
                     </div>
                     <div>
                        <b>Signature: </b>beforeTestStart(java.lang.String)[pri:0, instance:tests.BookingaDesiredCar_Major_Functionality@ec756bd]
                     </div>
                     <div>
                        <b>Parameters: </b>
                        
                        ff
                        
                        
                     </div>
                     <div>
                        <b>Start time: </b>17:42:06
                     </div>
                     <div>
                        <b>End time: </b>17:42:18
                     </div>
                     <div>
                        <b>Duration: </b>12s
                        
                     </div>
                  </div>
               </td>
            </tr>
            <tr></tr>
            <tr id="tests.BookingaDesiredCar_Major_Functionality_carReservation_byClass_PASS2_row"
                class="testMethodStatusPASS">
               <td width="100%" class="firstMethodCell">
                  <a onclick="toggleDetailsVisibility('tests.BookingaDesiredCar_Major_Functionality_carReservation_byClass_PASS2_details')">carReservation()</a>
               </td>
               <td nowrap="true">17:42:18</td>
               <td nowrap="true" align="right">33s
                  
               </td>
               <td nowrap="true">
                   
                  
               </td>
            </tr>
            <tr>
               <td colspan="4" class="detailsBox">
                  <div id="tests.BookingaDesiredCar_Major_Functionality_carReservation_byClass_PASS2_details"
                       class="testMethodDetails">
                     <div>
                        <b>Name: </b>carReservation
                     </div>
                     <div>
                        <b>Signature: </b>carReservation()[pri:0, instance:tests.BookingaDesiredCar_Major_Functionality@ec756bd]
                     </div>
                     <div>
                        <b>Start time: </b>17:42:18
                     </div>
                     <div>
                        <b>End time: </b>17:42:51
                     </div>
                     <div>
                        <b>Duration: </b>33s
                        
                     </div>
                  </div>
               </td>
            </tr>
            <tr></tr>
            <tr id="tests.BookingaDesiredCar_Major_Functionality_closeWindow_byClass_PASS3_row"
                class="testMethodStatusPASS testMethodStatusCONF">
               <td width="100%" class="firstMethodCell">
                  <a onclick="toggleDetailsVisibility('tests.BookingaDesiredCar_Major_Functionality_closeWindow_byClass_PASS3_details')">closeWindow()</a>
               </td>
               <td nowrap="true">17:42:51</td>
               <td nowrap="true" align="right">2s
                  
               </td>
               <td nowrap="true">
                   
                  
               </td>
            </tr>
            <tr>
               <td colspan="4" class="detailsBox">
                  <div id="tests.BookingaDesiredCar_Major_Functionality_closeWindow_byClass_PASS3_details"
                       class="testMethodDetails">
                     <div>
                        <b>Name: </b>closeWindow
                     </div>
                     <div>
                        <b>Signature: </b>closeWindow()[pri:0, instance:tests.BookingaDesiredCar_Major_Functionality@ec756bd]
                     </div>
                     <div>
                        <b>Start time: </b>17:42:51
                     </div>
                     <div>
                        <b>End time: </b>17:42:52
                     </div>
                     <div>
                        <b>Duration: </b>2s
                        
                     </div>
                  </div>
               </td>
            </tr>
            <tr></tr>
         </table>
         <br></br>
         <table class="testMethodsTable" cellpadding="0" cellspacing="0">
            <tr>
               <td colspan="4">
                  <h3 style="display: inline;">tests.ConfirmUserReceivedLinktexttoDownloadExpediaApp</h3>
               </td>
            </tr>
            <tr class="methodsTableHeader">
               <td width="100%">Name</td>
               <td nowrap="true">Started</td>
               <td nowrap="true">Duration</td>
               <td>Exception</td>
            </tr>
            <tr id="tests.ConfirmUserReceivedLinktexttoDownloadExpediaApp_beforeTestStart_byClass_PASS1_row"
                class="testMethodStatusPASS testMethodStatusCONF">
               <td width="100%" class="firstMethodCell">
                  <a onclick="toggleDetailsVisibility('tests.ConfirmUserReceivedLinktexttoDownloadExpediaApp_beforeTestStart_byClass_PASS1_details')">beforeTestStart(ff)</a>
               </td>
               <td nowrap="true">17:44:35</td>
               <td nowrap="true" align="right">4s
                  
               </td>
               <td nowrap="true">
                   
                  
               </td>
            </tr>
            <tr>
               <td colspan="4" class="detailsBox">
                  <div id="tests.ConfirmUserReceivedLinktexttoDownloadExpediaApp_beforeTestStart_byClass_PASS1_details"
                       class="testMethodDetails">
                     <div>
                        <b>Name: </b>beforeTestStart
                     </div>
                     <div>
                        <b>Signature: </b>beforeTestStart(java.lang.String)[pri:0, instance:tests.ConfirmUserReceivedLinktexttoDownloadExpediaApp@3b07a0d6]
                     </div>
                     <div>
                        <b>Parameters: </b>
                        
                        ff
                        
                        
                     </div>
                     <div>
                        <b>Start time: </b>17:44:35
                     </div>
                     <div>
                        <b>End time: </b>17:44:39
                     </div>
                     <div>
                        <b>Duration: </b>4s
                        
                     </div>
                  </div>
               </td>
            </tr>
            <tr></tr>
            <tr id="tests.ConfirmUserReceivedLinktexttoDownloadExpediaApp_textMessageReceive_byClass_PASS2_row"
                class="testMethodStatusPASS">
               <td width="100%" class="firstMethodCell">
                  <a onclick="toggleDetailsVisibility('tests.ConfirmUserReceivedLinktexttoDownloadExpediaApp_textMessageReceive_byClass_PASS2_details')">textMessageReceive()</a>
               </td>
               <td nowrap="true">17:44:39</td>
               <td nowrap="true" align="right">3s
                  
               </td>
               <td nowrap="true">
                   
                  
               </td>
            </tr>
            <tr>
               <td colspan="4" class="detailsBox">
                  <div id="tests.ConfirmUserReceivedLinktexttoDownloadExpediaApp_textMessageReceive_byClass_PASS2_details"
                       class="testMethodDetails">
                     <div>
                        <b>Name: </b>textMessageReceive
                     </div>
                     <div>
                        <b>Signature: </b>textMessageReceive()[pri:0, instance:tests.ConfirmUserReceivedLinktexttoDownloadExpediaApp@3b07a0d6]
                     </div>
                     <div>
                        <b>Start time: </b>17:44:39
                     </div>
                     <div>
                        <b>End time: </b>17:44:42
                     </div>
                     <div>
                        <b>Duration: </b>3s
                        
                     </div>
                  </div>
               </td>
            </tr>
            <tr></tr>
            <tr id="tests.ConfirmUserReceivedLinktexttoDownloadExpediaApp_closeWindow_byClass_PASS3_row"
                class="testMethodStatusPASS testMethodStatusCONF">
               <td width="100%" class="firstMethodCell">
                  <a onclick="toggleDetailsVisibility('tests.ConfirmUserReceivedLinktexttoDownloadExpediaApp_closeWindow_byClass_PASS3_details')">closeWindow()</a>
               </td>
               <td nowrap="true">17:44:42</td>
               <td nowrap="true" align="right">1s
                  
               </td>
               <td nowrap="true">
                   
                  
               </td>
            </tr>
            <tr>
               <td colspan="4" class="detailsBox">
                  <div id="tests.ConfirmUserReceivedLinktexttoDownloadExpediaApp_closeWindow_byClass_PASS3_details"
                       class="testMethodDetails">
                     <div>
                        <b>Name: </b>closeWindow
                     </div>
                     <div>
                        <b>Signature: </b>closeWindow()[pri:0, instance:tests.ConfirmUserReceivedLinktexttoDownloadExpediaApp@3b07a0d6]
                     </div>
                     <div>
                        <b>Start time: </b>17:44:42
                     </div>
                     <div>
                        <b>End time: </b>17:44:43
                     </div>
                     <div>
                        <b>Duration: </b>1s
                        
                     </div>
                  </div>
               </td>
            </tr>
            <tr></tr>
         </table>
         <br></br>
         <table class="testMethodsTable" cellpadding="0" cellspacing="0">
            <tr>
               <td colspan="4">
                  <h3 style="display: inline;">tests.CountIframeinthePage</h3>
               </td>
            </tr>
            <tr class="methodsTableHeader">
               <td width="100%">Name</td>
               <td nowrap="true">Started</td>
               <td nowrap="true">Duration</td>
               <td>Exception</td>
            </tr>
            <tr id="tests.CountIframeinthePage_beforeTestStart_byClass_PASS1_row"
                class="testMethodStatusPASS testMethodStatusCONF">
               <td width="100%" class="firstMethodCell">
                  <a onclick="toggleDetailsVisibility('tests.CountIframeinthePage_beforeTestStart_byClass_PASS1_details')">beforeTestStart(ff)</a>
               </td>
               <td nowrap="true">17:50:37</td>
               <td nowrap="true" align="right">9s
                  
               </td>
               <td nowrap="true">
                   
                  
               </td>
            </tr>
            <tr>
               <td colspan="4" class="detailsBox">
                  <div id="tests.CountIframeinthePage_beforeTestStart_byClass_PASS1_details"
                       class="testMethodDetails">
                     <div>
                        <b>Name: </b>beforeTestStart
                     </div>
                     <div>
                        <b>Signature: </b>beforeTestStart(java.lang.String)[pri:0, instance:tests.CountIframeinthePage@7b227d8d]
                     </div>
                     <div>
                        <b>Parameters: </b>
                        
                        ff
                        
                        
                     </div>
                     <div>
                        <b>Start time: </b>17:50:37
                     </div>
                     <div>
                        <b>End time: </b>17:50:46
                     </div>
                     <div>
                        <b>Duration: </b>9s
                        
                     </div>
                  </div>
               </td>
            </tr>
            <tr></tr>
            <tr id="tests.CountIframeinthePage_countIframe_byClass_PASS2_row"
                class="testMethodStatusPASS">
               <td width="100%" class="firstMethodCell">
                  <a onclick="toggleDetailsVisibility('tests.CountIframeinthePage_countIframe_byClass_PASS2_details')">countIframe()</a>
               </td>
               <td nowrap="true">17:50:46</td>
               <td nowrap="true" align="right">38 ms
                  
               </td>
               <td nowrap="true">
                   
                  
               </td>
            </tr>
            <tr>
               <td colspan="4" class="detailsBox">
                  <div id="tests.CountIframeinthePage_countIframe_byClass_PASS2_details"
                       class="testMethodDetails">
                     <div>
                        <b>Name: </b>countIframe
                     </div>
                     <div>
                        <b>Signature: </b>countIframe()[pri:0, instance:tests.CountIframeinthePage@7b227d8d]
                     </div>
                     <div>
                        <b>Start time: </b>17:50:46
                     </div>
                     <div>
                        <b>End time: </b>17:50:46
                     </div>
                     <div>
                        <b>Duration: </b>38 ms
                        
                     </div>
                  </div>
               </td>
            </tr>
            <tr></tr>
            <tr id="tests.CountIframeinthePage_closeWindow_byClass_PASS3_row"
                class="testMethodStatusPASS testMethodStatusCONF">
               <td width="100%" class="firstMethodCell">
                  <a onclick="toggleDetailsVisibility('tests.CountIframeinthePage_closeWindow_byClass_PASS3_details')">closeWindow()</a>
               </td>
               <td nowrap="true">17:50:46</td>
               <td nowrap="true" align="right">1s
                  
               </td>
               <td nowrap="true">
                   
                  
               </td>
            </tr>
            <tr>
               <td colspan="4" class="detailsBox">
                  <div id="tests.CountIframeinthePage_closeWindow_byClass_PASS3_details"
                       class="testMethodDetails">
                     <div>
                        <b>Name: </b>closeWindow
                     </div>
                     <div>
                        <b>Signature: </b>closeWindow()[pri:0, instance:tests.CountIframeinthePage@7b227d8d]
                     </div>
                     <div>
                        <b>Start time: </b>17:50:46
                     </div>
                     <div>
                        <b>End time: </b>17:50:47
                     </div>
                     <div>
                        <b>Duration: </b>1s
                        
                     </div>
                  </div>
               </td>
            </tr>
            <tr></tr>
         </table>
         <br></br>
         <table class="testMethodsTable" cellpadding="0" cellspacing="0">
            <tr>
               <td colspan="4">
                  <h3 style="display: inline;">tests.CreateAnAccountWithExpedia</h3>
               </td>
            </tr>
            <tr class="methodsTableHeader">
               <td width="100%">Name</td>
               <td nowrap="true">Started</td>
               <td nowrap="true">Duration</td>
               <td>Exception</td>
            </tr>
            <tr id="tests.CreateAnAccountWithExpedia_beforeTestStart_byClass_PASS1_row"
                class="testMethodStatusPASS testMethodStatusCONF">
               <td width="100%" class="firstMethodCell">
                  <a onclick="toggleDetailsVisibility('tests.CreateAnAccountWithExpedia_beforeTestStart_byClass_PASS1_details')">beforeTestStart(ff)</a>
               </td>
               <td nowrap="true">17:44:43</td>
               <td nowrap="true" align="right">8s
                  
               </td>
               <td nowrap="true">
                   
                  
               </td>
            </tr>
            <tr>
               <td colspan="4" class="detailsBox">
                  <div id="tests.CreateAnAccountWithExpedia_beforeTestStart_byClass_PASS1_details"
                       class="testMethodDetails">
                     <div>
                        <b>Name: </b>beforeTestStart
                     </div>
                     <div>
                        <b>Signature: </b>beforeTestStart(java.lang.String)[pri:0, instance:tests.CreateAnAccountWithExpedia@11a9e7c8]
                     </div>
                     <div>
                        <b>Parameters: </b>
                        
                        ff
                        
                        
                     </div>
                     <div>
                        <b>Start time: </b>17:44:43
                     </div>
                     <div>
                        <b>End time: </b>17:44:51
                     </div>
                     <div>
                        <b>Duration: </b>8s
                        
                     </div>
                  </div>
               </td>
            </tr>
            <tr></tr>
            <tr id="tests.CreateAnAccountWithExpedia_accountHeader_byClass_PASS2_row"
                class="testMethodStatusPASS">
               <td width="100%" class="firstMethodCell">
                  <a onclick="toggleDetailsVisibility('tests.CreateAnAccountWithExpedia_accountHeader_byClass_PASS2_details')">accountHeader()</a>
               </td>
               <td nowrap="true">17:44:51</td>
               <td nowrap="true" align="right">4s
                  
               </td>
               <td nowrap="true">
                   
                  
               </td>
            </tr>
            <tr>
               <td colspan="4" class="detailsBox">
                  <div id="tests.CreateAnAccountWithExpedia_accountHeader_byClass_PASS2_details"
                       class="testMethodDetails">
                     <div>
                        <b>Name: </b>accountHeader
                     </div>
                     <div>
                        <b>Signature: </b>accountHeader()[pri:0, instance:tests.CreateAnAccountWithExpedia@11a9e7c8]
                     </div>
                     <div>
                        <b>Start time: </b>17:44:51
                     </div>
                     <div>
                        <b>End time: </b>17:44:55
                     </div>
                     <div>
                        <b>Duration: </b>4s
                        
                     </div>
                  </div>
               </td>
            </tr>
            <tr></tr>
            <tr id="tests.CreateAnAccountWithExpedia_closeWindow_byClass_PASS3_row"
                class="testMethodStatusPASS testMethodStatusCONF">
               <td width="100%" class="firstMethodCell">
                  <a onclick="toggleDetailsVisibility('tests.CreateAnAccountWithExpedia_closeWindow_byClass_PASS3_details')">closeWindow()</a>
               </td>
               <td nowrap="true">17:44:55</td>
               <td nowrap="true" align="right">2s
                  
               </td>
               <td nowrap="true">
                   
                  
               </td>
            </tr>
            <tr>
               <td colspan="4" class="detailsBox">
                  <div id="tests.CreateAnAccountWithExpedia_closeWindow_byClass_PASS3_details"
                       class="testMethodDetails">
                     <div>
                        <b>Name: </b>closeWindow
                     </div>
                     <div>
                        <b>Signature: </b>closeWindow()[pri:0, instance:tests.CreateAnAccountWithExpedia@11a9e7c8]
                     </div>
                     <div>
                        <b>Start time: </b>17:44:55
                     </div>
                     <div>
                        <b>End time: </b>17:44:56
                     </div>
                     <div>
                        <b>Duration: </b>2s
                        
                     </div>
                  </div>
               </td>
            </tr>
            <tr></tr>
         </table>
         <br></br>
         <table class="testMethodsTable" cellpadding="0" cellspacing="0">
            <tr>
               <td colspan="4">
                  <h3 style="display: inline;">tests.PracticeAssertisbeingFailedIntentianllytoSeeapictureintheXLSTReport</h3>
               </td>
            </tr>
            <tr class="methodsTableHeader">
               <td width="100%">Name</td>
               <td nowrap="true">Started</td>
               <td nowrap="true">Duration</td>
               <td>Exception</td>
            </tr>
            <tr id="tests.PracticeAssertisbeingFailedIntentianllytoSeeapictureintheXLSTReport_beforeTestStart_byClass_PASS1_row"
                class="testMethodStatusPASS testMethodStatusCONF">
               <td width="100%" class="firstMethodCell">
                  <a onclick="toggleDetailsVisibility('tests.PracticeAssertisbeingFailedIntentianllytoSeeapictureintheXLSTReport_beforeTestStart_byClass_PASS1_details')">beforeTestStart(ff)</a>
               </td>
               <td nowrap="true">17:44:13</td>
               <td nowrap="true" align="right">5s
                  
               </td>
               <td nowrap="true">
                   
                  
               </td>
            </tr>
            <tr>
               <td colspan="4" class="detailsBox">
                  <div id="tests.PracticeAssertisbeingFailedIntentianllytoSeeapictureintheXLSTReport_beforeTestStart_byClass_PASS1_details"
                       class="testMethodDetails">
                     <div>
                        <b>Name: </b>beforeTestStart
                     </div>
                     <div>
                        <b>Signature: </b>beforeTestStart(java.lang.String)[pri:0, instance:tests.PracticeAssertisbeingFailedIntentianllytoSeeapictureintheXLSTReport@16e7dcfd]
                     </div>
                     <div>
                        <b>Parameters: </b>
                        
                        ff
                        
                        
                     </div>
                     <div>
                        <b>Start time: </b>17:44:13
                     </div>
                     <div>
                        <b>End time: </b>17:44:18
                     </div>
                     <div>
                        <b>Duration: </b>5s
                        
                     </div>
                  </div>
               </td>
            </tr>
            <tr></tr>
            <tr id="tests.PracticeAssertisbeingFailedIntentianllytoSeeapictureintheXLSTReport_trycathch_byClass_FAIL2_row"
                class="testMethodStatusFAIL">
               <td width="100%" class="firstMethodCell">
                  <a onclick="toggleDetailsVisibility('tests.PracticeAssertisbeingFailedIntentianllytoSeeapictureintheXLSTReport_trycathch_byClass_FAIL2_details')">trycathch()</a>
               </td>
               <td nowrap="true">17:44:18</td>
               <td nowrap="true" align="right">912 ms
                  
               </td>
               <td nowrap="true">
                  <a onclick="toggleDetailsVisibility('tests.PracticeAssertisbeingFailedIntentianllytoSeeapictureintheXLSTReport_trycathch_byClass_FAIL2_exception')">java.lang.AssertionError: 
                     expected [Up to 30% hotel discounts] but found []
                     
                  </a>
                   
                  
               </td>
            </tr>
            <tr>
               <td colspan="4" class="detailsBox">
                  <div id="tests.PracticeAssertisbeingFailedIntentianllytoSeeapictureintheXLSTReport_trycathch_byClass_FAIL2_details"
                       class="testMethodDetails">
                     <div>
                        <b>Name: </b>trycathch
                     </div>
                     <div>
                        <b>Signature: </b>trycathch()[pri:0, instance:tests.PracticeAssertisbeingFailedIntentianllytoSeeapictureintheXLSTReport@16e7dcfd]
                     </div>
                     <div>
                        <b>Start time: </b>17:44:18
                     </div>
                     <div>
                        <b>End time: </b>17:44:19
                     </div>
                     <div>
                        <b>Duration: </b>912 ms
                        
                     </div>
                  </div>
               </td>
            </tr>
            <tr>
               <td colspan="4" class="detailsBox">
                  <div id="tests.PracticeAssertisbeingFailedIntentianllytoSeeapictureintheXLSTReport_trycathch_byClass_FAIL2_exception"
                       class="testMethodDetails">
                     <pre style="padding: 5px; margin: 0;">java.lang.AssertionError: expected [Up to 30% hotel discounts] but found []
                        	at org.testng.Assert.fail(Assert.java:94)
                        	at org.testng.Assert.failNotEquals(Assert.java:496)
                        	at org.testng.Assert.assertEquals(Assert.java:125)
                        	at org.testng.Assert.assertEquals(Assert.java:178)
                        	at org.testng.Assert.assertEquals(Assert.java:188)
                        	at tests.PracticeAssertisbeingFailedIntentianllytoSeeapictureintheXLSTReport.trycathch(PracticeAssertisbeingFailedIntentianllytoSeeapictureintheXLSTReport.java:27)
                        	at sun.reflect.NativeMethodAccessorImpl.invoke0(Native Method)
                        	at sun.reflect.NativeMethodAccessorImpl.invoke(Unknown Source)
                        	at sun.reflect.DelegatingMethodAccessorImpl.invoke(Unknown Source)
                        	at java.lang.reflect.Method.invoke(Unknown Source)
                        	at org.testng.internal.MethodInvocationHelper.invokeMethod(MethodInvocationHelper.java:85)
                        	at org.testng.internal.Invoker.invokeMethod(Invoker.java:639)
                        	at org.testng.internal.Invoker.invokeTestMethod(Invoker.java:816)
                        	at org.testng.internal.Invoker.invokeTestMethods(Invoker.java:1124)
                        	at org.testng.internal.TestMethodWorker.invokeTestMethods(TestMethodWorker.java:125)
                        	at org.testng.internal.TestMethodWorker.run(TestMethodWorker.java:108)
                        	at org.testng.TestRunner.privateRun(TestRunner.java:774)
                        	at org.testng.TestRunner.run(TestRunner.java:624)
                        	at org.testng.SuiteRunner.runTest(SuiteRunner.java:359)
                        	at org.testng.SuiteRunner.runSequentially(SuiteRunner.java:354)
                        	at org.testng.SuiteRunner.privateRun(SuiteRunner.java:312)
                        	at org.testng.SuiteRunner.run(SuiteRunner.java:261)
                        	at org.testng.SuiteRunnerWorker.runSuite(SuiteRunnerWorker.java:52)
                        	at org.testng.SuiteRunnerWorker.run(SuiteRunnerWorker.java:86)
                        	at org.testng.TestNG.runSuitesSequentially(TestNG.java:1215)
                        	at org.testng.TestNG.runSuitesLocally(TestNG.java:1140)
                        	at org.testng.TestNG.run(TestNG.java:1048)
                        	at org.testng.TestNG.privateMain(TestNG.java:1355)
                        	at org.testng.TestNG.main(TestNG.java:1324)
                     </pre>
                  </div>
               </td>
            </tr>
            <tr id="tests.PracticeAssertisbeingFailedIntentianllytoSeeapictureintheXLSTReport_closeWindow_byClass_PASS3_row"
                class="testMethodStatusPASS testMethodStatusCONF">
               <td width="100%" class="firstMethodCell">
                  <a onclick="toggleDetailsVisibility('tests.PracticeAssertisbeingFailedIntentianllytoSeeapictureintheXLSTReport_closeWindow_byClass_PASS3_details')">closeWindow()</a>
               </td>
               <td nowrap="true">17:44:19</td>
               <td nowrap="true" align="right">1s
                  
               </td>
               <td nowrap="true">
                   
                  
               </td>
            </tr>
            <tr>
               <td colspan="4" class="detailsBox">
                  <div id="tests.PracticeAssertisbeingFailedIntentianllytoSeeapictureintheXLSTReport_closeWindow_byClass_PASS3_details"
                       class="testMethodDetails">
                     <div>
                        <b>Name: </b>closeWindow
                     </div>
                     <div>
                        <b>Signature: </b>closeWindow()[pri:0, instance:tests.PracticeAssertisbeingFailedIntentianllytoSeeapictureintheXLSTReport@16e7dcfd]
                     </div>
                     <div>
                        <b>Start time: </b>17:44:19
                     </div>
                     <div>
                        <b>End time: </b>17:44:20
                     </div>
                     <div>
                        <b>Duration: </b>1s
                        
                     </div>
                  </div>
               </td>
            </tr>
            <tr></tr>
         </table>
         <br></br>
         <table class="testMethodsTable" cellpadding="0" cellspacing="0">
            <tr>
               <td colspan="4">
                  <h3 style="display: inline;">tests.ReadFromXl</h3>
               </td>
            </tr>
            <tr class="methodsTableHeader">
               <td width="100%">Name</td>
               <td nowrap="true">Started</td>
               <td nowrap="true">Duration</td>
               <td>Exception</td>
            </tr>
            <tr id="tests.ReadFromXl_beforeTestStart_byClass_PASS1_row"
                class="testMethodStatusPASS testMethodStatusCONF">
               <td width="100%" class="firstMethodCell">
                  <a onclick="toggleDetailsVisibility('tests.ReadFromXl_beforeTestStart_byClass_PASS1_details')">beforeTestStart(ff)</a>
               </td>
               <td nowrap="true">17:44:56</td>
               <td nowrap="true" align="right">7s
                  
               </td>
               <td nowrap="true">
                   
                  
               </td>
            </tr>
            <tr>
               <td colspan="4" class="detailsBox">
                  <div id="tests.ReadFromXl_beforeTestStart_byClass_PASS1_details"
                       class="testMethodDetails">
                     <div>
                        <b>Name: </b>beforeTestStart
                     </div>
                     <div>
                        <b>Signature: </b>beforeTestStart(java.lang.String)[pri:0, instance:tests.ReadFromXl@3901d134]
                     </div>
                     <div>
                        <b>Parameters: </b>
                        
                        ff
                        
                        
                     </div>
                     <div>
                        <b>Start time: </b>17:44:56
                     </div>
                     <div>
                        <b>End time: </b>17:45:03
                     </div>
                     <div>
                        <b>Duration: </b>7s
                        
                     </div>
                  </div>
               </td>
            </tr>
            <tr></tr>
            <tr id="tests.ReadFromXl_testReadFromXl_byClass_FAIL2_row"
                class="testMethodStatusFAIL">
               <td width="100%" class="firstMethodCell">
                  <a onclick="toggleDetailsVisibility('tests.ReadFromXl_testReadFromXl_byClass_FAIL2_details')">testReadFromXl()</a>
               </td>
               <td nowrap="true">17:45:03</td>
               <td nowrap="true" align="right">5m
                  
               </td>
               <td nowrap="true">
                  <a onclick="toggleDetailsVisibility('tests.ReadFromXl_testReadFromXl_byClass_FAIL2_exception')">org.openqa.selenium.TimeoutException: 
                     Timeout loading page after 300000ms
                     Build info: version: '3.8.1', revision: '6e95a6684b', time: '2017-12-01T19:05:14.666Z'
                     System info: host: 'DESKTOP-5TRQ2HB', ip: '192.168.1.135', os.name: 'Windows 10', os.arch: 'amd64', os.version: '10.0', java.version:
                     '1.8.0_191'
                     Driver info: org.openqa.selenium.firefox.FirefoxDriver
                     Capabilities {acceptInsecureCerts: true, browserName: firefox, browserVersion: 66.0.5, javascriptEnabled: true, moz:accessibilityChecks:
                     false, moz:geckodriverVersion: 0.24.0, moz:headless: false, moz:processID: 15268, moz:profile: C:\Users\mdjal\AppData\Loca...,
                     moz:shutdownTimeout: 60000, moz:useNonSpecCompliantPointerOrigin: false, moz:webdriverClick: true, pageLoadStrategy: normal,
                     platform: WINDOWS, platformName: WINDOWS, platformVersion: 10.0, rotatable: false, setWindowRect: true, strictFileInteractability:
                     false, timeouts: {implicit: 0, pageLoad: 300000, script: 30000}, unhandledPromptBehavior: dismiss and notify}
                     Session ID: eadd8d54-41e7-40a7-9a0b-b24ca6c6071c
                     
                  </a>
                   
                  
               </td>
            </tr>
            <tr>
               <td colspan="4" class="detailsBox">
                  <div id="tests.ReadFromXl_testReadFromXl_byClass_FAIL2_details"
                       class="testMethodDetails">
                     <div>
                        <b>Name: </b>testReadFromXl
                     </div>
                     <div>
                        <b>Signature: </b>testReadFromXl()[pri:0, instance:tests.ReadFromXl@3901d134]
                     </div>
                     <div>
                        <b>Start time: </b>17:45:03
                     </div>
                     <div>
                        <b>End time: </b>17:50:04
                     </div>
                     <div>
                        <b>Duration: </b>5m
                        
                     </div>
                  </div>
               </td>
            </tr>
            <tr>
               <td colspan="4" class="detailsBox">
                  <div id="tests.ReadFromXl_testReadFromXl_byClass_FAIL2_exception"
                       class="testMethodDetails">
                     <pre style="padding: 5px; margin: 0;">org.openqa.selenium.TimeoutException: Timeout loading page after 300000ms
                        Build info: version: '3.8.1', revision: '6e95a6684b', time: '2017-12-01T19:05:14.666Z'
                        System info: host: 'DESKTOP-5TRQ2HB', ip: '192.168.1.135', os.name: 'Windows 10', os.arch: 'amd64', os.version: '10.0', java.version:
                        '1.8.0_191'
                        Driver info: org.openqa.selenium.firefox.FirefoxDriver
                        Capabilities {acceptInsecureCerts: true, browserName: firefox, browserVersion: 66.0.5, javascriptEnabled: true, moz:accessibilityChecks:
                        false, moz:geckodriverVersion: 0.24.0, moz:headless: false, moz:processID: 15268, moz:profile: C:\Users\mdjal\AppData\Loca...,
                        moz:shutdownTimeout: 60000, moz:useNonSpecCompliantPointerOrigin: false, moz:webdriverClick: true, pageLoadStrategy: normal,
                        platform: WINDOWS, platformName: WINDOWS, platformVersion: 10.0, rotatable: false, setWindowRect: true, strictFileInteractability:
                        false, timeouts: {implicit: 0, pageLoad: 300000, script: 30000}, unhandledPromptBehavior: dismiss and notify}
                        Session ID: eadd8d54-41e7-40a7-9a0b-b24ca6c6071c
                        	at sun.reflect.NativeConstructorAccessorImpl.newInstance0(Native Method)
                        	at sun.reflect.NativeConstructorAccessorImpl.newInstance(Unknown Source)
                        	at sun.reflect.DelegatingConstructorAccessorImpl.newInstance(Unknown Source)
                        	at java.lang.reflect.Constructor.newInstance(Unknown Source)
                        	at org.openqa.selenium.remote.http.W3CHttpResponseCodec.createException(W3CHttpResponseCodec.java:187)
                        	at org.openqa.selenium.remote.http.W3CHttpResponseCodec.decode(W3CHttpResponseCodec.java:122)
                        	at org.openqa.selenium.remote.http.W3CHttpResponseCodec.decode(W3CHttpResponseCodec.java:49)
                        	at org.openqa.selenium.remote.HttpCommandExecutor.execute(HttpCommandExecutor.java:164)
                        	at org.openqa.selenium.remote.service.DriverCommandExecutor.execute(DriverCommandExecutor.java:83)
                        	at org.openqa.selenium.remote.RemoteWebDriver.execute(RemoteWebDriver.java:601)
                        	at org.openqa.selenium.remote.RemoteWebElement.execute(RemoteWebElement.java:279)
                        	at org.openqa.selenium.remote.RemoteWebElement.click(RemoteWebElement.java:83)
                        	at utils.WebDriverFunctions.clickById(WebDriverFunctions.java:70)
                        	at tests.ReadFromXl.testReadFromXl(ReadFromXl.java:23)
                        	at sun.reflect.NativeMethodAccessorImpl.invoke0(Native Method)
                        	at sun.reflect.NativeMethodAccessorImpl.invoke(Unknown Source)
                        	at sun.reflect.DelegatingMethodAccessorImpl.invoke(Unknown Source)
                        	at java.lang.reflect.Method.invoke(Unknown Source)
                        	at org.testng.internal.MethodInvocationHelper.invokeMethod(MethodInvocationHelper.java:85)
                        	at org.testng.internal.Invoker.invokeMethod(Invoker.java:639)
                        	at org.testng.internal.Invoker.invokeTestMethod(Invoker.java:816)
                        	at org.testng.internal.Invoker.invokeTestMethods(Invoker.java:1124)
                        	at org.testng.internal.TestMethodWorker.invokeTestMethods(TestMethodWorker.java:125)
                        	at org.testng.internal.TestMethodWorker.run(TestMethodWorker.java:108)
                        	at org.testng.TestRunner.privateRun(TestRunner.java:774)
                        	at org.testng.TestRunner.run(TestRunner.java:624)
                        	at org.testng.SuiteRunner.runTest(SuiteRunner.java:359)
                        	at org.testng.SuiteRunner.runSequentially(SuiteRunner.java:354)
                        	at org.testng.SuiteRunner.privateRun(SuiteRunner.java:312)
                        	at org.testng.SuiteRunner.run(SuiteRunner.java:261)
                        	at org.testng.SuiteRunnerWorker.runSuite(SuiteRunnerWorker.java:52)
                        	at org.testng.SuiteRunnerWorker.run(SuiteRunnerWorker.java:86)
                        	at org.testng.TestNG.runSuitesSequentially(TestNG.java:1215)
                        	at org.testng.TestNG.runSuitesLocally(TestNG.java:1140)
                        	at org.testng.TestNG.run(TestNG.java:1048)
                        	at org.testng.TestNG.privateMain(TestNG.java:1355)
                        	at org.testng.TestNG.main(TestNG.java:1324)
                     </pre>
                  </div>
               </td>
            </tr>
            <tr id="tests.ReadFromXl_closeWindow_byClass_PASS3_row"
                class="testMethodStatusPASS testMethodStatusCONF">
               <td width="100%" class="firstMethodCell">
                  <a onclick="toggleDetailsVisibility('tests.ReadFromXl_closeWindow_byClass_PASS3_details')">closeWindow()</a>
               </td>
               <td nowrap="true">17:50:04</td>
               <td nowrap="true" align="right">828 ms
                  
               </td>
               <td nowrap="true">
                   
                  
               </td>
            </tr>
            <tr>
               <td colspan="4" class="detailsBox">
                  <div id="tests.ReadFromXl_closeWindow_byClass_PASS3_details"
                       class="testMethodDetails">
                     <div>
                        <b>Name: </b>closeWindow
                     </div>
                     <div>
                        <b>Signature: </b>closeWindow()[pri:0, instance:tests.ReadFromXl@3901d134]
                     </div>
                     <div>
                        <b>Start time: </b>17:50:04
                     </div>
                     <div>
                        <b>End time: </b>17:50:04
                     </div>
                     <div>
                        <b>Duration: </b>828 ms
                        
                     </div>
                  </div>
               </td>
            </tr>
            <tr></tr>
         </table>
         <br></br>
         <table class="testMethodsTable" cellpadding="0" cellspacing="0">
            <tr>
               <td colspan="4">
                  <h3 style="display: inline;">tests.SearchThingstoDobyDestination</h3>
               </td>
            </tr>
            <tr class="methodsTableHeader">
               <td width="100%">Name</td>
               <td nowrap="true">Started</td>
               <td nowrap="true">Duration</td>
               <td>Exception</td>
            </tr>
            <tr id="tests.SearchThingstoDobyDestination_beforeTestStart_byClass_PASS1_row"
                class="testMethodStatusPASS testMethodStatusCONF">
               <td width="100%" class="firstMethodCell">
                  <a onclick="toggleDetailsVisibility('tests.SearchThingstoDobyDestination_beforeTestStart_byClass_PASS1_details')">beforeTestStart(ff)</a>
               </td>
               <td nowrap="true">17:43:08</td>
               <td nowrap="true" align="right">5s
                  
               </td>
               <td nowrap="true">
                   
                  
               </td>
            </tr>
            <tr>
               <td colspan="4" class="detailsBox">
                  <div id="tests.SearchThingstoDobyDestination_beforeTestStart_byClass_PASS1_details"
                       class="testMethodDetails">
                     <div>
                        <b>Name: </b>beforeTestStart
                     </div>
                     <div>
                        <b>Signature: </b>beforeTestStart(java.lang.String)[pri:0, instance:tests.SearchThingstoDobyDestination@78e94dcf]
                     </div>
                     <div>
                        <b>Parameters: </b>
                        
                        ff
                        
                        
                     </div>
                     <div>
                        <b>Start time: </b>17:43:08
                     </div>
                     <div>
                        <b>End time: </b>17:43:13
                     </div>
                     <div>
                        <b>Duration: </b>5s
                        
                     </div>
                  </div>
               </td>
            </tr>
            <tr></tr>
            <tr id="tests.SearchThingstoDobyDestination_thingstoDo_byClass_PASS2_row"
                class="testMethodStatusPASS">
               <td width="100%" class="firstMethodCell">
                  <a onclick="toggleDetailsVisibility('tests.SearchThingstoDobyDestination_thingstoDo_byClass_PASS2_details')">thingstoDo()</a>
               </td>
               <td nowrap="true">17:43:13</td>
               <td nowrap="true" align="right">15s
                  
               </td>
               <td nowrap="true">
                   
                  
               </td>
            </tr>
            <tr>
               <td colspan="4" class="detailsBox">
                  <div id="tests.SearchThingstoDobyDestination_thingstoDo_byClass_PASS2_details"
                       class="testMethodDetails">
                     <div>
                        <b>Name: </b>thingstoDo
                     </div>
                     <div>
                        <b>Signature: </b>thingstoDo()[pri:0, instance:tests.SearchThingstoDobyDestination@78e94dcf]
                     </div>
                     <div>
                        <b>Start time: </b>17:43:13
                     </div>
                     <div>
                        <b>End time: </b>17:43:27
                     </div>
                     <div>
                        <b>Duration: </b>15s
                        
                     </div>
                  </div>
               </td>
            </tr>
            <tr></tr>
            <tr id="tests.SearchThingstoDobyDestination_closeWindow_byClass_PASS3_row"
                class="testMethodStatusPASS testMethodStatusCONF">
               <td width="100%" class="firstMethodCell">
                  <a onclick="toggleDetailsVisibility('tests.SearchThingstoDobyDestination_closeWindow_byClass_PASS3_details')">closeWindow()</a>
               </td>
               <td nowrap="true">17:43:27</td>
               <td nowrap="true" align="right">1s
                  
               </td>
               <td nowrap="true">
                   
                  
               </td>
            </tr>
            <tr>
               <td colspan="4" class="detailsBox">
                  <div id="tests.SearchThingstoDobyDestination_closeWindow_byClass_PASS3_details"
                       class="testMethodDetails">
                     <div>
                        <b>Name: </b>closeWindow
                     </div>
                     <div>
                        <b>Signature: </b>closeWindow()[pri:0, instance:tests.SearchThingstoDobyDestination@78e94dcf]
                     </div>
                     <div>
                        <b>Start time: </b>17:43:27
                     </div>
                     <div>
                        <b>End time: </b>17:43:29
                     </div>
                     <div>
                        <b>Duration: </b>1s
                        
                     </div>
                  </div>
               </td>
            </tr>
            <tr></tr>
         </table>
         <br></br>
         <table class="testMethodsTable" cellpadding="0" cellspacing="0">
            <tr>
               <td colspan="4">
                  <h3 style="display: inline;">tests.SigninwithValidCredentials</h3>
               </td>
            </tr>
            <tr class="methodsTableHeader">
               <td width="100%">Name</td>
               <td nowrap="true">Started</td>
               <td nowrap="true">Duration</td>
               <td>Exception</td>
            </tr>
            <tr id="tests.SigninwithValidCredentials_beforeTestStart_byClass_PASS1_row"
                class="testMethodStatusPASS testMethodStatusCONF">
               <td width="100%" class="firstMethodCell">
                  <a onclick="toggleDetailsVisibility('tests.SigninwithValidCredentials_beforeTestStart_byClass_PASS1_details')">beforeTestStart(ff)</a>
               </td>
               <td nowrap="true">17:44:20</td>
               <td nowrap="true" align="right">4s
                  
               </td>
               <td nowrap="true">
                   
                  
               </td>
            </tr>
            <tr>
               <td colspan="4" class="detailsBox">
                  <div id="tests.SigninwithValidCredentials_beforeTestStart_byClass_PASS1_details"
                       class="testMethodDetails">
                     <div>
                        <b>Name: </b>beforeTestStart
                     </div>
                     <div>
                        <b>Signature: </b>beforeTestStart(java.lang.String)[pri:0, instance:tests.SigninwithValidCredentials@3d121db3]
                     </div>
                     <div>
                        <b>Parameters: </b>
                        
                        ff
                        
                        
                     </div>
                     <div>
                        <b>Start time: </b>17:44:20
                     </div>
                     <div>
                        <b>End time: </b>17:44:24
                     </div>
                     <div>
                        <b>Duration: </b>4s
                        
                     </div>
                  </div>
               </td>
            </tr>
            <tr></tr>
            <tr id="tests.SigninwithValidCredentials_signInAccount_byClass_PASS2_row"
                class="testMethodStatusPASS">
               <td width="100%" class="firstMethodCell">
                  <a onclick="toggleDetailsVisibility('tests.SigninwithValidCredentials_signInAccount_byClass_PASS2_details')">signInAccount()</a>
               </td>
               <td nowrap="true">17:44:24</td>
               <td nowrap="true" align="right">9s
                  
               </td>
               <td nowrap="true">
                   
                  
               </td>
            </tr>
            <tr>
               <td colspan="4" class="detailsBox">
                  <div id="tests.SigninwithValidCredentials_signInAccount_byClass_PASS2_details"
                       class="testMethodDetails">
                     <div>
                        <b>Name: </b>signInAccount
                     </div>
                     <div>
                        <b>Signature: </b>signInAccount()[pri:0, instance:tests.SigninwithValidCredentials@3d121db3]
                     </div>
                     <div>
                        <b>Start time: </b>17:44:24
                     </div>
                     <div>
                        <b>End time: </b>17:44:33
                     </div>
                     <div>
                        <b>Duration: </b>9s
                        
                     </div>
                  </div>
               </td>
            </tr>
            <tr></tr>
            <tr id="tests.SigninwithValidCredentials_closeWindow_byClass_PASS3_row"
                class="testMethodStatusPASS testMethodStatusCONF">
               <td width="100%" class="firstMethodCell">
                  <a onclick="toggleDetailsVisibility('tests.SigninwithValidCredentials_closeWindow_byClass_PASS3_details')">closeWindow()</a>
               </td>
               <td nowrap="true">17:44:33</td>
               <td nowrap="true" align="right">1s
                  
               </td>
               <td nowrap="true">
                   
                  
               </td>
            </tr>
            <tr>
               <td colspan="4" class="detailsBox">
                  <div id="tests.SigninwithValidCredentials_closeWindow_byClass_PASS3_details"
                       class="testMethodDetails">
                     <div>
                        <b>Name: </b>closeWindow
                     </div>
                     <div>
                        <b>Signature: </b>closeWindow()[pri:0, instance:tests.SigninwithValidCredentials@3d121db3]
                     </div>
                     <div>
                        <b>Start time: </b>17:44:33
                     </div>
                     <div>
                        <b>End time: </b>17:44:35
                     </div>
                     <div>
                        <b>Duration: </b>1s
                        
                     </div>
                  </div>
               </td>
            </tr>
            <tr></tr>
         </table>
         <br></br>
         <table class="testMethodsTable" cellpadding="0" cellspacing="0">
            <tr>
               <td colspan="4">
                  <h3 style="display: inline;">tests.SubHeaderFlights</h3>
               </td>
            </tr>
            <tr class="methodsTableHeader">
               <td width="100%">Name</td>
               <td nowrap="true">Started</td>
               <td nowrap="true">Duration</td>
               <td>Exception</td>
            </tr>
            <tr id="tests.SubHeaderFlights_beforeTestStart_byClass_PASS1_row"
                class="testMethodStatusPASS testMethodStatusCONF">
               <td width="100%" class="firstMethodCell">
                  <a onclick="toggleDetailsVisibility('tests.SubHeaderFlights_beforeTestStart_byClass_PASS1_details')">beforeTestStart(ff)</a>
               </td>
               <td nowrap="true">17:50:04</td>
               <td nowrap="true" align="right">5s
                  
               </td>
               <td nowrap="true">
                   
                  
               </td>
            </tr>
            <tr>
               <td colspan="4" class="detailsBox">
                  <div id="tests.SubHeaderFlights_beforeTestStart_byClass_PASS1_details"
                       class="testMethodDetails">
                     <div>
                        <b>Name: </b>beforeTestStart
                     </div>
                     <div>
                        <b>Signature: </b>beforeTestStart(java.lang.String)[pri:0, instance:tests.SubHeaderFlights@14d3bc22]
                     </div>
                     <div>
                        <b>Parameters: </b>
                        
                        ff
                        
                        
                     </div>
                     <div>
                        <b>Start time: </b>17:50:04
                     </div>
                     <div>
                        <b>End time: </b>17:50:09
                     </div>
                     <div>
                        <b>Duration: </b>5s
                        
                     </div>
                  </div>
               </td>
            </tr>
            <tr></tr>
            <tr id="tests.SubHeaderFlights_flights_byClass_PASS2_row"
                class="testMethodStatusPASS">
               <td width="100%" class="firstMethodCell">
                  <a onclick="toggleDetailsVisibility('tests.SubHeaderFlights_flights_byClass_PASS2_details')">flights()</a>
               </td>
               <td nowrap="true">17:50:09</td>
               <td nowrap="true" align="right">6s
                  
               </td>
               <td nowrap="true">
                   
                  
               </td>
            </tr>
            <tr>
               <td colspan="4" class="detailsBox">
                  <div id="tests.SubHeaderFlights_flights_byClass_PASS2_details"
                       class="testMethodDetails">
                     <div>
                        <b>Name: </b>flights
                     </div>
                     <div>
                        <b>Signature: </b>flights()[pri:0, instance:tests.SubHeaderFlights@14d3bc22]
                     </div>
                     <div>
                        <b>Start time: </b>17:50:09
                     </div>
                     <div>
                        <b>End time: </b>17:50:15
                     </div>
                     <div>
                        <b>Duration: </b>6s
                        
                     </div>
                  </div>
               </td>
            </tr>
            <tr></tr>
            <tr id="tests.SubHeaderFlights_closeWindow_byClass_PASS3_row"
                class="testMethodStatusPASS testMethodStatusCONF">
               <td width="100%" class="firstMethodCell">
                  <a onclick="toggleDetailsVisibility('tests.SubHeaderFlights_closeWindow_byClass_PASS3_details')">closeWindow()</a>
               </td>
               <td nowrap="true">17:50:15</td>
               <td nowrap="true" align="right">2s
                  
               </td>
               <td nowrap="true">
                   
                  
               </td>
            </tr>
            <tr>
               <td colspan="4" class="detailsBox">
                  <div id="tests.SubHeaderFlights_closeWindow_byClass_PASS3_details"
                       class="testMethodDetails">
                     <div>
                        <b>Name: </b>closeWindow
                     </div>
                     <div>
                        <b>Signature: </b>closeWindow()[pri:0, instance:tests.SubHeaderFlights@14d3bc22]
                     </div>
                     <div>
                        <b>Start time: </b>17:50:15
                     </div>
                     <div>
                        <b>End time: </b>17:50:17
                     </div>
                     <div>
                        <b>Duration: </b>2s
                        
                     </div>
                  </div>
               </td>
            </tr>
            <tr></tr>
         </table>
         <br></br>
         <table class="testMethodsTable" cellpadding="0" cellspacing="0">
            <tr>
               <td colspan="4">
                  <h3 style="display: inline;">tests.Totalimagescountinthewebpage</h3>
               </td>
            </tr>
            <tr class="methodsTableHeader">
               <td width="100%">Name</td>
               <td nowrap="true">Started</td>
               <td nowrap="true">Duration</td>
               <td>Exception</td>
            </tr>
            <tr id="tests.Totalimagescountinthewebpage_beforeTestStart_byClass_PASS1_row"
                class="testMethodStatusPASS testMethodStatusCONF">
               <td width="100%" class="firstMethodCell">
                  <a onclick="toggleDetailsVisibility('tests.Totalimagescountinthewebpage_beforeTestStart_byClass_PASS1_details')">beforeTestStart(ff)</a>
               </td>
               <td nowrap="true">17:50:31</td>
               <td nowrap="true" align="right">4s
                  
               </td>
               <td nowrap="true">
                   
                  
               </td>
            </tr>
            <tr>
               <td colspan="4" class="detailsBox">
                  <div id="tests.Totalimagescountinthewebpage_beforeTestStart_byClass_PASS1_details"
                       class="testMethodDetails">
                     <div>
                        <b>Name: </b>beforeTestStart
                     </div>
                     <div>
                        <b>Signature: </b>beforeTestStart(java.lang.String)[pri:0, instance:tests.Totalimagescountinthewebpage@4c1d9d4b]
                     </div>
                     <div>
                        <b>Parameters: </b>
                        
                        ff
                        
                        
                     </div>
                     <div>
                        <b>Start time: </b>17:50:31
                     </div>
                     <div>
                        <b>End time: </b>17:50:36
                     </div>
                     <div>
                        <b>Duration: </b>4s
                        
                     </div>
                  </div>
               </td>
            </tr>
            <tr></tr>
            <tr id="tests.Totalimagescountinthewebpage_totalImageCount_byClass_PASS2_row"
                class="testMethodStatusPASS">
               <td width="100%" class="firstMethodCell">
                  <a onclick="toggleDetailsVisibility('tests.Totalimagescountinthewebpage_totalImageCount_byClass_PASS2_details')">totalImageCount()</a>
               </td>
               <td nowrap="true">17:50:36</td>
               <td nowrap="true" align="right">135 ms
                  
               </td>
               <td nowrap="true">
                   
                  
               </td>
            </tr>
            <tr>
               <td colspan="4" class="detailsBox">
                  <div id="tests.Totalimagescountinthewebpage_totalImageCount_byClass_PASS2_details"
                       class="testMethodDetails">
                     <div>
                        <b>Name: </b>totalImageCount
                     </div>
                     <div>
                        <b>Signature: </b>totalImageCount()[pri:0, instance:tests.Totalimagescountinthewebpage@4c1d9d4b]
                     </div>
                     <div>
                        <b>Start time: </b>17:50:36
                     </div>
                     <div>
                        <b>End time: </b>17:50:36
                     </div>
                     <div>
                        <b>Duration: </b>135 ms
                        
                     </div>
                  </div>
               </td>
            </tr>
            <tr></tr>
            <tr id="tests.Totalimagescountinthewebpage_closeWindow_byClass_PASS3_row"
                class="testMethodStatusPASS testMethodStatusCONF">
               <td width="100%" class="firstMethodCell">
                  <a onclick="toggleDetailsVisibility('tests.Totalimagescountinthewebpage_closeWindow_byClass_PASS3_details')">closeWindow()</a>
               </td>
               <td nowrap="true">17:50:36</td>
               <td nowrap="true" align="right">961 ms
                  
               </td>
               <td nowrap="true">
                   
                  
               </td>
            </tr>
            <tr>
               <td colspan="4" class="detailsBox">
                  <div id="tests.Totalimagescountinthewebpage_closeWindow_byClass_PASS3_details"
                       class="testMethodDetails">
                     <div>
                        <b>Name: </b>closeWindow
                     </div>
                     <div>
                        <b>Signature: </b>closeWindow()[pri:0, instance:tests.Totalimagescountinthewebpage@4c1d9d4b]
                     </div>
                     <div>
                        <b>Start time: </b>17:50:36
                     </div>
                     <div>
                        <b>End time: </b>17:50:37
                     </div>
                     <div>
                        <b>Duration: </b>961 ms
                        
                     </div>
                  </div>
               </td>
            </tr>
            <tr></tr>
         </table>
         <br></br>
         <table class="testMethodsTable" cellpadding="0" cellspacing="0">
            <tr>
               <td colspan="4">
                  <h3 style="display: inline;">tests.TotalLinksCount</h3>
               </td>
            </tr>
            <tr class="methodsTableHeader">
               <td width="100%">Name</td>
               <td nowrap="true">Started</td>
               <td nowrap="true">Duration</td>
               <td>Exception</td>
            </tr>
            <tr id="tests.TotalLinksCount_beforeTestStart_byClass_PASS1_row"
                class="testMethodStatusPASS testMethodStatusCONF">
               <td width="100%" class="firstMethodCell">
                  <a onclick="toggleDetailsVisibility('tests.TotalLinksCount_beforeTestStart_byClass_PASS1_details')">beforeTestStart(ff)</a>
               </td>
               <td nowrap="true">17:50:17</td>
               <td nowrap="true" align="right">8s
                  
               </td>
               <td nowrap="true">
                   
                  
               </td>
            </tr>
            <tr>
               <td colspan="4" class="detailsBox">
                  <div id="tests.TotalLinksCount_beforeTestStart_byClass_PASS1_details"
                       class="testMethodDetails">
                     <div>
                        <b>Name: </b>beforeTestStart
                     </div>
                     <div>
                        <b>Signature: </b>beforeTestStart(java.lang.String)[pri:0, instance:tests.TotalLinksCount@12d4bf7e]
                     </div>
                     <div>
                        <b>Parameters: </b>
                        
                        ff
                        
                        
                     </div>
                     <div>
                        <b>Start time: </b>17:50:17
                     </div>
                     <div>
                        <b>End time: </b>17:50:26
                     </div>
                     <div>
                        <b>Duration: </b>8s
                        
                     </div>
                  </div>
               </td>
            </tr>
            <tr></tr>
            <tr id="tests.TotalLinksCount_pageLinksCount_byClass_PASS2_row"
                class="testMethodStatusPASS">
               <td width="100%" class="firstMethodCell">
                  <a onclick="toggleDetailsVisibility('tests.TotalLinksCount_pageLinksCount_byClass_PASS2_details')">pageLinksCount()</a>
               </td>
               <td nowrap="true">17:50:26</td>
               <td nowrap="true" align="right">4s
                  
               </td>
               <td nowrap="true">
                   
                  
               </td>
            </tr>
            <tr>
               <td colspan="4" class="detailsBox">
                  <div id="tests.TotalLinksCount_pageLinksCount_byClass_PASS2_details"
                       class="testMethodDetails">
                     <div>
                        <b>Name: </b>pageLinksCount
                     </div>
                     <div>
                        <b>Signature: </b>pageLinksCount()[pri:0, instance:tests.TotalLinksCount@12d4bf7e]
                     </div>
                     <div>
                        <b>Start time: </b>17:50:26
                     </div>
                     <div>
                        <b>End time: </b>17:50:30
                     </div>
                     <div>
                        <b>Duration: </b>4s
                        
                     </div>
                  </div>
               </td>
            </tr>
            <tr></tr>
            <tr id="tests.TotalLinksCount_closeWindow_byClass_PASS3_row"
                class="testMethodStatusPASS testMethodStatusCONF">
               <td width="100%" class="firstMethodCell">
                  <a onclick="toggleDetailsVisibility('tests.TotalLinksCount_closeWindow_byClass_PASS3_details')">closeWindow()</a>
               </td>
               <td nowrap="true">17:50:30</td>
               <td nowrap="true" align="right">1s
                  
               </td>
               <td nowrap="true">
                   
                  
               </td>
            </tr>
            <tr>
               <td colspan="4" class="detailsBox">
                  <div id="tests.TotalLinksCount_closeWindow_byClass_PASS3_details"
                       class="testMethodDetails">
                     <div>
                        <b>Name: </b>closeWindow
                     </div>
                     <div>
                        <b>Signature: </b>closeWindow()[pri:0, instance:tests.TotalLinksCount@12d4bf7e]
                     </div>
                     <div>
                        <b>Start time: </b>17:50:30
                     </div>
                     <div>
                        <b>End time: </b>17:50:31
                     </div>
                     <div>
                        <b>Duration: </b>1s
                        
                     </div>
                  </div>
               </td>
            </tr>
            <tr></tr>
         </table>
         <br></br>
         <table class="testMethodsTable" cellpadding="0" cellspacing="0">
            <tr>
               <td colspan="4">
                  <h3 style="display: inline;">tests.VerifyExpediaLogoandQRCodeDisplayedonTheHomePage</h3>
               </td>
            </tr>
            <tr class="methodsTableHeader">
               <td width="100%">Name</td>
               <td nowrap="true">Started</td>
               <td nowrap="true">Duration</td>
               <td>Exception</td>
            </tr>
            <tr id="tests.VerifyExpediaLogoandQRCodeDisplayedonTheHomePage_beforeTestStart_byClass_PASS1_row"
                class="testMethodStatusPASS testMethodStatusCONF">
               <td width="100%" class="firstMethodCell">
                  <a onclick="toggleDetailsVisibility('tests.VerifyExpediaLogoandQRCodeDisplayedonTheHomePage_beforeTestStart_byClass_PASS1_details')">beforeTestStart(ff)</a>
               </td>
               <td nowrap="true">17:42:52</td>
               <td nowrap="true" align="right">5s
                  
               </td>
               <td nowrap="true">
                   
                  
               </td>
            </tr>
            <tr>
               <td colspan="4" class="detailsBox">
                  <div id="tests.VerifyExpediaLogoandQRCodeDisplayedonTheHomePage_beforeTestStart_byClass_PASS1_details"
                       class="testMethodDetails">
                     <div>
                        <b>Name: </b>beforeTestStart
                     </div>
                     <div>
                        <b>Signature: </b>beforeTestStart(java.lang.String)[pri:0, instance:tests.VerifyExpediaLogoandQRCodeDisplayedonTheHomePage@37918c79]
                     </div>
                     <div>
                        <b>Parameters: </b>
                        
                        ff
                        
                        
                     </div>
                     <div>
                        <b>Start time: </b>17:42:52
                     </div>
                     <div>
                        <b>End time: </b>17:42:57
                     </div>
                     <div>
                        <b>Duration: </b>5s
                        
                     </div>
                  </div>
               </td>
            </tr>
            <tr></tr>
            <tr id="tests.VerifyExpediaLogoandQRCodeDisplayedonTheHomePage_expediaLogo_byClass_PASS2_row"
                class="testMethodStatusPASS">
               <td width="100%" class="firstMethodCell">
                  <a onclick="toggleDetailsVisibility('tests.VerifyExpediaLogoandQRCodeDisplayedonTheHomePage_expediaLogo_byClass_PASS2_details')">expediaLogo()</a>
               </td>
               <td nowrap="true">17:42:57</td>
               <td nowrap="true" align="right">242 ms
                  
               </td>
               <td nowrap="true">
                   
                  
               </td>
            </tr>
            <tr>
               <td colspan="4" class="detailsBox">
                  <div id="tests.VerifyExpediaLogoandQRCodeDisplayedonTheHomePage_expediaLogo_byClass_PASS2_details"
                       class="testMethodDetails">
                     <div>
                        <b>Name: </b>expediaLogo
                     </div>
                     <div>
                        <b>Signature: </b>expediaLogo()[pri:1, instance:tests.VerifyExpediaLogoandQRCodeDisplayedonTheHomePage@37918c79]
                     </div>
                     <div>
                        <b>Start time: </b>17:42:57
                     </div>
                     <div>
                        <b>End time: </b>17:42:58
                     </div>
                     <div>
                        <b>Duration: </b>242 ms
                        
                     </div>
                  </div>
               </td>
            </tr>
            <tr></tr>
            <tr id="tests.VerifyExpediaLogoandQRCodeDisplayedonTheHomePage_closeWindow_byClass_PASS3_row"
                class="testMethodStatusPASS testMethodStatusCONF">
               <td width="100%" class="firstMethodCell">
                  <a onclick="toggleDetailsVisibility('tests.VerifyExpediaLogoandQRCodeDisplayedonTheHomePage_closeWindow_byClass_PASS3_details')">closeWindow()</a>
               </td>
               <td nowrap="true">17:42:58</td>
               <td nowrap="true" align="right">951 ms
                  
               </td>
               <td nowrap="true">
                   
                  
               </td>
            </tr>
            <tr>
               <td colspan="4" class="detailsBox">
                  <div id="tests.VerifyExpediaLogoandQRCodeDisplayedonTheHomePage_closeWindow_byClass_PASS3_details"
                       class="testMethodDetails">
                     <div>
                        <b>Name: </b>closeWindow
                     </div>
                     <div>
                        <b>Signature: </b>closeWindow()[pri:0, instance:tests.VerifyExpediaLogoandQRCodeDisplayedonTheHomePage@37918c79]
                     </div>
                     <div>
                        <b>Start time: </b>17:42:58
                     </div>
                     <div>
                        <b>End time: </b>17:42:59
                     </div>
                     <div>
                        <b>Duration: </b>951 ms
                        
                     </div>
                  </div>
               </td>
            </tr>
            <tr></tr>
            <tr id="tests.VerifyExpediaLogoandQRCodeDisplayedonTheHomePage_beforeTestStart_byClass_PASS4_row"
                class="testMethodStatusPASS testMethodStatusCONF">
               <td width="100%" class="firstMethodCell">
                  <a onclick="toggleDetailsVisibility('tests.VerifyExpediaLogoandQRCodeDisplayedonTheHomePage_beforeTestStart_byClass_PASS4_details')">beforeTestStart(ff)</a>
               </td>
               <td nowrap="true">17:42:59</td>
               <td nowrap="true" align="right">8s
                  
               </td>
               <td nowrap="true">
                   
                  
               </td>
            </tr>
            <tr>
               <td colspan="4" class="detailsBox">
                  <div id="tests.VerifyExpediaLogoandQRCodeDisplayedonTheHomePage_beforeTestStart_byClass_PASS4_details"
                       class="testMethodDetails">
                     <div>
                        <b>Name: </b>beforeTestStart
                     </div>
                     <div>
                        <b>Signature: </b>beforeTestStart(java.lang.String)[pri:0, instance:tests.VerifyExpediaLogoandQRCodeDisplayedonTheHomePage@37918c79]
                     </div>
                     <div>
                        <b>Parameters: </b>
                        
                        ff
                        
                        
                     </div>
                     <div>
                        <b>Start time: </b>17:42:59
                     </div>
                     <div>
                        <b>End time: </b>17:43:07
                     </div>
                     <div>
                        <b>Duration: </b>8s
                        
                     </div>
                  </div>
               </td>
            </tr>
            <tr></tr>
            <tr id="tests.VerifyExpediaLogoandQRCodeDisplayedonTheHomePage_scanQRCode_byClass_PASS5_row"
                class="testMethodStatusPASS">
               <td width="100%" class="firstMethodCell">
                  <a onclick="toggleDetailsVisibility('tests.VerifyExpediaLogoandQRCodeDisplayedonTheHomePage_scanQRCode_byClass_PASS5_details')">scanQRCode()</a>
               </td>
               <td nowrap="true">17:43:07</td>
               <td nowrap="true" align="right">71 ms
                  
               </td>
               <td nowrap="true">
                   
                  
               </td>
            </tr>
            <tr>
               <td colspan="4" class="detailsBox">
                  <div id="tests.VerifyExpediaLogoandQRCodeDisplayedonTheHomePage_scanQRCode_byClass_PASS5_details"
                       class="testMethodDetails">
                     <div>
                        <b>Name: </b>scanQRCode
                     </div>
                     <div>
                        <b>Signature: </b>scanQRCode()[pri:2, instance:tests.VerifyExpediaLogoandQRCodeDisplayedonTheHomePage@37918c79]
                     </div>
                     <div>
                        <b>Start time: </b>17:43:07
                     </div>
                     <div>
                        <b>End time: </b>17:43:07
                     </div>
                     <div>
                        <b>Duration: </b>71 ms
                        
                     </div>
                  </div>
               </td>
            </tr>
            <tr></tr>
            <tr id="tests.VerifyExpediaLogoandQRCodeDisplayedonTheHomePage_closeWindow_byClass_PASS6_row"
                class="testMethodStatusPASS testMethodStatusCONF">
               <td width="100%" class="firstMethodCell">
                  <a onclick="toggleDetailsVisibility('tests.VerifyExpediaLogoandQRCodeDisplayedonTheHomePage_closeWindow_byClass_PASS6_details')">closeWindow()</a>
               </td>
               <td nowrap="true">17:43:07</td>
               <td nowrap="true" align="right">1s
                  
               </td>
               <td nowrap="true">
                   
                  
               </td>
            </tr>
            <tr>
               <td colspan="4" class="detailsBox">
                  <div id="tests.VerifyExpediaLogoandQRCodeDisplayedonTheHomePage_closeWindow_byClass_PASS6_details"
                       class="testMethodDetails">
                     <div>
                        <b>Name: </b>closeWindow
                     </div>
                     <div>
                        <b>Signature: </b>closeWindow()[pri:0, instance:tests.VerifyExpediaLogoandQRCodeDisplayedonTheHomePage@37918c79]
                     </div>
                     <div>
                        <b>Start time: </b>17:43:07
                     </div>
                     <div>
                        <b>End time: </b>17:43:08
                     </div>
                     <div>
                        <b>Duration: </b>1s
                        
                     </div>
                  </div>
               </td>
            </tr>
            <tr></tr>
         </table>
         <br></br>
         <table class="testMethodsTable" cellpadding="0" cellspacing="0">
            <tr>
               <td colspan="4">
                  <h3 style="display: inline;">tests.VerifyHeaderTabsTakeUsertotheRightPage</h3>
               </td>
            </tr>
            <tr class="methodsTableHeader">
               <td width="100%">Name</td>
               <td nowrap="true">Started</td>
               <td nowrap="true">Duration</td>
               <td>Exception</td>
            </tr>
            <tr id="tests.VerifyHeaderTabsTakeUsertotheRightPage_beforeTestStart_byClass_PASS1_row"
                class="testMethodStatusPASS testMethodStatusCONF">
               <td width="100%" class="firstMethodCell">
                  <a onclick="toggleDetailsVisibility('tests.VerifyHeaderTabsTakeUsertotheRightPage_beforeTestStart_byClass_PASS1_details')">beforeTestStart(ff)</a>
               </td>
               <td nowrap="true">17:36:29</td>
               <td nowrap="true" align="right">11s
                  
               </td>
               <td nowrap="true">
                   
                  
               </td>
            </tr>
            <tr>
               <td colspan="4" class="detailsBox">
                  <div id="tests.VerifyHeaderTabsTakeUsertotheRightPage_beforeTestStart_byClass_PASS1_details"
                       class="testMethodDetails">
                     <div>
                        <b>Name: </b>beforeTestStart
                     </div>
                     <div>
                        <b>Signature: </b>beforeTestStart(java.lang.String)[pri:0, instance:tests.VerifyHeaderTabsTakeUsertotheRightPage@38c5cc4c]
                     </div>
                     <div>
                        <b>Parameters: </b>
                        
                        ff
                        
                        
                     </div>
                     <div>
                        <b>Start time: </b>17:36:29
                     </div>
                     <div>
                        <b>End time: </b>17:36:40
                     </div>
                     <div>
                        <b>Duration: </b>11s
                        
                     </div>
                  </div>
               </td>
            </tr>
            <tr></tr>
            <tr id="tests.VerifyHeaderTabsTakeUsertotheRightPage_headerTabsClickability_byClass_FAIL2_row"
                class="testMethodStatusFAIL">
               <td width="100%" class="firstMethodCell">
                  <a onclick="toggleDetailsVisibility('tests.VerifyHeaderTabsTakeUsertotheRightPage_headerTabsClickability_byClass_FAIL2_details')">headerTabsClickability()</a>
               </td>
               <td nowrap="true">17:36:40</td>
               <td nowrap="true" align="right">5m
                  24s
                  
               </td>
               <td nowrap="true">
                  <a onclick="toggleDetailsVisibility('tests.VerifyHeaderTabsTakeUsertotheRightPage_headerTabsClickability_byClass_FAIL2_exception')">org.openqa.selenium.TimeoutException: 
                     Timeout loading page after 300000ms
                     Build info: version: '3.8.1', revision: '6e95a6684b', time: '2017-12-01T19:05:14.666Z'
                     System info: host: 'DESKTOP-5TRQ2HB', ip: '192.168.1.135', os.name: 'Windows 10', os.arch: 'amd64', os.version: '10.0', java.version:
                     '1.8.0_191'
                     Driver info: org.openqa.selenium.firefox.FirefoxDriver
                     Capabilities {acceptInsecureCerts: true, browserName: firefox, browserVersion: 66.0.5, javascriptEnabled: true, moz:accessibilityChecks:
                     false, moz:geckodriverVersion: 0.24.0, moz:headless: false, moz:processID: 14084, moz:profile: C:\Users\mdjal\AppData\Loca...,
                     moz:shutdownTimeout: 60000, moz:useNonSpecCompliantPointerOrigin: false, moz:webdriverClick: true, pageLoadStrategy: normal,
                     platform: WINDOWS, platformName: WINDOWS, platformVersion: 10.0, rotatable: false, setWindowRect: true, strictFileInteractability:
                     false, timeouts: {implicit: 0, pageLoad: 300000, script: 30000}, unhandledPromptBehavior: dismiss and notify}
                     Session ID: 94262d00-22ca-48c7-b72d-47abdf215cfb
                     
                  </a>
                   
                  
               </td>
            </tr>
            <tr>
               <td colspan="4" class="detailsBox">
                  <div id="tests.VerifyHeaderTabsTakeUsertotheRightPage_headerTabsClickability_byClass_FAIL2_details"
                       class="testMethodDetails">
                     <div>
                        <b>Name: </b>headerTabsClickability
                     </div>
                     <div>
                        <b>Signature: </b>headerTabsClickability()[pri:0, instance:tests.VerifyHeaderTabsTakeUsertotheRightPage@38c5cc4c]
                     </div>
                     <div>
                        <b>Start time: </b>17:36:40
                     </div>
                     <div>
                        <b>End time: </b>17:42:05
                     </div>
                     <div>
                        <b>Duration: </b>5m
                        24s
                        
                     </div>
                  </div>
               </td>
            </tr>
            <tr>
               <td colspan="4" class="detailsBox">
                  <div id="tests.VerifyHeaderTabsTakeUsertotheRightPage_headerTabsClickability_byClass_FAIL2_exception"
                       class="testMethodDetails">
                     <pre style="padding: 5px; margin: 0;">org.openqa.selenium.TimeoutException: Timeout loading page after 300000ms
                        Build info: version: '3.8.1', revision: '6e95a6684b', time: '2017-12-01T19:05:14.666Z'
                        System info: host: 'DESKTOP-5TRQ2HB', ip: '192.168.1.135', os.name: 'Windows 10', os.arch: 'amd64', os.version: '10.0', java.version:
                        '1.8.0_191'
                        Driver info: org.openqa.selenium.firefox.FirefoxDriver
                        Capabilities {acceptInsecureCerts: true, browserName: firefox, browserVersion: 66.0.5, javascriptEnabled: true, moz:accessibilityChecks:
                        false, moz:geckodriverVersion: 0.24.0, moz:headless: false, moz:processID: 14084, moz:profile: C:\Users\mdjal\AppData\Loca...,
                        moz:shutdownTimeout: 60000, moz:useNonSpecCompliantPointerOrigin: false, moz:webdriverClick: true, pageLoadStrategy: normal,
                        platform: WINDOWS, platformName: WINDOWS, platformVersion: 10.0, rotatable: false, setWindowRect: true, strictFileInteractability:
                        false, timeouts: {implicit: 0, pageLoad: 300000, script: 30000}, unhandledPromptBehavior: dismiss and notify}
                        Session ID: 94262d00-22ca-48c7-b72d-47abdf215cfb
                        	at sun.reflect.NativeConstructorAccessorImpl.newInstance0(Native Method)
                        	at sun.reflect.NativeConstructorAccessorImpl.newInstance(Unknown Source)
                        	at sun.reflect.DelegatingConstructorAccessorImpl.newInstance(Unknown Source)
                        	at java.lang.reflect.Constructor.newInstance(Unknown Source)
                        	at org.openqa.selenium.remote.http.W3CHttpResponseCodec.createException(W3CHttpResponseCodec.java:187)
                        	at org.openqa.selenium.remote.http.W3CHttpResponseCodec.decode(W3CHttpResponseCodec.java:122)
                        	at org.openqa.selenium.remote.http.W3CHttpResponseCodec.decode(W3CHttpResponseCodec.java:49)
                        	at org.openqa.selenium.remote.HttpCommandExecutor.execute(HttpCommandExecutor.java:164)
                        	at org.openqa.selenium.remote.service.DriverCommandExecutor.execute(DriverCommandExecutor.java:83)
                        	at org.openqa.selenium.remote.RemoteWebDriver.execute(RemoteWebDriver.java:601)
                        	at org.openqa.selenium.remote.RemoteWebElement.execute(RemoteWebElement.java:279)
                        	at org.openqa.selenium.remote.RemoteWebElement.click(RemoteWebElement.java:83)
                        	at utils.WebDriverFunctions.clickById(WebDriverFunctions.java:70)
                        	at tests.VerifyHeaderTabsTakeUsertotheRightPage.headerTabsClickability(VerifyHeaderTabsTakeUsertotheRightPage.java:72)
                        	at sun.reflect.NativeMethodAccessorImpl.invoke0(Native Method)
                        	at sun.reflect.NativeMethodAccessorImpl.invoke(Unknown Source)
                        	at sun.reflect.DelegatingMethodAccessorImpl.invoke(Unknown Source)
                        	at java.lang.reflect.Method.invoke(Unknown Source)
                        	at org.testng.internal.MethodInvocationHelper.invokeMethod(MethodInvocationHelper.java:85)
                        	at org.testng.internal.Invoker.invokeMethod(Invoker.java:639)
                        	at org.testng.internal.Invoker.invokeTestMethod(Invoker.java:816)
                        	at org.testng.internal.Invoker.invokeTestMethods(Invoker.java:1124)
                        	at org.testng.internal.TestMethodWorker.invokeTestMethods(TestMethodWorker.java:125)
                        	at org.testng.internal.TestMethodWorker.run(TestMethodWorker.java:108)
                        	at org.testng.TestRunner.privateRun(TestRunner.java:774)
                        	at org.testng.TestRunner.run(TestRunner.java:624)
                        	at org.testng.SuiteRunner.runTest(SuiteRunner.java:359)
                        	at org.testng.SuiteRunner.runSequentially(SuiteRunner.java:354)
                        	at org.testng.SuiteRunner.privateRun(SuiteRunner.java:312)
                        	at org.testng.SuiteRunner.run(SuiteRunner.java:261)
                        	at org.testng.SuiteRunnerWorker.runSuite(SuiteRunnerWorker.java:52)
                        	at org.testng.SuiteRunnerWorker.run(SuiteRunnerWorker.java:86)
                        	at org.testng.TestNG.runSuitesSequentially(TestNG.java:1215)
                        	at org.testng.TestNG.runSuitesLocally(TestNG.java:1140)
                        	at org.testng.TestNG.run(TestNG.java:1048)
                        	at org.testng.TestNG.privateMain(TestNG.java:1355)
                        	at org.testng.TestNG.main(TestNG.java:1324)
                     </pre>
                  </div>
               </td>
            </tr>
            <tr id="tests.VerifyHeaderTabsTakeUsertotheRightPage_closeWindow_byClass_PASS3_row"
                class="testMethodStatusPASS testMethodStatusCONF">
               <td width="100%" class="firstMethodCell">
                  <a onclick="toggleDetailsVisibility('tests.VerifyHeaderTabsTakeUsertotheRightPage_closeWindow_byClass_PASS3_details')">closeWindow()</a>
               </td>
               <td nowrap="true">17:42:05</td>
               <td nowrap="true" align="right">1s
                  
               </td>
               <td nowrap="true">
                   
                  
               </td>
            </tr>
            <tr>
               <td colspan="4" class="detailsBox">
                  <div id="tests.VerifyHeaderTabsTakeUsertotheRightPage_closeWindow_byClass_PASS3_details"
                       class="testMethodDetails">
                     <div>
                        <b>Name: </b>closeWindow
                     </div>
                     <div>
                        <b>Signature: </b>closeWindow()[pri:0, instance:tests.VerifyHeaderTabsTakeUsertotheRightPage@38c5cc4c]
                     </div>
                     <div>
                        <b>Start time: </b>17:42:05
                     </div>
                     <div>
                        <b>End time: </b>17:42:06
                     </div>
                     <div>
                        <b>Duration: </b>1s
                        
                     </div>
                  </div>
               </td>
            </tr>
            <tr></tr>
         </table>
         <br></br>
         <table class="testMethodsTable" cellpadding="0" cellspacing="0">
            <tr>
               <td colspan="4">
                  <h3 style="display: inline;">tests.VerifyHomePageScrollBarMovesAlltheWayBottomofthePage</h3>
               </td>
            </tr>
            <tr class="methodsTableHeader">
               <td width="100%">Name</td>
               <td nowrap="true">Started</td>
               <td nowrap="true">Duration</td>
               <td>Exception</td>
            </tr>
            <tr id="tests.VerifyHomePageScrollBarMovesAlltheWayBottomofthePage_beforeTestStart_byClass_PASS1_row"
                class="testMethodStatusPASS testMethodStatusCONF">
               <td width="100%" class="firstMethodCell">
                  <a onclick="toggleDetailsVisibility('tests.VerifyHomePageScrollBarMovesAlltheWayBottomofthePage_beforeTestStart_byClass_PASS1_details')">beforeTestStart(ff)</a>
               </td>
               <td nowrap="true">17:43:29</td>
               <td nowrap="true" align="right">4s
                  
               </td>
               <td nowrap="true">
                   
                  
               </td>
            </tr>
            <tr>
               <td colspan="4" class="detailsBox">
                  <div id="tests.VerifyHomePageScrollBarMovesAlltheWayBottomofthePage_beforeTestStart_byClass_PASS1_details"
                       class="testMethodDetails">
                     <div>
                        <b>Name: </b>beforeTestStart
                     </div>
                     <div>
                        <b>Signature: </b>beforeTestStart(java.lang.String)[pri:0, instance:tests.VerifyHomePageScrollBarMovesAlltheWayBottomofthePage@3c72f59f]
                     </div>
                     <div>
                        <b>Parameters: </b>
                        
                        ff
                        
                        
                     </div>
                     <div>
                        <b>Start time: </b>17:43:29
                     </div>
                     <div>
                        <b>End time: </b>17:43:33
                     </div>
                     <div>
                        <b>Duration: </b>4s
                        
                     </div>
                  </div>
               </td>
            </tr>
            <tr></tr>
            <tr id="tests.VerifyHomePageScrollBarMovesAlltheWayBottomofthePage_expediaMainPageScrollBar_byClass_PASS2_row"
                class="testMethodStatusPASS">
               <td width="100%" class="firstMethodCell">
                  <a onclick="toggleDetailsVisibility('tests.VerifyHomePageScrollBarMovesAlltheWayBottomofthePage_expediaMainPageScrollBar_byClass_PASS2_details')">expediaMainPageScrollBar()</a>
               </td>
               <td nowrap="true">17:43:33</td>
               <td nowrap="true" align="right">3s
                  
               </td>
               <td nowrap="true">
                   
                  
               </td>
            </tr>
            <tr>
               <td colspan="4" class="detailsBox">
                  <div id="tests.VerifyHomePageScrollBarMovesAlltheWayBottomofthePage_expediaMainPageScrollBar_byClass_PASS2_details"
                       class="testMethodDetails">
                     <div>
                        <b>Name: </b>expediaMainPageScrollBar
                     </div>
                     <div>
                        <b>Signature: </b>expediaMainPageScrollBar()[pri:0, instance:tests.VerifyHomePageScrollBarMovesAlltheWayBottomofthePage@3c72f59f]
                     </div>
                     <div>
                        <b>Start time: </b>17:43:33
                     </div>
                     <div>
                        <b>End time: </b>17:43:36
                     </div>
                     <div>
                        <b>Duration: </b>3s
                        
                     </div>
                  </div>
               </td>
            </tr>
            <tr></tr>
            <tr id="tests.VerifyHomePageScrollBarMovesAlltheWayBottomofthePage_closeWindow_byClass_PASS3_row"
                class="testMethodStatusPASS testMethodStatusCONF">
               <td width="100%" class="firstMethodCell">
                  <a onclick="toggleDetailsVisibility('tests.VerifyHomePageScrollBarMovesAlltheWayBottomofthePage_closeWindow_byClass_PASS3_details')">closeWindow()</a>
               </td>
               <td nowrap="true">17:43:36</td>
               <td nowrap="true" align="right">989 ms
                  
               </td>
               <td nowrap="true">
                   
                  
               </td>
            </tr>
            <tr>
               <td colspan="4" class="detailsBox">
                  <div id="tests.VerifyHomePageScrollBarMovesAlltheWayBottomofthePage_closeWindow_byClass_PASS3_details"
                       class="testMethodDetails">
                     <div>
                        <b>Name: </b>closeWindow
                     </div>
                     <div>
                        <b>Signature: </b>closeWindow()[pri:0, instance:tests.VerifyHomePageScrollBarMovesAlltheWayBottomofthePage@3c72f59f]
                     </div>
                     <div>
                        <b>Start time: </b>17:43:36
                     </div>
                     <div>
                        <b>End time: </b>17:43:37
                     </div>
                     <div>
                        <b>Duration: </b>989 ms
                        
                     </div>
                  </div>
               </td>
            </tr>
            <tr></tr>
         </table>
         <br></br>
         <table class="testMethodsTable" cellpadding="0" cellspacing="0">
            <tr>
               <td colspan="4">
                  <h3 style="display: inline;">tests.VerifySubHeaderTabsTakeUsertotheRightPage</h3>
               </td>
            </tr>
            <tr class="methodsTableHeader">
               <td width="100%">Name</td>
               <td nowrap="true">Started</td>
               <td nowrap="true">Duration</td>
               <td>Exception</td>
            </tr>
            <tr id="tests.VerifySubHeaderTabsTakeUsertotheRightPage_beforeTestStart_byClass_PASS1_row"
                class="testMethodStatusPASS testMethodStatusCONF">
               <td width="100%" class="firstMethodCell">
                  <a onclick="toggleDetailsVisibility('tests.VerifySubHeaderTabsTakeUsertotheRightPage_beforeTestStart_byClass_PASS1_details')">beforeTestStart(ff)</a>
               </td>
               <td nowrap="true">17:43:47</td>
               <td nowrap="true" align="right">9s
                  
               </td>
               <td nowrap="true">
                   
                  
               </td>
            </tr>
            <tr>
               <td colspan="4" class="detailsBox">
                  <div id="tests.VerifySubHeaderTabsTakeUsertotheRightPage_beforeTestStart_byClass_PASS1_details"
                       class="testMethodDetails">
                     <div>
                        <b>Name: </b>beforeTestStart
                     </div>
                     <div>
                        <b>Signature: </b>beforeTestStart(java.lang.String)[pri:0, instance:tests.VerifySubHeaderTabsTakeUsertotheRightPage@60dcc9fe]
                     </div>
                     <div>
                        <b>Parameters: </b>
                        
                        ff
                        
                        
                     </div>
                     <div>
                        <b>Start time: </b>17:43:47
                     </div>
                     <div>
                        <b>End time: </b>17:43:56
                     </div>
                     <div>
                        <b>Duration: </b>9s
                        
                     </div>
                  </div>
               </td>
            </tr>
            <tr></tr>
            <tr id="tests.VerifySubHeaderTabsTakeUsertotheRightPage_subHeaderTabs_byClass_SKIP2_row"
                class="testMethodStatusSKIP">
               <td width="100%" class="firstMethodCell">
                  <a onclick="toggleDetailsVisibility('tests.VerifySubHeaderTabsTakeUsertotheRightPage_subHeaderTabs_byClass_SKIP2_details')">subHeaderTabs()</a>
               </td>
               <td nowrap="true">17:43:56</td>
               <td nowrap="true" align="right">2s
                  
               </td>
               <td nowrap="true">
                  <a onclick="toggleDetailsVisibility('tests.VerifySubHeaderTabsTakeUsertotheRightPage_subHeaderTabs_byClass_SKIP2_exception')">org.testng.SkipException: 
                     Requirements changed and we don't need to perform this test anymore
                     
                  </a>
                   
                  
               </td>
            </tr>
            <tr>
               <td colspan="4" class="detailsBox">
                  <div id="tests.VerifySubHeaderTabsTakeUsertotheRightPage_subHeaderTabs_byClass_SKIP2_details"
                       class="testMethodDetails">
                     <div>
                        <b>Name: </b>subHeaderTabs
                     </div>
                     <div>
                        <b>Signature: </b>subHeaderTabs()[pri:0, instance:tests.VerifySubHeaderTabsTakeUsertotheRightPage@60dcc9fe]
                     </div>
                     <div>
                        <b>Start time: </b>17:43:56
                     </div>
                     <div>
                        <b>End time: </b>17:43:58
                     </div>
                     <div>
                        <b>Duration: </b>2s
                        
                     </div>
                  </div>
               </td>
            </tr>
            <tr>
               <td colspan="4" class="detailsBox">
                  <div id="tests.VerifySubHeaderTabsTakeUsertotheRightPage_subHeaderTabs_byClass_SKIP2_exception"
                       class="testMethodDetails">
                     <pre style="padding: 5px; margin: 0;">org.testng.SkipException: Requirements changed and we don't need to perform this test anymore
                        	at tests.VerifySubHeaderTabsTakeUsertotheRightPage.subHeaderTabs(VerifySubHeaderTabsTakeUsertotheRightPage.java:29)
                        	at sun.reflect.NativeMethodAccessorImpl.invoke0(Native Method)
                        	at sun.reflect.NativeMethodAccessorImpl.invoke(Unknown Source)
                        	at sun.reflect.DelegatingMethodAccessorImpl.invoke(Unknown Source)
                        	at java.lang.reflect.Method.invoke(Unknown Source)
                        	at org.testng.internal.MethodInvocationHelper.invokeMethod(MethodInvocationHelper.java:85)
                        	at org.testng.internal.Invoker.invokeMethod(Invoker.java:639)
                        	at org.testng.internal.Invoker.invokeTestMethod(Invoker.java:816)
                        	at org.testng.internal.Invoker.invokeTestMethods(Invoker.java:1124)
                        	at org.testng.internal.TestMethodWorker.invokeTestMethods(TestMethodWorker.java:125)
                        	at org.testng.internal.TestMethodWorker.run(TestMethodWorker.java:108)
                        	at org.testng.TestRunner.privateRun(TestRunner.java:774)
                        	at org.testng.TestRunner.run(TestRunner.java:624)
                        	at org.testng.SuiteRunner.runTest(SuiteRunner.java:359)
                        	at org.testng.SuiteRunner.runSequentially(SuiteRunner.java:354)
                        	at org.testng.SuiteRunner.privateRun(SuiteRunner.java:312)
                        	at org.testng.SuiteRunner.run(SuiteRunner.java:261)
                        	at org.testng.SuiteRunnerWorker.runSuite(SuiteRunnerWorker.java:52)
                        	at org.testng.SuiteRunnerWorker.run(SuiteRunnerWorker.java:86)
                        	at org.testng.TestNG.runSuitesSequentially(TestNG.java:1215)
                        	at org.testng.TestNG.runSuitesLocally(TestNG.java:1140)
                        	at org.testng.TestNG.run(TestNG.java:1048)
                        	at org.testng.TestNG.privateMain(TestNG.java:1355)
                        	at org.testng.TestNG.main(TestNG.java:1324)
                     </pre>
                  </div>
               </td>
            </tr>
            <tr id="tests.VerifySubHeaderTabsTakeUsertotheRightPage_closeWindow_byClass_PASS3_row"
                class="testMethodStatusPASS testMethodStatusCONF">
               <td width="100%" class="firstMethodCell">
                  <a onclick="toggleDetailsVisibility('tests.VerifySubHeaderTabsTakeUsertotheRightPage_closeWindow_byClass_PASS3_details')">closeWindow()</a>
               </td>
               <td nowrap="true">17:43:58</td>
               <td nowrap="true" align="right">1s
                  
               </td>
               <td nowrap="true">
                   
                  
               </td>
            </tr>
            <tr>
               <td colspan="4" class="detailsBox">
                  <div id="tests.VerifySubHeaderTabsTakeUsertotheRightPage_closeWindow_byClass_PASS3_details"
                       class="testMethodDetails">
                     <div>
                        <b>Name: </b>closeWindow
                     </div>
                     <div>
                        <b>Signature: </b>closeWindow()[pri:0, instance:tests.VerifySubHeaderTabsTakeUsertotheRightPage@60dcc9fe]
                     </div>
                     <div>
                        <b>Start time: </b>17:43:58
                     </div>
                     <div>
                        <b>End time: </b>17:43:59
                     </div>
                     <div>
                        <b>Duration: </b>1s
                        
                     </div>
                  </div>
               </td>
            </tr>
            <tr></tr>
         </table>
         <br></br>
         <table class="testMethodsTable" cellpadding="0" cellspacing="0">
            <tr>
               <td colspan="4">
                  <h3 style="display: inline;">tests.VerifyUserLandedontheRightPage</h3>
               </td>
            </tr>
            <tr class="methodsTableHeader">
               <td width="100%">Name</td>
               <td nowrap="true">Started</td>
               <td nowrap="true">Duration</td>
               <td>Exception</td>
            </tr>
            <tr id="tests.VerifyUserLandedontheRightPage_beforeTestStart_byClass_PASS1_row"
                class="testMethodStatusPASS testMethodStatusCONF">
               <td width="100%" class="firstMethodCell">
                  <a onclick="toggleDetailsVisibility('tests.VerifyUserLandedontheRightPage_beforeTestStart_byClass_PASS1_details')">beforeTestStart(ff)</a>
               </td>
               <td nowrap="true">17:44:09</td>
               <td nowrap="true" align="right">3s
                  
               </td>
               <td nowrap="true">
                   
                  
               </td>
            </tr>
            <tr>
               <td colspan="4" class="detailsBox">
                  <div id="tests.VerifyUserLandedontheRightPage_beforeTestStart_byClass_PASS1_details"
                       class="testMethodDetails">
                     <div>
                        <b>Name: </b>beforeTestStart
                     </div>
                     <div>
                        <b>Signature: </b>beforeTestStart(java.lang.String)[pri:0, instance:tests.VerifyUserLandedontheRightPage@222114ba]
                     </div>
                     <div>
                        <b>Parameters: </b>
                        
                        ff
                        
                        
                     </div>
                     <div>
                        <b>Start time: </b>17:44:09
                     </div>
                     <div>
                        <b>End time: </b>17:44:12
                     </div>
                     <div>
                        <b>Duration: </b>3s
                        
                     </div>
                  </div>
               </td>
            </tr>
            <tr></tr>
            <tr id="tests.VerifyUserLandedontheRightPage_userLandedontherightpage_byClass_PASS2_row"
                class="testMethodStatusPASS">
               <td width="100%" class="firstMethodCell">
                  <a onclick="toggleDetailsVisibility('tests.VerifyUserLandedontheRightPage_userLandedontherightpage_byClass_PASS2_details')">userLandedontherightpage()</a>
               </td>
               <td nowrap="true">17:44:12</td>
               <td nowrap="true" align="right">31 ms
                  
               </td>
               <td nowrap="true">
                   
                  
               </td>
            </tr>
            <tr>
               <td colspan="4" class="detailsBox">
                  <div id="tests.VerifyUserLandedontheRightPage_userLandedontherightpage_byClass_PASS2_details"
                       class="testMethodDetails">
                     <div>
                        <b>Name: </b>userLandedontherightpage
                     </div>
                     <div>
                        <b>Signature: </b>userLandedontherightpage()[pri:0, instance:tests.VerifyUserLandedontheRightPage@222114ba]
                     </div>
                     <div>
                        <b>Start time: </b>17:44:12
                     </div>
                     <div>
                        <b>End time: </b>17:44:12
                     </div>
                     <div>
                        <b>Duration: </b>31 ms
                        
                     </div>
                  </div>
               </td>
            </tr>
            <tr></tr>
            <tr id="tests.VerifyUserLandedontheRightPage_closeWindow_byClass_PASS3_row"
                class="testMethodStatusPASS testMethodStatusCONF">
               <td width="100%" class="firstMethodCell">
                  <a onclick="toggleDetailsVisibility('tests.VerifyUserLandedontheRightPage_closeWindow_byClass_PASS3_details')">closeWindow()</a>
               </td>
               <td nowrap="true">17:44:12</td>
               <td nowrap="true" align="right">812 ms
                  
               </td>
               <td nowrap="true">
                   
                  
               </td>
            </tr>
            <tr>
               <td colspan="4" class="detailsBox">
                  <div id="tests.VerifyUserLandedontheRightPage_closeWindow_byClass_PASS3_details"
                       class="testMethodDetails">
                     <div>
                        <b>Name: </b>closeWindow
                     </div>
                     <div>
                        <b>Signature: </b>closeWindow()[pri:0, instance:tests.VerifyUserLandedontheRightPage@222114ba]
                     </div>
                     <div>
                        <b>Start time: </b>17:44:12
                     </div>
                     <div>
                        <b>End time: </b>17:44:13
                     </div>
                     <div>
                        <b>Duration: </b>812 ms
                        
                     </div>
                  </div>
               </td>
            </tr>
            <tr></tr>
         </table>
         <br></br>
         <table class="testMethodsTable" cellpadding="0" cellspacing="0">
            <tr>
               <td colspan="4">
                  <h3 style="display: inline;">tests.VerifyUserUsedRightUrl</h3>
               </td>
            </tr>
            <tr class="methodsTableHeader">
               <td width="100%">Name</td>
               <td nowrap="true">Started</td>
               <td nowrap="true">Duration</td>
               <td>Exception</td>
            </tr>
            <tr id="tests.VerifyUserUsedRightUrl_beforeTestStart_byClass_PASS1_row"
                class="testMethodStatusPASS testMethodStatusCONF">
               <td width="100%" class="firstMethodCell">
                  <a onclick="toggleDetailsVisibility('tests.VerifyUserUsedRightUrl_beforeTestStart_byClass_PASS1_details')">beforeTestStart(ff)</a>
               </td>
               <td nowrap="true">17:43:59</td>
               <td nowrap="true" align="right">9s
                  
               </td>
               <td nowrap="true">
                   
                  
               </td>
            </tr>
            <tr>
               <td colspan="4" class="detailsBox">
                  <div id="tests.VerifyUserUsedRightUrl_beforeTestStart_byClass_PASS1_details"
                       class="testMethodDetails">
                     <div>
                        <b>Name: </b>beforeTestStart
                     </div>
                     <div>
                        <b>Signature: </b>beforeTestStart(java.lang.String)[pri:0, instance:tests.VerifyUserUsedRightUrl@358ee631]
                     </div>
                     <div>
                        <b>Parameters: </b>
                        
                        ff
                        
                        
                     </div>
                     <div>
                        <b>Start time: </b>17:43:59
                     </div>
                     <div>
                        <b>End time: </b>17:44:08
                     </div>
                     <div>
                        <b>Duration: </b>9s
                        
                     </div>
                  </div>
               </td>
            </tr>
            <tr></tr>
            <tr id="tests.VerifyUserUsedRightUrl_usingrighturl_byClass_PASS2_row"
                class="testMethodStatusPASS">
               <td width="100%" class="firstMethodCell">
                  <a onclick="toggleDetailsVisibility('tests.VerifyUserUsedRightUrl_usingrighturl_byClass_PASS2_details')">usingrighturl()</a>
               </td>
               <td nowrap="true">17:44:08</td>
               <td nowrap="true" align="right">12 ms
                  
               </td>
               <td nowrap="true">
                   
                  
               </td>
            </tr>
            <tr>
               <td colspan="4" class="detailsBox">
                  <div id="tests.VerifyUserUsedRightUrl_usingrighturl_byClass_PASS2_details"
                       class="testMethodDetails">
                     <div>
                        <b>Name: </b>usingrighturl
                     </div>
                     <div>
                        <b>Signature: </b>usingrighturl()[pri:0, instance:tests.VerifyUserUsedRightUrl@358ee631]
                     </div>
                     <div>
                        <b>Start time: </b>17:44:08
                     </div>
                     <div>
                        <b>End time: </b>17:44:08
                     </div>
                     <div>
                        <b>Duration: </b>12 ms
                        
                     </div>
                  </div>
               </td>
            </tr>
            <tr></tr>
            <tr id="tests.VerifyUserUsedRightUrl_closeWindow_byClass_PASS3_row"
                class="testMethodStatusPASS testMethodStatusCONF">
               <td width="100%" class="firstMethodCell">
                  <a onclick="toggleDetailsVisibility('tests.VerifyUserUsedRightUrl_closeWindow_byClass_PASS3_details')">closeWindow()</a>
               </td>
               <td nowrap="true">17:44:08</td>
               <td nowrap="true" align="right">1s
                  
               </td>
               <td nowrap="true">
                   
                  
               </td>
            </tr>
            <tr>
               <td colspan="4" class="detailsBox">
                  <div id="tests.VerifyUserUsedRightUrl_closeWindow_byClass_PASS3_details"
                       class="testMethodDetails">
                     <div>
                        <b>Name: </b>closeWindow
                     </div>
                     <div>
                        <b>Signature: </b>closeWindow()[pri:0, instance:tests.VerifyUserUsedRightUrl@358ee631]
                     </div>
                     <div>
                        <b>Start time: </b>17:44:08
                     </div>
                     <div>
                        <b>End time: </b>17:44:09
                     </div>
                     <div>
                        <b>Duration: </b>1s
                        
                     </div>
                  </div>
               </td>
            </tr>
            <tr></tr>
         </table>
         <br></br>
         <table class="testMethodsTable" cellpadding="0" cellspacing="0">
            <tr>
               <td colspan="4">
                  <h3 style="display: inline;">tests.writeinXl</h3>
               </td>
            </tr>
            <tr class="methodsTableHeader">
               <td width="100%">Name</td>
               <td nowrap="true">Started</td>
               <td nowrap="true">Duration</td>
               <td>Exception</td>
            </tr>
            <tr id="tests.writeinXl_beforeTestStart_byClass_PASS1_row"
                class="testMethodStatusPASS testMethodStatusCONF">
               <td width="100%" class="firstMethodCell">
                  <a onclick="toggleDetailsVisibility('tests.writeinXl_beforeTestStart_byClass_PASS1_details')">beforeTestStart(ff)</a>
               </td>
               <td nowrap="true">17:43:37</td>
               <td nowrap="true" align="right">8s
                  
               </td>
               <td nowrap="true">
                   
                  
               </td>
            </tr>
            <tr>
               <td colspan="4" class="detailsBox">
                  <div id="tests.writeinXl_beforeTestStart_byClass_PASS1_details"
                       class="testMethodDetails">
                     <div>
                        <b>Name: </b>beforeTestStart
                     </div>
                     <div>
                        <b>Signature: </b>beforeTestStart(java.lang.String)[pri:0, instance:tests.writeinXl@233fe9b6]
                     </div>
                     <div>
                        <b>Parameters: </b>
                        
                        ff
                        
                        
                     </div>
                     <div>
                        <b>Start time: </b>17:43:37
                     </div>
                     <div>
                        <b>End time: </b>17:43:46
                     </div>
                     <div>
                        <b>Duration: </b>8s
                        
                     </div>
                  </div>
               </td>
            </tr>
            <tr></tr>
            <tr id="tests.writeinXl_testWriteinxl_byClass_PASS2_row"
                class="testMethodStatusPASS">
               <td width="100%" class="firstMethodCell">
                  <a onclick="toggleDetailsVisibility('tests.writeinXl_testWriteinxl_byClass_PASS2_details')">testWriteinxl()</a>
               </td>
               <td nowrap="true">17:43:46</td>
               <td nowrap="true" align="right">196 ms
                  
               </td>
               <td nowrap="true">
                   
                  
               </td>
            </tr>
            <tr>
               <td colspan="4" class="detailsBox">
                  <div id="tests.writeinXl_testWriteinxl_byClass_PASS2_details"
                       class="testMethodDetails">
                     <div>
                        <b>Name: </b>testWriteinxl
                     </div>
                     <div>
                        <b>Signature: </b>testWriteinxl()[pri:0, instance:tests.writeinXl@233fe9b6]
                     </div>
                     <div>
                        <b>Start time: </b>17:43:46
                     </div>
                     <div>
                        <b>End time: </b>17:43:46
                     </div>
                     <div>
                        <b>Duration: </b>196 ms
                        
                     </div>
                  </div>
               </td>
            </tr>
            <tr></tr>
            <tr id="tests.writeinXl_closeWindow_byClass_PASS3_row"
                class="testMethodStatusPASS testMethodStatusCONF">
               <td width="100%" class="firstMethodCell">
                  <a onclick="toggleDetailsVisibility('tests.writeinXl_closeWindow_byClass_PASS3_details')">closeWindow()</a>
               </td>
               <td nowrap="true">17:43:46</td>
               <td nowrap="true" align="right">1s
                  
               </td>
               <td nowrap="true">
                   
                  
               </td>
            </tr>
            <tr>
               <td colspan="4" class="detailsBox">
                  <div id="tests.writeinXl_closeWindow_byClass_PASS3_details"
                       class="testMethodDetails">
                     <div>
                        <b>Name: </b>closeWindow
                     </div>
                     <div>
                        <b>Signature: </b>closeWindow()[pri:0, instance:tests.writeinXl@233fe9b6]
                     </div>
                     <div>
                        <b>Start time: </b>17:43:46
                     </div>
                     <div>
                        <b>End time: </b>17:43:47
                     </div>
                     <div>
                        <b>Duration: </b>1s
                        
                     </div>
                  </div>
               </td>
            </tr>
            <tr></tr>
         </table>
         <br></br>
      </div>
      <div style="margin-top: 15px; color: gray; text-align: center; font-size: 9px;">
         Generated with
         
         <a href="http://code.google.com/p/testng-xslt/" style="color: #8888aa;"
            target="_blank">
            TestNG XSLT
            
         </a>
      </div>
   </body>
</html>