<?xml version="1.0" encoding="UTF-8"?>
<!-- Generated by org.testng.reporters.JUnitXMLReporter -->
<testsuite hostname="DESKTOP-5TRQ2HB" ignored="7" name="Test in Chrome" tests="2" failures="2" timestamp="10 Jun 2019 20:06:04 GMT" time="0.029" errors="0">
  <testcase name="expedia" time="0.014" classname="tests.VerifyallFooterlinksDisplayedasRequirements">
    <failure type="java.lang.NullPointerException">
      <![CDATA[java.lang.NullPointerException
	at utils.WebDriverFunctions.linkTextsVis(WebDriverFunctions.java:103)
	at tests.VerifyallFooterlinksDisplayedasRequirements.expedia(VerifyallFooterlinksDisplayedasRequirements.java:16)
... Removed 25 stack frames]]>
    </failure>
  </testcase> <!-- expedia -->
  <testcase name="expediaLinksFooterLinktexts" time="0.001" classname="tests.VerifyallFooterlinksDisplayedasRequirements">
    <failure type="java.lang.NullPointerException">
      <![CDATA[java.lang.NullPointerException
	at utils.WebDriverFunctions.linkTextsVis(WebDriverFunctions.java:103)
	at tests.VerifyallFooterlinksDisplayedasRequirements.expediaLinksFooterLinktexts(VerifyallFooterlinksDisplayedasRequirements.java:55)
... Removed 25 stack frames]]>
    </failure>
  </testcase> <!-- expediaLinksFooterLinktexts -->
  <testcase name="expediaGlobalSitesFooterLinkTexts" time="0.0" classname="tests.VerifyallFooterlinksDisplayedasRequirements">
    <ignored/>
  </testcase> <!-- expediaGlobalSitesFooterLinkTexts -->
  <testcase name="expediaEndTextAfterLinkTexts" time="0.0" classname="tests.VerifyallFooterlinksDisplayedasRequirements">
    <ignored/>
  </testcase> <!-- expediaEndTextAfterLinkTexts -->
  <testcase name="expediaRewardsFooterLinkTexts" time="0.0" classname="tests.VerifyallFooterlinksDisplayedasRequirements">
    <ignored/>
  </testcase> <!-- expediaRewardsFooterLinkTexts -->
  <testcase name="expediaFooterLinkTexts" time="0.0" classname="tests.VerifyallFooterlinksDisplayedasRequirements">
    <ignored/>
  </testcase> <!-- expediaFooterLinkTexts -->
  <testcase name="expediaPartnerServicesFooterLinkTexts" time="0.0" classname="tests.VerifyallFooterlinksDisplayedasRequirements">
    <ignored/>
  </testcase> <!-- expediaPartnerServicesFooterLinkTexts -->
  <testcase name="expediaSitemapsFooterLinkTexts" time="0.0" classname="tests.VerifyallFooterlinksDisplayedasRequirements">
    <ignored/>
  </testcase> <!-- expediaSitemapsFooterLinkTexts -->
  <testcase name="expediaPartnersFooterLinktexts" time="0.0" classname="tests.VerifyallFooterlinksDisplayedasRequirements">
    <ignored/>
  </testcase> <!-- expediaPartnersFooterLinktexts -->
</testsuite> <!-- Test in Chrome -->
