<?xml version="1.0" encoding="UTF-8"?>
<!-- Generated by org.testng.reporters.JUnitXMLReporter -->
<testsuite hostname="DESKTOP-5TRQ2HB" name="Test" tests="17" failures="1" timestamp="1 Jun 2019 18:13:41 GMT" time="310.088" errors="0">
  <testcase name="headerTabsClickability" time="29.521" classname="tests.VerifyHeaderTabsTakeUsertotheRightPage"/>
  <testcase name="carReservation" time="31.176" classname="tests.BookingaDesiredCar_Major_Functionality"/>
  <testcase name="expediaLogo" time="0.039" classname="tests.VerifyExpediaLogoandQRCodeDisplayedonTheHomePage"/>
  <testcase name="scanQRCode" time="0.046" classname="tests.VerifyExpediaLogoandQRCodeDisplayedonTheHomePage"/>
  <testcase name="thingstoDo" time="44.379" classname="tests.SearchThingstoDobyDestination"/>
  <testcase name="expediaMainPageScrollBar" time="3.009" classname="tests.VerifyHomePageScrollBarMovesAlltheWayBottomofthePage"/>
  <testcase name="testWriteinxl" time="0.317" classname="tests.writeinXl"/>
  <testcase name="subHeaderTabs" time="2.195" classname="tests.VerifySubHeaderTabsTakeUsertotheRightPage">
    <skipped/>
  </testcase> <!-- subHeaderTabs -->
  <testcase name="usingrighturl" time="0.015" classname="tests.VerifyUserUsedRightUrl"/>
  <testcase name="userLandedontherightpage" time="0.949" classname="tests.VerifyUserLandedontheRightPage"/>
  <testcase name="trycathch" time="0.097" classname="tests.PracticeAssertisbeingFailedIntentianllytoSeeapictureintheXLSTReport">
    <failure type="java.lang.AssertionError" message="expected [Up to 30% hotel discounts] but found [Up to 30% hotel discounts for app users]">
      <![CDATA[java.lang.AssertionError: expected [Up to 30% hotel discounts] but found [Up to 30% hotel discounts for app users]
	at tests.PracticeAssertisbeingFailedIntentianllytoSeeapictureintheXLSTReport.trycathch(PracticeAssertisbeingFailedIntentianllytoSeeapictureintheXLSTReport.java:28)
... Removed 29 stack frames]]>
    </failure>
  </testcase> <!-- trycathch -->
  <testcase name="signInAccount" time="7.072" classname="tests.SigninwithValidCredentials"/>
  <testcase name="textMessageReceive" time="1.689" classname="tests.ConfirmUserReceivedLinktexttoDownloadExpediaApp"/>
  <testcase name="accountHeader" time="3.603" classname="tests.CreateAnAccountWithExpedia"/>
  <testcase name="testReadFromXl" time="2.577" classname="tests.ReadFromXl"/>
  <testcase name="flights" time="3.78" classname="tests.SubHeaderFlights"/>
  <testcase name="pictureCapture" time="0.953" classname="tests.Screenshots"/>
</testsuite> <!-- Test -->
