<?xml version="1.0" encoding="UTF-8"?>
<!-- Generated by org.testng.reporters.JUnitXMLReporter -->
<testsuite hostname="DESKTOP-5TRQ2HB" name="tests" tests="12" failures="0" timestamp="31 May 2019 08:25:20 GMT" time="116.39" errors="0">
  <testcase name="userLandedontherightpage" time="0.019" classname="tests.VerifyUserLandedontheRightPage"/>
  <testcase name="testReadFromXl" time="2.027" classname="tests.ReadFromXl"/>
  <testcase name="expedia" time="0.074" classname="tests.VerifyallFooterlinksDisplayedasRequirements"/>
  <testcase name="expediaFooterLinkTexts" time="0.474" classname="tests.VerifyallFooterlinksDisplayedasRequirements"/>
  <testcase name="expediaRewardsFooterLinkTexts" time="0.313" classname="tests.VerifyallFooterlinksDisplayedasRequirements"/>
  <testcase name="expediaLinksFooterLinktexts" time="0.312" classname="tests.VerifyallFooterlinksDisplayedasRequirements"/>
  <testcase name="expediaSitemapsFooterLinkTexts" time="0.337" classname="tests.VerifyallFooterlinksDisplayedasRequirements"/>
  <testcase name="expediaPartnerServicesFooterLinkTexts" time="0.536" classname="tests.VerifyallFooterlinksDisplayedasRequirements"/>
  <testcase name="expediaGlobalSitesFooterLinkTexts" time="1.703" classname="tests.VerifyallFooterlinksDisplayedasRequirements"/>
  <testcase name="expediaPartnersFooterLinktexts" time="0.577" classname="tests.VerifyallFooterlinksDisplayedasRequirements"/>
  <testcase name="expediaEndTextAfterLinkTexts" time="0.069" classname="tests.VerifyallFooterlinksDisplayedasRequirements"/>
  <testcase name="accountHeader" time="3.488" classname="tests.CreateAnAccountWithExpedia"/>
</testsuite> <!-- tests -->
