<?xml version="1.0" encoding="UTF-8"?>
<!-- Generated by org.testng.reporters.JUnitXMLReporter -->
<testsuite hostname="DESKTOP-5TRQ2HB" name="Test" tests="32" failures="23" timestamp="17 May 2019 05:42:35 GMT" time="46.069" errors="0">
  <testcase name="mobile" time="1.797" classname="tests.HeaderTabsTests"/>
  <testcase name="flights" time="5.718" classname="tests.HeaderTabsTests"/>
  <testcase name="thingsToDo" time="2.444" classname="tests.HeaderTabsTests"/>
  <testcase name="deals" time="3.9" classname="tests.HeaderTabsTests"/>
  <testcase name="hotels" time="6.277" classname="tests.HeaderTabsTests"/>
  <testcase name="bundleAndSave" time="5.784" classname="tests.HeaderTabsTests"/>
  <testcase name="cruises" time="4.434" classname="tests.HeaderTabsTests"/>
  <testcase name="cars" time="4.17" classname="tests.HeaderTabsTests"/>
  <testcase name="flights" time="0.003" classname="tests.Flights">
    <failure type="java.lang.NullPointerException">
      <![CDATA[java.lang.NullPointerException
	at tests.Flights.flights(Flights.java:16)
... Removed 24 stack frames]]>
    </failure>
  </testcase> <!-- flights -->
  <testcase name="onwy" time="0.003" classname="tests.Flights">
    <failure type="java.lang.NullPointerException">
      <![CDATA[java.lang.NullPointerException
	at tests.Flights.onwy(Flights.java:27)
... Removed 24 stack frames]]>
    </failure>
  </testcase> <!-- onwy -->
  <testcase name="mltCities" time="0.0" classname="tests.Flights">
    <failure type="java.lang.NullPointerException">
      <![CDATA[java.lang.NullPointerException
	at tests.Flights.mltCities(Flights.java:32)
... Removed 24 stack frames]]>
    </failure>
  </testcase> <!-- mltCities -->
  <testcase name="rTrip" time="0.0" classname="tests.Flights">
    <skipped/>
  </testcase> <!-- rTrip -->
  <testcase name="alertMessage" time="0.0" classname="tests.AlertMessage">
    <failure type="java.lang.NullPointerException">
      <![CDATA[java.lang.NullPointerException
	at tests.AlertMessage.alertMessage(AlertMessage.java:18)
... Removed 24 stack frames]]>
    </failure>
  </testcase> <!-- alertMessage -->
  <testcase name="expedia" time="0.002" classname="tests.PageFooterLinktextsVisibility">
    <failure type="java.lang.NullPointerException">
      <![CDATA[java.lang.NullPointerException
	at Utils.WebDriverFunctions.linkTextsVis(WebDriverFunctions.java:103)
	at tests.PageFooterLinktextsVisibility.expedia(PageFooterLinktextsVisibility.java:16)
... Removed 24 stack frames]]>
    </failure>
  </testcase> <!-- expedia -->
  <testcase name="expediaFooterLinkTexts" time="0.002" classname="tests.PageFooterLinktextsVisibility">
    <failure type="java.lang.NullPointerException">
      <![CDATA[java.lang.NullPointerException
	at tests.PageFooterLinktextsVisibility.expediaFooterLinkTexts(PageFooterLinktextsVisibility.java:34)
... Removed 24 stack frames]]>
    </failure>
  </testcase> <!-- expediaFooterLinkTexts -->
  <testcase name="expediaRewardsFooterLinkTexts" time="0.002" classname="tests.PageFooterLinktextsVisibility">
    <failure type="java.lang.NullPointerException">
      <![CDATA[java.lang.NullPointerException
	at Utils.WebDriverFunctions.linkTextsVis(WebDriverFunctions.java:103)
	at tests.PageFooterLinktextsVisibility.expediaRewardsFooterLinkTexts(PageFooterLinktextsVisibility.java:41)
... Removed 24 stack frames]]>
    </failure>
  </testcase> <!-- expediaRewardsFooterLinkTexts -->
  <testcase name="expediaLinksFooterLinktexts" time="0.002" classname="tests.PageFooterLinktextsVisibility">
    <failure type="java.lang.NullPointerException">
      <![CDATA[java.lang.NullPointerException
	at Utils.WebDriverFunctions.linkTextsVis(WebDriverFunctions.java:103)
	at tests.PageFooterLinktextsVisibility.expediaLinksFooterLinktexts(PageFooterLinktextsVisibility.java:55)
... Removed 24 stack frames]]>
    </failure>
  </testcase> <!-- expediaLinksFooterLinktexts -->
  <testcase name="expediaSitemapsFooterLinkTexts" time="0.007" classname="tests.PageFooterLinktextsVisibility">
    <failure type="java.lang.NullPointerException">
      <![CDATA[java.lang.NullPointerException
	at Utils.WebDriverFunctions.linkTextsVis(WebDriverFunctions.java:103)
	at tests.PageFooterLinktextsVisibility.expediaSitemapsFooterLinkTexts(PageFooterLinktextsVisibility.java:69)
... Removed 24 stack frames]]>
    </failure>
  </testcase> <!-- expediaSitemapsFooterLinkTexts -->
  <testcase name="expediaPartnerServicesFooterLinkTexts" time="0.004" classname="tests.PageFooterLinktextsVisibility">
    <failure type="java.lang.NullPointerException">
      <![CDATA[java.lang.NullPointerException
	at Utils.WebDriverFunctions.linkTextsVis(WebDriverFunctions.java:103)
	at tests.PageFooterLinktextsVisibility.expediaPartnerServicesFooterLinkTexts(PageFooterLinktextsVisibility.java:82)
... Removed 24 stack frames]]>
    </failure>
  </testcase> <!-- expediaPartnerServicesFooterLinkTexts -->
  <testcase name="expediaGlobalSitesFooterLinkTexts" time="0.004" classname="tests.PageFooterLinktextsVisibility">
    <failure type="java.lang.NullPointerException">
      <![CDATA[java.lang.NullPointerException
	at Utils.WebDriverFunctions.linkTextsVis(WebDriverFunctions.java:103)
	at tests.PageFooterLinktextsVisibility.expediaGlobalSitesFooterLinkTexts(PageFooterLinktextsVisibility.java:96)
... Removed 24 stack frames]]>
    </failure>
  </testcase> <!-- expediaGlobalSitesFooterLinkTexts -->
  <testcase name="expediaPartnersFooterLinktexts" time="0.001" classname="tests.PageFooterLinktextsVisibility">
    <failure type="java.lang.NullPointerException">
      <![CDATA[java.lang.NullPointerException
	at Utils.WebDriverFunctions.linkTextsVis(WebDriverFunctions.java:103)
	at tests.PageFooterLinktextsVisibility.expediaPartnersFooterLinktexts(PageFooterLinktextsVisibility.java:110)
... Removed 24 stack frames]]>
    </failure>
  </testcase> <!-- expediaPartnersFooterLinktexts -->
  <testcase name="expediaEndTextAfterLinkTexts" time="0.0" classname="tests.PageFooterLinktextsVisibility">
    <failure type="java.lang.NullPointerException">
      <![CDATA[java.lang.NullPointerException
	at Utils.WebDriverFunctions.linkTextsVis(WebDriverFunctions.java:103)
	at tests.PageFooterLinktextsVisibility.expediaEndTextAfterLinkTexts(PageFooterLinktextsVisibility.java:122)
... Removed 24 stack frames]]>
    </failure>
  </testcase> <!-- expediaEndTextAfterLinkTexts -->
  <testcase name="Cruises" time="0.002" classname="tests.SubHeaderTabsTest">
    <failure type="java.lang.NullPointerException">
      <![CDATA[java.lang.NullPointerException
	at tests.SubHeaderTabsTest.Cruises(SubHeaderTabsTest.java:35)
... Removed 24 stack frames]]>
    </failure>
  </testcase> <!-- Cruises -->
  <testcase name="bundleAndSave" time="0.002" classname="tests.SubHeaderTabsTest">
    <failure type="java.lang.NullPointerException">
      <![CDATA[java.lang.NullPointerException
	at tests.SubHeaderTabsTest.bundleAndSave(SubHeaderTabsTest.java:25)
... Removed 24 stack frames]]>
    </failure>
  </testcase> <!-- bundleAndSave -->
  <testcase name="cars" time="0.001" classname="tests.SubHeaderTabsTest">
    <failure type="java.lang.NullPointerException">
      <![CDATA[java.lang.NullPointerException
	at tests.SubHeaderTabsTest.cars(SubHeaderTabsTest.java:30)
... Removed 24 stack frames]]>
    </failure>
  </testcase> <!-- cars -->
  <testcase name="flights" time="0.002" classname="tests.SubHeaderTabsTest">
    <failure type="java.lang.NullPointerException">
      <![CDATA[java.lang.NullPointerException
	at tests.SubHeaderTabsTest.flights(SubHeaderTabsTest.java:15)
... Removed 24 stack frames]]>
    </failure>
  </testcase> <!-- flights -->
  <testcase name="hotes" time="0.001" classname="tests.SubHeaderTabsTest">
    <failure type="java.lang.NullPointerException">
      <![CDATA[java.lang.NullPointerException
	at tests.SubHeaderTabsTest.hotes(SubHeaderTabsTest.java:20)
... Removed 24 stack frames]]>
    </failure>
  </testcase> <!-- hotes -->
  <testcase name="vacation" time="0.001" classname="tests.SubHeaderTabsTest">
    <failure type="java.lang.NullPointerException">
      <![CDATA[java.lang.NullPointerException
	at tests.SubHeaderTabsTest.vacation(SubHeaderTabsTest.java:40)
... Removed 24 stack frames]]>
    </failure>
  </testcase> <!-- vacation -->
  <testcase name="createAccountHeader" time="0.001" classname="tests.CreateAnAccount">
    <failure type="java.lang.NullPointerException">
      <![CDATA[java.lang.NullPointerException
	at Utils.WebDriverFunctions.clickById(WebDriverFunctions.java:70)
	at tests.CreateAnAccount.createAccountHeader(CreateAnAccount.java:16)
... Removed 24 stack frames]]>
    </failure>
  </testcase> <!-- createAccountHeader -->
  <testcase name="creatAnAccountFromDropDown" time="0.0" classname="tests.CreateAnAccount">
    <failure type="java.lang.NullPointerException">
      <![CDATA[java.lang.NullPointerException
	at Utils.WebDriverFunctions.clickById(WebDriverFunctions.java:70)
	at tests.CreateAnAccount.creatAnAccountFromDropDown(CreateAnAccount.java:21)
... Removed 24 stack frames]]>
    </failure>
  </testcase> <!-- creatAnAccountFromDropDown -->
  <testcase name="info" time="0.003" classname="tests.CreateAnAccount">
    <failure type="java.lang.NullPointerException">
      <![CDATA[java.lang.NullPointerException
	at Utils.WebDriverFunctions.typeById(WebDriverFunctions.java:41)
	at tests.CreateAnAccount.info(CreateAnAccount.java:27)
... Removed 24 stack frames]]>
    </failure>
  </testcase> <!-- info -->
  <testcase name="cAccSubmitButton" time="0.001" classname="tests.CreateAnAccount">
    <failure type="java.lang.NullPointerException">
      <![CDATA[java.lang.NullPointerException
	at Utils.WebDriverFunctions.clickById(WebDriverFunctions.java:70)
	at tests.CreateAnAccount.cAccSubmitButton(CreateAnAccount.java:38)
... Removed 24 stack frames]]>
    </failure>
  </testcase> <!-- cAccSubmitButton -->
</testsuite> <!-- Test -->
