<?xml version="1.0" encoding="UTF-8"?>
<!-- Generated by org.testng.reporters.JUnitXMLReporter -->
<testsuite hostname="DESKTOP-5TRQ2HB" name="Test in Chrome" tests="3" failures="1" timestamp="22 May 2019 01:37:01 GMT" time="33.504" errors="0">
  <testcase name="headerTabsClickability" time="19.113" classname="tests.HeaderTabsTests"/>
  <testcase name="mobile" time="2.018" classname="tests.HeaderTabsTests">
    <skipped/>
  </testcase> <!-- mobile -->
  <testcase name="signInAccount" time="0.001" classname="tests.UserisAbletoSigninwithValidCredentials">
    <failure type="java.lang.NullPointerException">
      <![CDATA[java.lang.NullPointerException
	at Utils.WebDriverFunctions.clickById(WebDriverFunctions.java:70)
	at tests.UserisAbletoSigninwithValidCredentials.signInAccount(UserisAbletoSigninwithValidCredentials.java:19)
... Removed 24 stack frames]]>
    </failure>
  </testcase> <!-- signInAccount -->
</testsuite> <!-- Test in Chrome -->
