<?xml version="1.0" encoding="UTF-8"?>
<testng-results skipped="0" failed="0" ignored="0" total="1" passed="1">
  <reporter-output>
  </reporter-output>
  <suite name="Default suite" duration-ms="12114" started-at="2019-06-11T04:13:34Z" finished-at="2019-06-11T04:13:46Z">
    <groups>
    </groups>
    <test name="Default test" duration-ms="12114" started-at="2019-06-11T04:13:34Z" finished-at="2019-06-11T04:13:46Z">
      <class name="tests.writeinXl">
        <test-method status="PASS" signature="beforeTestStart()[pri:0, instance:tests.writeinXl@1ddf84b8]" name="beforeTestStart" is-config="true" duration-ms="11281" started-at="2019-06-11T00:13:34Z" finished-at="2019-06-11T00:13:46Z">
          <reporter-output>
          </reporter-output>
        </test-method> <!-- beforeTestStart -->
        <test-method status="PASS" signature="testWriteinxl()[pri:0, instance:tests.writeinXl@1ddf84b8]" name="testWriteinxl" duration-ms="632" started-at="2019-06-11T00:13:46Z" finished-at="2019-06-11T00:13:46Z">
          <reporter-output>
          </reporter-output>
        </test-method> <!-- testWriteinxl -->
        <test-method status="PASS" signature="closewindow()[pri:0, instance:tests.writeinXl@1ddf84b8]" name="closewindow" is-config="true" duration-ms="184" started-at="2019-06-11T00:13:46Z" finished-at="2019-06-11T00:13:46Z">
          <reporter-output>
          </reporter-output>
        </test-method> <!-- closewindow -->
      </class> <!-- tests.writeinXl -->
    </test> <!-- Default test -->
  </suite> <!-- Default suite -->
</testng-results>
