<?xml version="1.0" encoding="UTF-8"?>
<testng-results skipped="0" failed="0" total="9" passed="9">
  <reporter-output>
  </reporter-output>
  <suite name="Default suite" duration-ms="19747" started-at="2019-05-17T05:31:47Z" finished-at="2019-05-17T05:32:07Z">
    <groups>
    </groups>
    <test name="Default test" duration-ms="19747" started-at="2019-05-17T05:31:47Z" finished-at="2019-05-17T05:32:07Z">
      <class name="tests.PageFooterLinktextsVisibility">
        <test-method status="PASS" signature="beforeTestStart()[pri:0, instance:tests.PageFooterLinktextsVisibility@735b5592]" name="beforeTestStart" is-config="true" duration-ms="10107" started-at="2019-05-17T01:31:47Z" finished-at="2019-05-17T01:31:57Z">
          <reporter-output>
          </reporter-output>
        </test-method> <!-- beforeTestStart -->
        <test-method status="PASS" signature="expedia()[pri:1, instance:tests.PageFooterLinktextsVisibility@735b5592]" name="expedia" duration-ms="107" started-at="2019-05-17T01:31:57Z" finished-at="2019-05-17T01:31:57Z">
          <reporter-output>
          </reporter-output>
        </test-method> <!-- expedia -->
        <test-method status="PASS" signature="expediaFooterLinkTexts()[pri:2, instance:tests.PageFooterLinktextsVisibility@735b5592]" name="expediaFooterLinkTexts" duration-ms="750" started-at="2019-05-17T01:31:57Z" finished-at="2019-05-17T01:31:58Z">
          <reporter-output>
          </reporter-output>
        </test-method> <!-- expediaFooterLinkTexts -->
        <test-method status="PASS" signature="expediaRewardsFooterLinkTexts()[pri:3, instance:tests.PageFooterLinktextsVisibility@735b5592]" name="expediaRewardsFooterLinkTexts" duration-ms="576" started-at="2019-05-17T01:31:58Z" finished-at="2019-05-17T01:31:59Z">
          <reporter-output>
          </reporter-output>
        </test-method> <!-- expediaRewardsFooterLinkTexts -->
        <test-method status="PASS" signature="expediaLinksFooterLinktexts()[pri:4, instance:tests.PageFooterLinktextsVisibility@735b5592]" name="expediaLinksFooterLinktexts" duration-ms="473" started-at="2019-05-17T01:31:59Z" finished-at="2019-05-17T01:31:59Z">
          <reporter-output>
          </reporter-output>
        </test-method> <!-- expediaLinksFooterLinktexts -->
        <test-method status="PASS" signature="expediaSitemapsFooterLinkTexts()[pri:5, instance:tests.PageFooterLinktextsVisibility@735b5592]" name="expediaSitemapsFooterLinkTexts" duration-ms="675" started-at="2019-05-17T01:31:59Z" finished-at="2019-05-17T01:32:00Z">
          <reporter-output>
          </reporter-output>
        </test-method> <!-- expediaSitemapsFooterLinkTexts -->
        <test-method status="PASS" signature="expediaPartnerServicesFooterLinkTexts()[pri:6, instance:tests.PageFooterLinktextsVisibility@735b5592]" name="expediaPartnerServicesFooterLinkTexts" duration-ms="1355" started-at="2019-05-17T01:32:00Z" finished-at="2019-05-17T01:32:01Z">
          <reporter-output>
          </reporter-output>
        </test-method> <!-- expediaPartnerServicesFooterLinkTexts -->
        <test-method status="PASS" signature="expediaGlobalSitesFooterLinkTexts()[pri:7, instance:tests.PageFooterLinktextsVisibility@735b5592]" name="expediaGlobalSitesFooterLinkTexts" duration-ms="3545" started-at="2019-05-17T01:32:01Z" finished-at="2019-05-17T01:32:05Z">
          <reporter-output>
          </reporter-output>
        </test-method> <!-- expediaGlobalSitesFooterLinkTexts -->
        <test-method status="PASS" signature="expediaPartnersFooterLinktexts()[pri:8, instance:tests.PageFooterLinktextsVisibility@735b5592]" name="expediaPartnersFooterLinktexts" duration-ms="1779" started-at="2019-05-17T01:32:05Z" finished-at="2019-05-17T01:32:06Z">
          <reporter-output>
          </reporter-output>
        </test-method> <!-- expediaPartnersFooterLinktexts -->
        <test-method status="PASS" signature="expediaEndTextAfterLinkTexts()[pri:9, instance:tests.PageFooterLinktextsVisibility@735b5592]" name="expediaEndTextAfterLinkTexts" duration-ms="125" started-at="2019-05-17T01:32:06Z" finished-at="2019-05-17T01:32:07Z">
          <reporter-output>
          </reporter-output>
        </test-method> <!-- expediaEndTextAfterLinkTexts -->
        <test-method status="PASS" signature="closewindow()[pri:0, instance:tests.PageFooterLinktextsVisibility@735b5592]" name="closewindow" is-config="true" duration-ms="220" started-at="2019-05-17T01:32:07Z" finished-at="2019-05-17T01:32:07Z">
          <reporter-output>
          </reporter-output>
        </test-method> <!-- closewindow -->
      </class> <!-- tests.PageFooterLinktextsVisibility -->
    </test> <!-- Default test -->
  </suite> <!-- Default suite -->
</testng-results>
