<?xml version="1.0" encoding="UTF-8"?>
<testng-results skipped="0" failed="0" ignored="0" total="1" passed="1">
  <reporter-output>
  </reporter-output>
  <suite name="Individual Test run" duration-ms="11347" started-at="2019-06-29T05:21:28Z" finished-at="2019-06-29T05:21:40Z">
    <groups>
    </groups>
    <test name="Test in Chrome" duration-ms="11347" started-at="2019-06-29T05:21:28Z" finished-at="2019-06-29T05:21:40Z">
      <class name="tests.TryCatchPractice">
        <test-method status="PASS" signature="beforeTestStart(java.lang.String)[pri:0, instance:tests.TryCatchPractice@46d56d67]" name="beforeTestStart" is-config="true" duration-ms="10985" started-at="2019-06-29T01:21:28Z" finished-at="2019-06-29T01:21:39Z">
          <params>
            <param index="0">
              <value>
                <![CDATA[ch]]>
              </value>
            </param>
          </params>
          <reporter-output>
          </reporter-output>
        </test-method> <!-- beforeTestStart -->
        <test-method status="PASS" signature="tryCatchPractice()[pri:0, instance:tests.TryCatchPractice@46d56d67]" name="tryCatchPractice" duration-ms="151" started-at="2019-06-29T01:21:39Z" finished-at="2019-06-29T01:21:39Z">
          <reporter-output>
          </reporter-output>
        </test-method> <!-- tryCatchPractice -->
        <test-method status="PASS" signature="closeWindow()[pri:0, instance:tests.TryCatchPractice@46d56d67]" name="closeWindow" is-config="true" duration-ms="197" started-at="2019-06-29T01:21:39Z" finished-at="2019-06-29T01:21:40Z">
          <reporter-output>
          </reporter-output>
        </test-method> <!-- closeWindow -->
      </class> <!-- tests.TryCatchPractice -->
    </test> <!-- Test in Chrome -->
  </suite> <!-- Individual Test run -->
</testng-results>
