<?xml version="1.0" encoding="UTF-8"?>
<testng-results skipped="0" failed="0" total="8" passed="8">
  <reporter-output>
  </reporter-output>
  <suite name="crossbrowserTest" duration-ms="26836" started-at="2019-05-23T05:08:14Z" finished-at="2019-05-23T05:08:41Z">
    <groups>
    </groups>
    <test name="Test in Firefox" duration-ms="14773" started-at="2019-05-23T05:08:14Z" finished-at="2019-05-23T05:08:29Z">
      <class name="tests.CreateAnAccount">
        <test-method status="PASS" signature="beforeTestStart()[pri:0, instance:tests.CreateAnAccount@50cbc42f]" name="beforeTestStart" is-config="true" duration-ms="10191" started-at="2019-05-23T01:08:14Z" finished-at="2019-05-23T01:08:24Z">
          <reporter-output>
          </reporter-output>
        </test-method> <!-- beforeTestStart -->
        <test-method status="PASS" signature="accountHeader()[pri:1, instance:tests.CreateAnAccount@50cbc42f]" name="accountHeader" duration-ms="170" started-at="2019-05-23T01:08:24Z" finished-at="2019-05-23T01:08:24Z">
          <reporter-output>
          </reporter-output>
        </test-method> <!-- accountHeader -->
        <test-method status="PASS" signature="creatAnAccountFromDropDown()[pri:2, instance:tests.CreateAnAccount@50cbc42f]" name="creatAnAccountFromDropDown" duration-ms="164" started-at="2019-05-23T01:08:24Z" finished-at="2019-05-23T01:08:24Z">
          <reporter-output>
          </reporter-output>
        </test-method> <!-- creatAnAccountFromDropDown -->
        <test-method status="PASS" signature="info()[pri:3, instance:tests.CreateAnAccount@50cbc42f]" name="info" duration-ms="3751" started-at="2019-05-23T01:08:24Z" finished-at="2019-05-23T01:08:28Z">
          <reporter-output>
          </reporter-output>
        </test-method> <!-- info -->
        <test-method status="PASS" signature="cAccSubmitButton()[pri:4, instance:tests.CreateAnAccount@50cbc42f]" name="cAccSubmitButton" duration-ms="280" started-at="2019-05-23T01:08:28Z" finished-at="2019-05-23T01:08:28Z">
          <reporter-output>
          </reporter-output>
        </test-method> <!-- cAccSubmitButton -->
        <test-method status="PASS" signature="closewindow()[pri:0, instance:tests.CreateAnAccount@50cbc42f]" name="closewindow" is-config="true" duration-ms="205" started-at="2019-05-23T01:08:28Z" finished-at="2019-05-23T01:08:29Z">
          <reporter-output>
          </reporter-output>
        </test-method> <!-- closewindow -->
      </class> <!-- tests.CreateAnAccount -->
    </test> <!-- Test in Firefox -->
    <test name="Test in Chrome" duration-ms="12000" started-at="2019-05-23T05:08:29Z" finished-at="2019-05-23T05:08:41Z">
      <class name="tests.CreateAnAccount">
        <test-method status="PASS" signature="beforeTestStart()[pri:0, instance:tests.CreateAnAccount@233c0b17]" name="beforeTestStart" is-config="true" duration-ms="8601" started-at="2019-05-23T01:08:29Z" finished-at="2019-05-23T01:08:37Z">
          <reporter-output>
          </reporter-output>
        </test-method> <!-- beforeTestStart -->
        <test-method status="PASS" signature="accountHeader()[pri:1, instance:tests.CreateAnAccount@233c0b17]" name="accountHeader" duration-ms="189" started-at="2019-05-23T01:08:37Z" finished-at="2019-05-23T01:08:37Z">
          <reporter-output>
          </reporter-output>
        </test-method> <!-- accountHeader -->
        <test-method status="PASS" signature="creatAnAccountFromDropDown()[pri:2, instance:tests.CreateAnAccount@233c0b17]" name="creatAnAccountFromDropDown" duration-ms="167" started-at="2019-05-23T01:08:37Z" finished-at="2019-05-23T01:08:38Z">
          <reporter-output>
          </reporter-output>
        </test-method> <!-- creatAnAccountFromDropDown -->
        <test-method status="PASS" signature="info()[pri:3, instance:tests.CreateAnAccount@233c0b17]" name="info" duration-ms="2755" started-at="2019-05-23T01:08:38Z" finished-at="2019-05-23T01:08:40Z">
          <reporter-output>
          </reporter-output>
        </test-method> <!-- info -->
        <test-method status="PASS" signature="cAccSubmitButton()[pri:4, instance:tests.CreateAnAccount@233c0b17]" name="cAccSubmitButton" duration-ms="140" started-at="2019-05-23T01:08:40Z" finished-at="2019-05-23T01:08:41Z">
          <reporter-output>
          </reporter-output>
        </test-method> <!-- cAccSubmitButton -->
        <test-method status="PASS" signature="closewindow()[pri:0, instance:tests.CreateAnAccount@233c0b17]" name="closewindow" is-config="true" duration-ms="145" started-at="2019-05-23T01:08:41Z" finished-at="2019-05-23T01:08:41Z">
          <reporter-output>
          </reporter-output>
        </test-method> <!-- closewindow -->
      </class> <!-- tests.CreateAnAccount -->
    </test> <!-- Test in Chrome -->
  </suite> <!-- crossbrowserTest -->
</testng-results>
