<?xml version="1.0" encoding="UTF-8"?>
<testng-results skipped="0" failed="0" ignored="0" total="1" passed="1">
  <reporter-output>
  </reporter-output>
  <suite name="Default suite" duration-ms="15003" started-at="2019-06-01T18:34:16Z" finished-at="2019-06-01T18:34:31Z">
    <groups>
    </groups>
    <test name="Default test" duration-ms="15003" started-at="2019-06-01T18:34:16Z" finished-at="2019-06-01T18:34:31Z">
      <class name="tests.SigninwithValidCredentials">
        <test-method status="PASS" signature="beforeTestStart()[pri:0, instance:tests.SigninwithValidCredentials@475530b9]" name="beforeTestStart" is-config="true" duration-ms="7553" started-at="2019-06-01T14:34:16Z" finished-at="2019-06-01T14:34:24Z">
          <reporter-output>
          </reporter-output>
        </test-method> <!-- beforeTestStart -->
        <test-method status="PASS" signature="signInAccount()[pri:0, instance:tests.SigninwithValidCredentials@475530b9]" name="signInAccount" duration-ms="7246" started-at="2019-06-01T14:34:24Z" finished-at="2019-06-01T14:34:31Z">
          <reporter-output>
          </reporter-output>
        </test-method> <!-- signInAccount -->
        <test-method status="PASS" signature="closewindow()[pri:0, instance:tests.SigninwithValidCredentials@475530b9]" name="closewindow" is-config="true" duration-ms="189" started-at="2019-06-01T14:34:31Z" finished-at="2019-06-01T14:34:31Z">
          <reporter-output>
          </reporter-output>
        </test-method> <!-- closewindow -->
      </class> <!-- tests.SigninwithValidCredentials -->
    </test> <!-- Default test -->
  </suite> <!-- Default suite -->
</testng-results>
